{"C:\\Dev\\Noor-CBT\\server\\ai-safety.ts": {"path":"C:\\Dev\\Noor-CBT\\server\\ai-safety.ts","statementMap":{"0":{"start":{"line":63,"column":0},"end":{"line":63,"column":16}},"1":{"start":{"line":246,"column":0},"end":{"line":246,"column":16}},"2":{"start":{"line":330,"column":0},"end":{"line":330,"column":16}},"3":{"start":{"line":360,"column":0},"end":{"line":360,"column":16}},"4":{"start":{"line":596,"column":0},"end":{"line":596,"column":16}},"5":{"start":{"line":617,"column":0},"end":{"line":617,"column":16}},"6":{"start":{"line":633,"column":0},"end":{"line":633,"column":16}},"7":{"start":{"line":660,"column":0},"end":{"line":660,"column":16}},"8":{"start":{"line":9,"column":0},"end":{"line":9,"column":28}},"9":{"start":{"line":25,"column":27},"end":{"line":39,"column":2}},"10":{"start":{"line":42,"column":24},"end":{"line":51,"column":2}},"11":{"start":{"line":54,"column":25},"end":{"line":61,"column":2}},"12":{"start":{"line":64,"column":20},"end":{"line":64,"column":38}},"13":{"start":{"line":65,"column":31},"end":{"line":65,"column":33}},"14":{"start":{"line":69,"column":27},"end":{"line":73,"column":4}},"15":{"start":{"line":75,"column":2},"end":{"line":90,"column":3}},"16":{"start":{"line":76,"column":4},"end":{"line":89,"column":5}},"17":{"start":{"line":79,"column":6},"end":{"line":88,"column":8}},"18":{"start":{"line":93,"column":27},"end":{"line":99,"column":4}},"19":{"start":{"line":94,"column":4},"end":{"line":97,"column":5}},"20":{"start":{"line":95,"column":6},"end":{"line":95,"column":58}},"21":{"start":{"line":96,"column":6},"end":{"line":96,"column":18}},"22":{"start":{"line":98,"column":4},"end":{"line":98,"column":17}},"23":{"start":{"line":101,"column":2},"end":{"line":110,"column":3}},"24":{"start":{"line":102,"column":4},"end":{"line":109,"column":6}},"25":{"start":{"line":113,"column":25},"end":{"line":119,"column":4}},"26":{"start":{"line":114,"column":4},"end":{"line":117,"column":5}},"27":{"start":{"line":115,"column":6},"end":{"line":115,"column":55}},"28":{"start":{"line":116,"column":6},"end":{"line":116,"column":18}},"29":{"start":{"line":118,"column":4},"end":{"line":118,"column":17}},"30":{"start":{"line":121,"column":2},"end":{"line":130,"column":3}},"31":{"start":{"line":122,"column":4},"end":{"line":129,"column":6}},"32":{"start":{"line":133,"column":26},"end":{"line":139,"column":4}},"33":{"start":{"line":134,"column":4},"end":{"line":137,"column":5}},"34":{"start":{"line":135,"column":6},"end":{"line":135,"column":59}},"35":{"start":{"line":136,"column":6},"end":{"line":136,"column":18}},"36":{"start":{"line":138,"column":4},"end":{"line":138,"column":17}},"37":{"start":{"line":141,"column":2},"end":{"line":150,"column":3}},"38":{"start":{"line":142,"column":4},"end":{"line":149,"column":6}},"39":{"start":{"line":152,"column":2},"end":{"line":158,"column":4}},"40":{"start":{"line":165,"column":13},"end":{"line":219,"column":2}},"41":{"start":{"line":226,"column":30},"end":{"line":244,"column":2}},"42":{"start":{"line":247,"column":20},"end":{"line":247,"column":38}},"43":{"start":{"line":250,"column":21},"end":{"line":251,"column":null}},"44":{"start":{"line":251,"column":4},"end":{"line":251,"column":31}},"45":{"start":{"line":256,"column":4},"end":{"line":259,"column":33}},"46":{"start":{"line":261,"column":4},"end":{"line":264,"column":29}},"47":{"start":{"line":266,"column":4},"end":{"line":269,"column":37}},"48":{"start":{"line":271,"column":2},"end":{"line":273,"column":3}},"49":{"start":{"line":272,"column":4},"end":{"line":272,"column":16}},"50":{"start":{"line":275,"column":2},"end":{"line":275,"column":20}},"51":{"start":{"line":278,"column":13},"end":{"line":287,"column":2}},"52":{"start":{"line":294,"column":33},"end":{"line":328,"column":2}},"53":{"start":{"line":334,"column":20},"end":{"line":334,"column":38}},"54":{"start":{"line":335,"column":31},"end":{"line":335,"column":33}},"55":{"start":{"line":337,"column":2},"end":{"line":341,"column":3}},"56":{"start":{"line":338,"column":4},"end":{"line":340,"column":5}},"57":{"start":{"line":339,"column":6},"end":{"line":339,"column":35}},"58":{"start":{"line":343,"column":2},"end":{"line":346,"column":4}},"59":{"start":{"line":367,"column":27},"end":{"line":367,"column":29}},"60":{"start":{"line":368,"column":58},"end":{"line":368,"column":64}},"61":{"start":{"line":371,"column":22},"end":{"line":371,"column":55}},"62":{"start":{"line":372,"column":2},"end":{"line":375,"column":3}},"63":{"start":{"line":373,"column":4},"end":{"line":373,"column":80}},"64":{"start":{"line":374,"column":4},"end":{"line":374,"column":26}},"65":{"start":{"line":378,"column":17},"end":{"line":378,"column":37}},"66":{"start":{"line":379,"column":2},"end":{"line":384,"column":3}},"67":{"start":{"line":380,"column":4},"end":{"line":382,"column":6}},"68":{"start":{"line":383,"column":4},"end":{"line":383,"column":26}},"69":{"start":{"line":387,"column":30},"end":{"line":395,"column":4}},"70":{"start":{"line":397,"column":23},"end":{"line":398,"column":null}},"71":{"start":{"line":398,"column":4},"end":{"line":398,"column":44}},"72":{"start":{"line":401,"column":2},"end":{"line":404,"column":3}},"73":{"start":{"line":402,"column":4},"end":{"line":402,"column":59}},"74":{"start":{"line":403,"column":4},"end":{"line":403,"column":26}},"75":{"start":{"line":407,"column":29},"end":{"line":417,"column":4}},"76":{"start":{"line":419,"column":24},"end":{"line":420,"column":null}},"77":{"start":{"line":420,"column":4},"end":{"line":420,"column":42}},"78":{"start":{"line":423,"column":2},"end":{"line":427,"column":3}},"79":{"start":{"line":424,"column":4},"end":{"line":424,"column":48}},"80":{"start":{"line":426,"column":4},"end":{"line":426,"column":26}},"81":{"start":{"line":430,"column":2},"end":{"line":433,"column":3}},"82":{"start":{"line":431,"column":4},"end":{"line":431,"column":53}},"83":{"start":{"line":432,"column":4},"end":{"line":432,"column":56}},"84":{"start":{"line":435,"column":2},"end":{"line":439,"column":4}},"85":{"start":{"line":465,"column":51},"end":{"line":465,"column":60}},"86":{"start":{"line":468,"column":16},"end":{"line":468,"column":28}},"87":{"start":{"line":469,"column":4},"end":{"line":471,"column":5}},"88":{"start":{"line":470,"column":6},"end":{"line":470,"column":33}},"89":{"start":{"line":472,"column":4},"end":{"line":472,"column":42}},"90":{"start":{"line":476,"column":21},"end":{"line":476,"column":50}},"91":{"start":{"line":477,"column":4},"end":{"line":477,"column":50}},"92":{"start":{"line":477,"column":32},"end":{"line":477,"column":40}},"93":{"start":{"line":481,"column":21},"end":{"line":481,"column":50}},"94":{"start":{"line":484,"column":4},"end":{"line":484,"column":48}},"95":{"start":{"line":484,"column":29},"end":{"line":484,"column":45}},"96":{"start":{"line":487,"column":20},"end":{"line":487,"column":60}},"97":{"start":{"line":487,"column":41},"end":{"line":487,"column":59}},"98":{"start":{"line":488,"column":4},"end":{"line":491,"column":5}},"99":{"start":{"line":489,"column":6},"end":{"line":489,"column":28}},"100":{"start":{"line":490,"column":6},"end":{"line":490,"column":18}},"101":{"start":{"line":493,"column":4},"end":{"line":493,"column":17}},"102":{"start":{"line":497,"column":4},"end":{"line":497,"column":41}},"103":{"start":{"line":501,"column":21},"end":{"line":501,"column":50}},"104":{"start":{"line":502,"column":27},"end":{"line":503,"column":null}},"105":{"start":{"line":503,"column":16},"end":{"line":503,"column":61}},"106":{"start":{"line":506,"column":4},"end":{"line":508,"column":5}},"107":{"start":{"line":507,"column":6},"end":{"line":507,"column":19}},"108":{"start":{"line":511,"column":25},"end":{"line":511,"column":66}},"109":{"start":{"line":511,"column":57},"end":{"line":511,"column":65}},"110":{"start":{"line":512,"column":4},"end":{"line":514,"column":5}},"111":{"start":{"line":513,"column":6},"end":{"line":513,"column":19}},"112":{"start":{"line":517,"column":4},"end":{"line":517,"column":48}},"113":{"start":{"line":518,"column":4},"end":{"line":518,"column":51}},"114":{"start":{"line":520,"column":4},"end":{"line":520,"column":16}},"115":{"start":{"line":464,"column":0},"end":{"line":464,"column":13}},"116":{"start":{"line":525,"column":13},"end":{"line":525,"column":63}},"117":{"start":{"line":531,"column":13},"end":{"line":573,"column":2}},"118":{"start":{"line":601,"column":2},"end":{"line":606,"column":4}},"119":{"start":{"line":614,"column":2},"end":{"line":614,"column":89}},"120":{"start":{"line":619,"column":2},"end":{"line":619,"column":78}},"121":{"start":{"line":638,"column":43},"end":{"line":643,"column":4}},"122":{"start":{"line":645,"column":2},"end":{"line":651,"column":3}},"123":{"start":{"line":646,"column":4},"end":{"line":650,"column":6}},"124":{"start":{"line":653,"column":2},"end":{"line":653,"column":24}},"125":{"start":{"line":665,"column":29},"end":{"line":665,"column":31}},"126":{"start":{"line":666,"column":18},"end":{"line":666,"column":30}},"127":{"start":{"line":669,"column":2},"end":{"line":671,"column":3}},"128":{"start":{"line":670,"column":4},"end":{"line":670,"column":73}},"129":{"start":{"line":673,"column":2},"end":{"line":676,"column":3}},"130":{"start":{"line":674,"column":4},"end":{"line":674,"column":56}},"131":{"start":{"line":675,"column":4},"end":{"line":675,"column":45}},"132":{"start":{"line":679,"column":29},"end":{"line":679,"column":67}},"133":{"start":{"line":680,"column":2},"end":{"line":684,"column":3}},"134":{"start":{"line":681,"column":4},"end":{"line":683,"column":5}},"135":{"start":{"line":682,"column":6},"end":{"line":682,"column":63}},"136":{"start":{"line":686,"column":2},"end":{"line":690,"column":4}}},"fnMap":{"0":{"name":"detectCrisis","decl":{"start":{"line":63,"column":16},"end":{"line":63,"column":28}},"loc":{"start":{"line":63,"column":41},"end":{"line":159,"column":1}}},"1":{"name":"(anonymous_2)","decl":{"start":{"line":93,"column":51},"end":{"line":93,"column":52}},"loc":{"start":{"line":93,"column":63},"end":{"line":99,"column":3}}},"2":{"name":"(anonymous_3)","decl":{"start":{"line":113,"column":46},"end":{"line":113,"column":47}},"loc":{"start":{"line":113,"column":58},"end":{"line":119,"column":3}}},"3":{"name":"(anonymous_4)","decl":{"start":{"line":133,"column":48},"end":{"line":133,"column":49}},"loc":{"start":{"line":133,"column":60},"end":{"line":139,"column":3}}},"4":{"name":"detectScrupulosity","decl":{"start":{"line":246,"column":16},"end":{"line":246,"column":34}},"loc":{"start":{"line":246,"column":47},"end":{"line":276,"column":1}}},"5":{"name":"(anonymous_6)","decl":{"start":{"line":250,"column":48},"end":{"line":250,"column":49}},"loc":{"start":{"line":251,"column":4},"end":{"line":251,"column":31}}},"6":{"name":"validateTheologicalSafety","decl":{"start":{"line":330,"column":16},"end":{"line":330,"column":41}},"loc":{"start":{"line":330,"column":54},"end":{"line":347,"column":1}}},"7":{"name":"validateAIOutput","decl":{"start":{"line":360,"column":16},"end":{"line":360,"column":32}},"loc":{"start":{"line":365,"column":3},"end":{"line":440,"column":1}}},"8":{"name":"(anonymous_9)","decl":{"start":{"line":397,"column":48},"end":{"line":397,"column":49}},"loc":{"start":{"line":398,"column":4},"end":{"line":398,"column":44}}},"9":{"name":"(anonymous_10)","decl":{"start":{"line":419,"column":48},"end":{"line":419,"column":49}},"loc":{"start":{"line":420,"column":4},"end":{"line":420,"column":42}}},"10":{"name":"(anonymous_11)","decl":{"start":{"line":467,"column":2},"end":{"line":467,"column":17}},"loc":{"start":{"line":467,"column":40},"end":{"line":473,"column":3}}},"11":{"name":"(anonymous_12)","decl":{"start":{"line":475,"column":2},"end":{"line":475,"column":18}},"loc":{"start":{"line":475,"column":46},"end":{"line":478,"column":3}}},"12":{"name":"(anonymous_13)","decl":{"start":{"line":477,"column":25},"end":{"line":477,"column":26}},"loc":{"start":{"line":477,"column":32},"end":{"line":477,"column":40}}},"13":{"name":"(anonymous_14)","decl":{"start":{"line":480,"column":2},"end":{"line":480,"column":18}},"loc":{"start":{"line":480,"column":65},"end":{"line":494,"column":3}}},"14":{"name":"(anonymous_15)","decl":{"start":{"line":484,"column":21},"end":{"line":484,"column":22}},"loc":{"start":{"line":484,"column":29},"end":{"line":484,"column":45}}},"15":{"name":"(anonymous_16)","decl":{"start":{"line":487,"column":34},"end":{"line":487,"column":35}},"loc":{"start":{"line":487,"column":41},"end":{"line":487,"column":59}}},"16":{"name":"(anonymous_17)","decl":{"start":{"line":496,"column":2},"end":{"line":496,"column":16}},"loc":{"start":{"line":496,"column":44},"end":{"line":498,"column":3}}},"17":{"name":"(anonymous_18)","decl":{"start":{"line":500,"column":2},"end":{"line":500,"column":10}},"loc":{"start":{"line":500,"column":38},"end":{"line":521,"column":3}}},"18":{"name":"(anonymous_19)","decl":{"start":{"line":503,"column":6},"end":{"line":503,"column":7}},"loc":{"start":{"line":503,"column":16},"end":{"line":503,"column":61}}},"19":{"name":"(anonymous_20)","decl":{"start":{"line":511,"column":50},"end":{"line":511,"column":51}},"loc":{"start":{"line":511,"column":57},"end":{"line":511,"column":65}}},"20":{"name":"createSafeLogEntry","decl":{"start":{"line":596,"column":16},"end":{"line":596,"column":34}},"loc":{"start":{"line":599,"column":36},"end":{"line":607,"column":1}}},"21":{"name":"hashUserId","decl":{"start":{"line":613,"column":9},"end":{"line":613,"column":19}},"loc":{"start":{"line":613,"column":34},"end":{"line":615,"column":1}}},"22":{"name":"redactSensitiveContent","decl":{"start":{"line":617,"column":16},"end":{"line":617,"column":38}},"loc":{"start":{"line":617,"column":51},"end":{"line":620,"column":1}}},"23":{"name":"getAdaptiveSafetyThresholds","decl":{"start":{"line":633,"column":16},"end":{"line":633,"column":43}},"loc":{"start":{"line":636,"column":1},"end":{"line":654,"column":1}}},"24":{"name":"validateAndSanitizeInput","decl":{"start":{"line":660,"column":16},"end":{"line":660,"column":40}},"loc":{"start":{"line":660,"column":54},"end":{"line":691,"column":1}}}},"branchMap":{"0":{"loc":{"start":{"line":76,"column":4},"end":{"line":89,"column":5}},"type":"if","locations":[{"start":{"line":76,"column":4},"end":{"line":89,"column":5}},{"start":{},"end":{}}]},"1":{"loc":{"start":{"line":94,"column":4},"end":{"line":97,"column":5}},"type":"if","locations":[{"start":{"line":94,"column":4},"end":{"line":97,"column":5}},{"start":{},"end":{}}]},"2":{"loc":{"start":{"line":101,"column":2},"end":{"line":110,"column":3}},"type":"if","locations":[{"start":{"line":101,"column":2},"end":{"line":110,"column":3}},{"start":{},"end":{}}]},"3":{"loc":{"start":{"line":114,"column":4},"end":{"line":117,"column":5}},"type":"if","locations":[{"start":{"line":114,"column":4},"end":{"line":117,"column":5}},{"start":{},"end":{}}]},"4":{"loc":{"start":{"line":121,"column":2},"end":{"line":130,"column":3}},"type":"if","locations":[{"start":{"line":121,"column":2},"end":{"line":130,"column":3}},{"start":{},"end":{}}]},"5":{"loc":{"start":{"line":134,"column":4},"end":{"line":137,"column":5}},"type":"if","locations":[{"start":{"line":134,"column":4},"end":{"line":137,"column":5}},{"start":{},"end":{}}]},"6":{"loc":{"start":{"line":141,"column":2},"end":{"line":150,"column":3}},"type":"if","locations":[{"start":{"line":141,"column":2},"end":{"line":150,"column":3}},{"start":{},"end":{}}]},"7":{"loc":{"start":{"line":256,"column":4},"end":{"line":259,"column":33}},"type":"binary-expr","locations":[{"start":{"line":256,"column":4},"end":{"line":256,"column":32}},{"start":{"line":257,"column":4},"end":{"line":257,"column":35}},{"start":{"line":258,"column":4},"end":{"line":258,"column":30}},{"start":{"line":259,"column":4},"end":{"line":259,"column":33}}]},"8":{"loc":{"start":{"line":261,"column":4},"end":{"line":264,"column":29}},"type":"binary-expr","locations":[{"start":{"line":261,"column":4},"end":{"line":261,"column":31}},{"start":{"line":262,"column":4},"end":{"line":262,"column":32}},{"start":{"line":263,"column":4},"end":{"line":263,"column":30}},{"start":{"line":264,"column":4},"end":{"line":264,"column":29}}]},"9":{"loc":{"start":{"line":266,"column":4},"end":{"line":269,"column":37}},"type":"binary-expr","locations":[{"start":{"line":266,"column":4},"end":{"line":266,"column":33}},{"start":{"line":267,"column":4},"end":{"line":267,"column":35}},{"start":{"line":268,"column":4},"end":{"line":268,"column":35}},{"start":{"line":269,"column":4},"end":{"line":269,"column":37}}]},"10":{"loc":{"start":{"line":271,"column":2},"end":{"line":273,"column":3}},"type":"if","locations":[{"start":{"line":271,"column":2},"end":{"line":273,"column":3}},{"start":{},"end":{}}]},"11":{"loc":{"start":{"line":271,"column":6},"end":{"line":271,"column":61}},"type":"binary-expr","locations":[{"start":{"line":271,"column":6},"end":{"line":271,"column":19}},{"start":{"line":271,"column":24},"end":{"line":271,"column":39}},{"start":{"line":271,"column":43},"end":{"line":271,"column":60}}]},"12":{"loc":{"start":{"line":338,"column":4},"end":{"line":340,"column":5}},"type":"if","locations":[{"start":{"line":338,"column":4},"end":{"line":340,"column":5}},{"start":{},"end":{}}]},"13":{"loc":{"start":{"line":372,"column":2},"end":{"line":375,"column":3}},"type":"if","locations":[{"start":{"line":372,"column":2},"end":{"line":375,"column":3}},{"start":{},"end":{}}]},"14":{"loc":{"start":{"line":379,"column":2},"end":{"line":384,"column":3}},"type":"if","locations":[{"start":{"line":379,"column":2},"end":{"line":384,"column":3}},{"start":{},"end":{}}]},"15":{"loc":{"start":{"line":379,"column":6},"end":{"line":379,"column":48}},"type":"binary-expr","locations":[{"start":{"line":379,"column":6},"end":{"line":379,"column":21}},{"start":{"line":379,"column":25},"end":{"line":379,"column":48}}]},"16":{"loc":{"start":{"line":401,"column":2},"end":{"line":404,"column":3}},"type":"if","locations":[{"start":{"line":401,"column":2},"end":{"line":404,"column":3}},{"start":{},"end":{}}]},"17":{"loc":{"start":{"line":423,"column":2},"end":{"line":427,"column":3}},"type":"if","locations":[{"start":{"line":423,"column":2},"end":{"line":427,"column":3}},{"start":{},"end":{}}]},"18":{"loc":{"start":{"line":430,"column":2},"end":{"line":433,"column":3}},"type":"if","locations":[{"start":{"line":430,"column":2},"end":{"line":433,"column":3}},{"start":{},"end":{}}]},"19":{"loc":{"start":{"line":430,"column":6},"end":{"line":430,"column":56}},"type":"binary-expr","locations":[{"start":{"line":430,"column":6},"end":{"line":430,"column":33}},{"start":{"line":430,"column":37},"end":{"line":430,"column":56}}]},"20":{"loc":{"start":{"line":432,"column":15},"end":{"line":432,"column":55}},"type":"cond-expr","locations":[{"start":{"line":432,"column":37},"end":{"line":432,"column":44}},{"start":{"line":432,"column":47},"end":{"line":432,"column":55}}]},"21":{"loc":{"start":{"line":469,"column":4},"end":{"line":471,"column":5}},"type":"if","locations":[{"start":{"line":469,"column":4},"end":{"line":471,"column":5}},{"start":{},"end":{}}]},"22":{"loc":{"start":{"line":476,"column":21},"end":{"line":476,"column":50}},"type":"binary-expr","locations":[{"start":{"line":476,"column":21},"end":{"line":476,"column":44}},{"start":{"line":476,"column":48},"end":{"line":476,"column":50}}]},"23":{"loc":{"start":{"line":477,"column":11},"end":{"line":477,"column":49}},"type":"binary-expr","locations":[{"start":{"line":477,"column":11},"end":{"line":477,"column":41}},{"start":{"line":477,"column":45},"end":{"line":477,"column":49}}]},"24":{"loc":{"start":{"line":481,"column":21},"end":{"line":481,"column":50}},"type":"binary-expr","locations":[{"start":{"line":481,"column":21},"end":{"line":481,"column":44}},{"start":{"line":481,"column":48},"end":{"line":481,"column":50}}]},"25":{"loc":{"start":{"line":488,"column":4},"end":{"line":491,"column":5}},"type":"if","locations":[{"start":{"line":488,"column":4},"end":{"line":491,"column":5}},{"start":{},"end":{}}]},"26":{"loc":{"start":{"line":497,"column":11},"end":{"line":497,"column":40}},"type":"binary-expr","locations":[{"start":{"line":497,"column":11},"end":{"line":497,"column":34}},{"start":{"line":497,"column":38},"end":{"line":497,"column":40}}]},"27":{"loc":{"start":{"line":501,"column":21},"end":{"line":501,"column":50}},"type":"binary-expr","locations":[{"start":{"line":501,"column":21},"end":{"line":501,"column":44}},{"start":{"line":501,"column":48},"end":{"line":501,"column":50}}]},"28":{"loc":{"start":{"line":506,"column":4},"end":{"line":508,"column":5}},"type":"if","locations":[{"start":{"line":506,"column":4},"end":{"line":508,"column":5}},{"start":{},"end":{}}]},"29":{"loc":{"start":{"line":512,"column":4},"end":{"line":514,"column":5}},"type":"if","locations":[{"start":{"line":512,"column":4},"end":{"line":514,"column":5}},{"start":{},"end":{}}]},"30":{"loc":{"start":{"line":512,"column":8},"end":{"line":512,"column":73}},"type":"binary-expr","locations":[{"start":{"line":512,"column":8},"end":{"line":512,"column":27}},{"start":{"line":512,"column":31},"end":{"line":512,"column":73}}]},"31":{"loc":{"start":{"line":645,"column":2},"end":{"line":651,"column":3}},"type":"if","locations":[{"start":{"line":645,"column":2},"end":{"line":651,"column":3}},{"start":{},"end":{}}]},"32":{"loc":{"start":{"line":669,"column":2},"end":{"line":671,"column":3}},"type":"if","locations":[{"start":{"line":669,"column":2},"end":{"line":671,"column":3}},{"start":{},"end":{}}]},"33":{"loc":{"start":{"line":673,"column":2},"end":{"line":676,"column":3}},"type":"if","locations":[{"start":{"line":673,"column":2},"end":{"line":676,"column":3}},{"start":{},"end":{}}]},"34":{"loc":{"start":{"line":681,"column":4},"end":{"line":683,"column":5}},"type":"if","locations":[{"start":{"line":681,"column":4},"end":{"line":683,"column":5}},{"start":{},"end":{}}]}},"s":{"0":2,"1":2,"2":2,"3":2,"4":2,"5":2,"6":2,"7":2,"8":2,"9":2,"10":2,"11":2,"12":44,"13":44,"14":44,"15":44,"16":132,"17":0,"18":44,"19":452,"20":12,"21":12,"22":440,"23":44,"24":12,"25":32,"26":239,"27":5,"28":5,"29":234,"30":32,"31":5,"32":27,"33":148,"34":5,"35":5,"36":143,"37":27,"38":5,"39":22,"40":2,"41":2,"42":25,"43":25,"44":350,"45":25,"46":25,"47":25,"48":25,"49":5,"50":20,"51":2,"52":2,"53":26,"54":26,"55":26,"56":676,"57":18,"58":26,"59":6,"60":6,"61":6,"62":6,"63":1,"64":1,"65":6,"66":6,"67":1,"68":1,"69":6,"70":6,"71":32,"72":6,"73":2,"74":2,"75":6,"76":6,"77":46,"78":6,"79":1,"80":1,"81":6,"82":0,"83":0,"84":6,"85":2,"86":0,"87":0,"88":0,"89":0,"90":0,"91":0,"92":0,"93":0,"94":0,"95":0,"96":0,"97":0,"98":0,"99":0,"100":0,"101":0,"102":0,"103":0,"104":0,"105":0,"106":0,"107":0,"108":0,"109":0,"110":0,"111":0,"112":0,"113":0,"114":0,"115":2,"116":2,"117":2,"118":0,"119":0,"120":0,"121":0,"122":0,"123":0,"124":0,"125":0,"126":0,"127":0,"128":0,"129":0,"130":0,"131":0,"132":0,"133":0,"134":0,"135":0,"136":0},"f":{"0":44,"1":452,"2":239,"3":148,"4":25,"5":350,"6":26,"7":6,"8":32,"9":46,"10":0,"11":0,"12":0,"13":0,"14":0,"15":0,"16":0,"17":0,"18":0,"19":0,"20":0,"21":0,"22":0,"23":0,"24":0},"b":{"0":[0,132],"1":[12,440],"2":[12,32],"3":[5,234],"4":[5,27],"5":[5,143],"6":[5,22],"7":[25,20,20,20],"8":[25,24,19,17],"9":[25,21,21,21],"10":[5,20],"11":[25,5,0],"12":[18,658],"13":[1,5],"14":[1,5],"15":[6,1],"16":[2,4],"17":[1,5],"18":[0,6],"19":[6,0],"20":[0,0],"21":[0,0],"22":[0,0],"23":[0,0],"24":[0,0],"25":[0,0],"26":[0,0],"27":[0,0],"28":[0,0],"29":[0,0],"30":[0,0],"31":[0,0],"32":[0,0],"33":[0,0],"34":[0,0]}}
,"C:\\Dev\\Noor-CBT\\server\\canonical-orchestrator.ts": {"path":"C:\\Dev\\Noor-CBT\\server\\canonical-orchestrator.ts","statementMap":{"0":{"start":{"line":430,"column":0},"end":{"line":430,"column":7}},"1":{"start":{"line":17,"column":0},"end":{"line":17,"column":null}},"2":{"start":{"line":23,"column":0},"end":{"line":23,"column":53}},"3":{"start":{"line":24,"column":0},"end":{"line":24,"column":74}},"4":{"start":{"line":99,"column":40},"end":{"line":114,"column":6}},"5":{"start":{"line":116,"column":16},"end":{"line":118,"column":5}},"6":{"start":{"line":117,"column":6},"end":{"line":117,"column":73}},"7":{"start":{"line":120,"column":4},"end":{"line":382,"column":5}},"8":{"start":{"line":121,"column":6},"end":{"line":121,"column":51}},"9":{"start":{"line":126,"column":6},"end":{"line":126,"column":51}},"10":{"start":{"line":128,"column":34},"end":{"line":131,"column":8}},"11":{"start":{"line":133,"column":6},"end":{"line":153,"column":7}},"12":{"start":{"line":134,"column":8},"end":{"line":134,"column":74}},"13":{"start":{"line":135,"column":8},"end":{"line":135,"column":56}},"14":{"start":{"line":136,"column":8},"end":{"line":137,"column":80}},"15":{"start":{"line":138,"column":8},"end":{"line":138,"column":50}},"16":{"start":{"line":141,"column":8},"end":{"line":150,"column":9}},"17":{"start":{"line":142,"column":10},"end":{"line":146,"column":13}},"18":{"start":{"line":147,"column":10},"end":{"line":149,"column":12}},"19":{"start":{"line":152,"column":8},"end":{"line":152,"column":22}},"20":{"start":{"line":155,"column":6},"end":{"line":155,"column":53}},"21":{"start":{"line":156,"column":6},"end":{"line":156,"column":35}},"22":{"start":{"line":161,"column":6},"end":{"line":161,"column":57}},"23":{"start":{"line":164,"column":6},"end":{"line":186,"column":7}},"24":{"start":{"line":165,"column":8},"end":{"line":169,"column":10}},"25":{"start":{"line":170,"column":8},"end":{"line":170,"column":57}},"26":{"start":{"line":171,"column":8},"end":{"line":171,"column":66}},"27":{"start":{"line":173,"column":8},"end":{"line":173,"column":46}},"28":{"start":{"line":174,"column":8},"end":{"line":174,"column":54}},"29":{"start":{"line":175,"column":8},"end":{"line":175,"column":56}},"30":{"start":{"line":176,"column":8},"end":{"line":176,"column":50}},"31":{"start":{"line":178,"column":8},"end":{"line":178,"column":67}},"32":{"start":{"line":179,"column":8},"end":{"line":183,"column":11}},"33":{"start":{"line":185,"column":8},"end":{"line":185,"column":22}},"34":{"start":{"line":191,"column":6},"end":{"line":191,"column":52}},"35":{"start":{"line":193,"column":25},"end":{"line":200,"column":8}},"36":{"start":{"line":202,"column":6},"end":{"line":226,"column":7}},"37":{"start":{"line":203,"column":8},"end":{"line":203,"column":79}},"38":{"start":{"line":204,"column":8},"end":{"line":204,"column":59}},"39":{"start":{"line":207,"column":8},"end":{"line":218,"column":9}},"40":{"start":{"line":208,"column":10},"end":{"line":211,"column":12}},"41":{"start":{"line":212,"column":10},"end":{"line":217,"column":13}},"42":{"start":{"line":221,"column":8},"end":{"line":223,"column":10}},"43":{"start":{"line":224,"column":8},"end":{"line":224,"column":50}},"44":{"start":{"line":225,"column":8},"end":{"line":225,"column":22}},"45":{"start":{"line":228,"column":6},"end":{"line":228,"column":57}},"46":{"start":{"line":229,"column":6},"end":{"line":229,"column":39}},"47":{"start":{"line":234,"column":6},"end":{"line":234,"column":49}},"48":{"start":{"line":236,"column":6},"end":{"line":253,"column":7}},"49":{"start":{"line":237,"column":8},"end":{"line":237,"column":69}},"50":{"start":{"line":238,"column":8},"end":{"line":238,"column":56}},"51":{"start":{"line":240,"column":8},"end":{"line":240,"column":57}},"52":{"start":{"line":241,"column":8},"end":{"line":246,"column":11}},"53":{"start":{"line":248,"column":8},"end":{"line":250,"column":10}},"54":{"start":{"line":251,"column":8},"end":{"line":251,"column":50}},"55":{"start":{"line":252,"column":8},"end":{"line":252,"column":22}},"56":{"start":{"line":255,"column":6},"end":{"line":255,"column":54}},"57":{"start":{"line":256,"column":6},"end":{"line":256,"column":67}},"58":{"start":{"line":261,"column":6},"end":{"line":261,"column":47}},"59":{"start":{"line":264,"column":25},"end":{"line":266,"column":null}},"60":{"start":{"line":269,"column":6},"end":{"line":282,"column":7}},"61":{"start":{"line":270,"column":8},"end":{"line":270,"column":39}},"62":{"start":{"line":271,"column":8},"end":{"line":271,"column":57}},"63":{"start":{"line":273,"column":8},"end":{"line":273,"column":67}},"64":{"start":{"line":274,"column":8},"end":{"line":279,"column":11}},"65":{"start":{"line":284,"column":6},"end":{"line":284,"column":79}},"66":{"start":{"line":285,"column":6},"end":{"line":285,"column":66}},"67":{"start":{"line":290,"column":6},"end":{"line":290,"column":52}},"68":{"start":{"line":293,"column":27},"end":{"line":294,"column":null}},"69":{"start":{"line":294,"column":8},"end":{"line":294,"column":35}},"70":{"start":{"line":297,"column":6},"end":{"line":304,"column":7}},"71":{"start":{"line":298,"column":8},"end":{"line":298,"column":71}},"72":{"start":{"line":299,"column":8},"end":{"line":299,"column":58}},"73":{"start":{"line":301,"column":8},"end":{"line":301,"column":59}},"74":{"start":{"line":306,"column":6},"end":{"line":307,"column":56}},"75":{"start":{"line":308,"column":6},"end":{"line":310,"column":8}},"76":{"start":{"line":315,"column":6},"end":{"line":315,"column":49}},"77":{"start":{"line":317,"column":32},"end":{"line":321,"column":null}},"78":{"start":{"line":319,"column":10},"end":{"line":321,"column":49}},"79":{"start":{"line":324,"column":6},"end":{"line":342,"column":7}},"80":{"start":{"line":325,"column":8},"end":{"line":327,"column":10}},"81":{"start":{"line":328,"column":8},"end":{"line":328,"column":59}},"82":{"start":{"line":330,"column":8},"end":{"line":335,"column":9}},"83":{"start":{"line":331,"column":10},"end":{"line":334,"column":12}},"84":{"start":{"line":337,"column":8},"end":{"line":339,"column":10}},"85":{"start":{"line":340,"column":8},"end":{"line":340,"column":50}},"86":{"start":{"line":341,"column":8},"end":{"line":341,"column":22}},"87":{"start":{"line":344,"column":6},"end":{"line":344,"column":57}},"88":{"start":{"line":345,"column":6},"end":{"line":345,"column":39}},"89":{"start":{"line":350,"column":6},"end":{"line":350,"column":37}},"90":{"start":{"line":352,"column":6},"end":{"line":370,"column":7}},"91":{"start":{"line":353,"column":8},"end":{"line":353,"column":30}},"92":{"start":{"line":354,"column":8},"end":{"line":354,"column":37}},"93":{"start":{"line":355,"column":8},"end":{"line":355,"column":55}},"94":{"start":{"line":358,"column":8},"end":{"line":358,"column":78}},"95":{"start":{"line":359,"column":8},"end":{"line":362,"column":11}},"96":{"start":{"line":364,"column":8},"end":{"line":364,"column":54}},"97":{"start":{"line":365,"column":8},"end":{"line":367,"column":10}},"98":{"start":{"line":368,"column":8},"end":{"line":368,"column":50}},"99":{"start":{"line":369,"column":8},"end":{"line":369,"column":61}},"100":{"start":{"line":372,"column":6},"end":{"line":372,"column":43}},"101":{"start":{"line":373,"column":6},"end":{"line":373,"column":54}},"102":{"start":{"line":374,"column":6},"end":{"line":374,"column":48}},"103":{"start":{"line":376,"column":6},"end":{"line":376,"column":65}},"104":{"start":{"line":377,"column":6},"end":{"line":381,"column":9}},"105":{"start":{"line":384,"column":4},"end":{"line":384,"column":18}},"106":{"start":{"line":395,"column":26},"end":{"line":395,"column":48}},"107":{"start":{"line":397,"column":65},"end":{"line":416,"column":6}},"108":{"start":{"line":418,"column":23},"end":{"line":418,"column":59}},"109":{"start":{"line":419,"column":4},"end":{"line":419,"column":77}},"110":{"start":{"line":419,"column":42},"end":{"line":419,"column":75}},"111":{"start":{"line":91,"column":0},"end":{"line":91,"column":13}},"112":{"start":{"line":435,"column":17},"end":{"line":435,"column":63}},"113":{"start":{"line":437,"column":2},"end":{"line":439,"column":3}},"114":{"start":{"line":438,"column":4},"end":{"line":438,"column":29}},"115":{"start":{"line":441,"column":2},"end":{"line":443,"column":3}},"116":{"start":{"line":442,"column":4},"end":{"line":442,"column":29}},"117":{"start":{"line":445,"column":2},"end":{"line":445,"column":16}},"118":{"start":{"line":453,"column":47},"end":{"line":453,"column":49}},"119":{"start":{"line":454,"column":37},"end":{"line":454,"column":41}},"120":{"start":{"line":457,"column":4},"end":{"line":457,"column":27}},"121":{"start":{"line":460,"column":4},"end":{"line":462,"column":5}},"122":{"start":{"line":461,"column":6},"end":{"line":461,"column":24}},"123":{"start":{"line":466,"column":4},"end":{"line":466,"column":35}},"124":{"start":{"line":470,"column":4},"end":{"line":470,"column":51}},"125":{"start":{"line":470,"column":37},"end":{"line":470,"column":49}},"126":{"start":{"line":474,"column":4},"end":{"line":474,"column":70}},"127":{"start":{"line":474,"column":37},"end":{"line":474,"column":68}},"128":{"start":{"line":483,"column":18},"end":{"line":483,"column":34}},"129":{"start":{"line":484,"column":22},"end":{"line":484,"column":67}},"130":{"start":{"line":484,"column":48},"end":{"line":484,"column":59}},"131":{"start":{"line":485,"column":22},"end":{"line":487,"column":12}},"132":{"start":{"line":486,"column":15},"end":{"line":486,"column":46}},"133":{"start":{"line":489,"column":50},"end":{"line":489,"column":52}},"134":{"start":{"line":490,"column":4},"end":{"line":496,"column":5}},"135":{"start":{"line":491,"column":6},"end":{"line":495,"column":7}},"136":{"start":{"line":492,"column":8},"end":{"line":494,"column":9}},"137":{"start":{"line":493,"column":10},"end":{"line":493,"column":65}},"138":{"start":{"line":498,"column":4},"end":{"line":503,"column":6}},"139":{"start":{"line":507,"column":4},"end":{"line":507,"column":19}},"140":{"start":{"line":452,"column":0},"end":{"line":452,"column":13}}},"fnMap":{"0":{"name":"(anonymous_0)","decl":{"start":{"line":96,"column":2},"end":{"line":96,"column":8}},"loc":{"start":{"line":97,"column":29},"end":{"line":385,"column":3}}},"1":{"name":"(anonymous_1)","decl":{"start":{"line":116,"column":16},"end":{"line":116,"column":17}},"loc":{"start":{"line":116,"column":36},"end":{"line":118,"column":5}}},"2":{"name":"(anonymous_2)","decl":{"start":{"line":293,"column":52},"end":{"line":293,"column":53}},"loc":{"start":{"line":294,"column":8},"end":{"line":294,"column":35}}},"3":{"name":"(anonymous_3)","decl":{"start":{"line":318,"column":8},"end":{"line":318,"column":9}},"loc":{"start":{"line":319,"column":10},"end":{"line":321,"column":49}}},"4":{"name":"(anonymous_4)","decl":{"start":{"line":390,"column":10},"end":{"line":390,"column":16}},"loc":{"start":{"line":392,"column":36},"end":{"line":420,"column":3}}},"5":{"name":"(anonymous_5)","decl":{"start":{"line":419,"column":27},"end":{"line":419,"column":28}},"loc":{"start":{"line":419,"column":42},"end":{"line":419,"column":75}}},"6":{"name":"enforceCanonicalOrchestration","decl":{"start":{"line":430,"column":22},"end":{"line":430,"column":51}},"loc":{"start":{"line":433,"column":48},"end":{"line":446,"column":1}}},"7":{"name":"(anonymous_7)","decl":{"start":{"line":456,"column":2},"end":{"line":456,"column":8}},"loc":{"start":{"line":456,"column":40},"end":{"line":463,"column":3}}},"8":{"name":"(anonymous_8)","decl":{"start":{"line":465,"column":2},"end":{"line":465,"column":8}},"loc":{"start":{"line":465,"column":42},"end":{"line":467,"column":3}}},"9":{"name":"(anonymous_9)","decl":{"start":{"line":469,"column":2},"end":{"line":469,"column":8}},"loc":{"start":{"line":469,"column":32},"end":{"line":471,"column":3}}},"10":{"name":"(anonymous_10)","decl":{"start":{"line":470,"column":28},"end":{"line":470,"column":29}},"loc":{"start":{"line":470,"column":37},"end":{"line":470,"column":49}}},"11":{"name":"(anonymous_11)","decl":{"start":{"line":473,"column":2},"end":{"line":473,"column":8}},"loc":{"start":{"line":473,"column":27},"end":{"line":475,"column":3}}},"12":{"name":"(anonymous_12)","decl":{"start":{"line":474,"column":28},"end":{"line":474,"column":29}},"loc":{"start":{"line":474,"column":37},"end":{"line":474,"column":68}}},"13":{"name":"(anonymous_13)","decl":{"start":{"line":477,"column":2},"end":{"line":477,"column":8}},"loc":{"start":{"line":477,"column":22},"end":{"line":504,"column":3}}},"14":{"name":"(anonymous_14)","decl":{"start":{"line":484,"column":39},"end":{"line":484,"column":40}},"loc":{"start":{"line":484,"column":48},"end":{"line":484,"column":59}}},"15":{"name":"(anonymous_15)","decl":{"start":{"line":486,"column":6},"end":{"line":486,"column":7}},"loc":{"start":{"line":486,"column":15},"end":{"line":486,"column":46}}},"16":{"name":"(anonymous_16)","decl":{"start":{"line":506,"column":2},"end":{"line":506,"column":8}},"loc":{"start":{"line":506,"column":18},"end":{"line":508,"column":3}}}},"branchMap":{"0":{"loc":{"start":{"line":133,"column":6},"end":{"line":153,"column":7}},"type":"if","locations":[{"start":{"line":133,"column":6},"end":{"line":153,"column":7}},{"start":{},"end":{}}]},"1":{"loc":{"start":{"line":137,"column":10},"end":{"line":137,"column":79}},"type":"binary-expr","locations":[{"start":{"line":137,"column":10},"end":{"line":137,"column":46}},{"start":{"line":137,"column":50},"end":{"line":137,"column":79}}]},"2":{"loc":{"start":{"line":141,"column":8},"end":{"line":150,"column":9}},"type":"if","locations":[{"start":{"line":141,"column":8},"end":{"line":150,"column":9}},{"start":{},"end":{}}]},"3":{"loc":{"start":{"line":202,"column":6},"end":{"line":226,"column":7}},"type":"if","locations":[{"start":{"line":202,"column":6},"end":{"line":226,"column":7}},{"start":{},"end":{}}]},"4":{"loc":{"start":{"line":236,"column":6},"end":{"line":253,"column":7}},"type":"if","locations":[{"start":{"line":236,"column":6},"end":{"line":253,"column":7}},{"start":{},"end":{}}]},"5":{"loc":{"start":{"line":269,"column":6},"end":{"line":282,"column":7}},"type":"if","locations":[{"start":{"line":269,"column":6},"end":{"line":282,"column":7}},{"start":{},"end":{}}]},"6":{"loc":{"start":{"line":284,"column":46},"end":{"line":284,"column":78}},"type":"cond-expr","locations":[{"start":{"line":284,"column":59},"end":{"line":284,"column":67}},{"start":{"line":284,"column":70},"end":{"line":284,"column":78}}]},"7":{"loc":{"start":{"line":285,"column":30},"end":{"line":285,"column":62}},"type":"cond-expr","locations":[{"start":{"line":285,"column":43},"end":{"line":285,"column":51}},{"start":{"line":285,"column":54},"end":{"line":285,"column":62}}]},"8":{"loc":{"start":{"line":297,"column":6},"end":{"line":304,"column":7}},"type":"if","locations":[{"start":{"line":297,"column":6},"end":{"line":304,"column":7}},{"start":{},"end":{}}]},"9":{"loc":{"start":{"line":307,"column":8},"end":{"line":307,"column":55}},"type":"cond-expr","locations":[{"start":{"line":307,"column":36},"end":{"line":307,"column":44}},{"start":{"line":307,"column":47},"end":{"line":307,"column":55}}]},"10":{"loc":{"start":{"line":309,"column":29},"end":{"line":309,"column":76}},"type":"cond-expr","locations":[{"start":{"line":309,"column":57},"end":{"line":309,"column":65}},{"start":{"line":309,"column":68},"end":{"line":309,"column":76}}]},"11":{"loc":{"start":{"line":319,"column":10},"end":{"line":321,"column":49}},"type":"binary-expr","locations":[{"start":{"line":319,"column":10},"end":{"line":319,"column":46}},{"start":{"line":320,"column":10},"end":{"line":320,"column":46}},{"start":{"line":321,"column":10},"end":{"line":321,"column":49}}]},"12":{"loc":{"start":{"line":324,"column":6},"end":{"line":342,"column":7}},"type":"if","locations":[{"start":{"line":324,"column":6},"end":{"line":342,"column":7}},{"start":{},"end":{}}]},"13":{"loc":{"start":{"line":352,"column":6},"end":{"line":370,"column":7}},"type":"if","locations":[{"start":{"line":352,"column":6},"end":{"line":370,"column":7}},{"start":{"line":363,"column":13},"end":{"line":370,"column":7}}]},"14":{"loc":{"start":{"line":352,"column":10},"end":{"line":352,"column":61}},"type":"binary-expr","locations":[{"start":{"line":352,"column":10},"end":{"line":352,"column":29}},{"start":{"line":352,"column":33},"end":{"line":352,"column":61}}]},"15":{"loc":{"start":{"line":418,"column":23},"end":{"line":418,"column":59}},"type":"binary-expr","locations":[{"start":{"line":418,"column":23},"end":{"line":418,"column":53}},{"start":{"line":418,"column":57},"end":{"line":418,"column":59}}]},"16":{"loc":{"start":{"line":437,"column":2},"end":{"line":439,"column":3}},"type":"if","locations":[{"start":{"line":437,"column":2},"end":{"line":439,"column":3}},{"start":{},"end":{}}]},"17":{"loc":{"start":{"line":437,"column":6},"end":{"line":437,"column":33}},"type":"binary-expr","locations":[{"start":{"line":437,"column":6},"end":{"line":437,"column":20}},{"start":{"line":437,"column":24},"end":{"line":437,"column":33}}]},"18":{"loc":{"start":{"line":441,"column":2},"end":{"line":443,"column":3}},"type":"if","locations":[{"start":{"line":441,"column":2},"end":{"line":443,"column":3}},{"start":{},"end":{}}]},"19":{"loc":{"start":{"line":441,"column":6},"end":{"line":441,"column":34}},"type":"binary-expr","locations":[{"start":{"line":441,"column":6},"end":{"line":441,"column":21}},{"start":{"line":441,"column":25},"end":{"line":441,"column":34}}]},"20":{"loc":{"start":{"line":460,"column":4},"end":{"line":462,"column":5}},"type":"if","locations":[{"start":{"line":460,"column":4},"end":{"line":462,"column":5}},{"start":{},"end":{}}]},"21":{"loc":{"start":{"line":465,"column":23},"end":{"line":465,"column":42}},"type":"default-arg","locations":[{"start":{"line":465,"column":39},"end":{"line":465,"column":42}}]},"22":{"loc":{"start":{"line":492,"column":8},"end":{"line":494,"column":9}},"type":"if","locations":[{"start":{"line":492,"column":8},"end":{"line":494,"column":9}},{"start":{},"end":{}}]},"23":{"loc":{"start":{"line":492,"column":12},"end":{"line":492,"column":55}},"type":"binary-expr","locations":[{"start":{"line":492,"column":12},"end":{"line":492,"column":31}},{"start":{"line":492,"column":35},"end":{"line":492,"column":55}}]},"24":{"loc":{"start":{"line":493,"column":34},"end":{"line":493,"column":59}},"type":"binary-expr","locations":[{"start":{"line":493,"column":34},"end":{"line":493,"column":54}},{"start":{"line":493,"column":58},"end":{"line":493,"column":59}}]},"25":{"loc":{"start":{"line":500,"column":19},"end":{"line":500,"column":60}},"type":"cond-expr","locations":[{"start":{"line":500,"column":31},"end":{"line":500,"column":56}},{"start":{"line":500,"column":59},"end":{"line":500,"column":60}}]},"26":{"loc":{"start":{"line":501,"column":20},"end":{"line":501,"column":61}},"type":"cond-expr","locations":[{"start":{"line":501,"column":32},"end":{"line":501,"column":57}},{"start":{"line":501,"column":60},"end":{"line":501,"column":61}}]}},"s":{"0":1,"1":1,"2":1,"3":1,"4":12,"5":12,"6":151,"7":12,"8":12,"9":12,"10":12,"11":12,"12":1,"13":1,"14":1,"15":1,"16":1,"17":1,"18":1,"19":1,"20":11,"21":11,"22":11,"23":11,"24":11,"25":11,"26":11,"27":0,"28":0,"29":0,"30":0,"31":0,"32":0,"33":0,"34":11,"35":11,"36":11,"37":4,"38":4,"39":4,"40":13,"41":13,"42":4,"43":4,"44":4,"45":7,"46":7,"47":7,"48":7,"49":0,"50":0,"51":0,"52":0,"53":0,"54":0,"55":0,"56":7,"57":7,"58":7,"59":7,"60":7,"61":1,"62":1,"63":1,"64":1,"65":7,"66":7,"67":7,"68":7,"69":0,"70":7,"71":0,"72":0,"73":0,"74":7,"75":7,"76":7,"77":7,"78":0,"79":7,"80":0,"81":0,"82":0,"83":0,"84":0,"85":0,"86":0,"87":7,"88":7,"89":7,"90":7,"91":7,"92":7,"93":7,"94":7,"95":7,"96":0,"97":0,"98":0,"99":0,"100":0,"101":0,"102":0,"103":0,"104":0,"105":7,"106":7,"107":7,"108":7,"109":7,"110":19,"111":1,"112":0,"113":0,"114":0,"115":0,"116":0,"117":0,"118":1,"119":1,"120":0,"121":0,"122":0,"123":0,"124":0,"125":0,"126":0,"127":0,"128":0,"129":0,"130":0,"131":0,"132":0,"133":0,"134":0,"135":0,"136":0,"137":0,"138":0,"139":0,"140":1},"f":{"0":12,"1":151,"2":0,"3":0,"4":7,"5":19,"6":0,"7":0,"8":0,"9":0,"10":0,"11":0,"12":0,"13":0,"14":0,"15":0,"16":0},"b":{"0":[1,11],"1":[1,0],"2":[1,0],"3":[4,7],"4":[0,7],"5":[1,6],"6":[6,1],"7":[6,1],"8":[0,7],"9":[7,0],"10":[7,0],"11":[0,0,0],"12":[0,7],"13":[7,0],"14":[7,7],"15":[7,0],"16":[0,0],"17":[0,0],"18":[0,0],"19":[0,0],"20":[0,0],"21":[0],"22":[0,0],"23":[0,0],"24":[0,0],"25":[0,0],"26":[0,0]}}
,"C:\\Dev\\Noor-CBT\\server\\charter-compliance.ts": {"path":"C:\\Dev\\Noor-CBT\\server\\charter-compliance.ts","statementMap":{"0":{"start":{"line":696,"column":0},"end":{"line":696,"column":16}},"1":{"start":{"line":714,"column":0},"end":{"line":714,"column":16}},"2":{"start":{"line":741,"column":0},"end":{"line":741,"column":16}},"3":{"start":{"line":20,"column":0},"end":{"line":20,"column":null}},"4":{"start":{"line":79,"column":44},"end":{"line":79,"column":49}},"5":{"start":{"line":85,"column":36},"end":{"line":85,"column":38}},"6":{"start":{"line":86,"column":22},"end":{"line":86,"column":32}},"7":{"start":{"line":89,"column":4},"end":{"line":89,"column":72}},"8":{"start":{"line":92,"column":4},"end":{"line":92,"column":64}},"9":{"start":{"line":95,"column":4},"end":{"line":95,"column":67}},"10":{"start":{"line":98,"column":4},"end":{"line":98,"column":61}},"11":{"start":{"line":101,"column":4},"end":{"line":101,"column":72}},"12":{"start":{"line":104,"column":4},"end":{"line":104,"column":69}},"13":{"start":{"line":107,"column":4},"end":{"line":107,"column":63}},"14":{"start":{"line":110,"column":21},"end":{"line":110,"column":55}},"15":{"start":{"line":113,"column":27},"end":{"line":113,"column":69}},"16":{"start":{"line":115,"column":4},"end":{"line":121,"column":6}},"17":{"start":{"line":128,"column":36},"end":{"line":128,"column":38}},"18":{"start":{"line":129,"column":24},"end":{"line":129,"column":48}},"19":{"start":{"line":132,"column":26},"end":{"line":138,"column":6}},"20":{"start":{"line":140,"column":4},"end":{"line":150,"column":5}},"21":{"start":{"line":141,"column":6},"end":{"line":149,"column":7}},"22":{"start":{"line":142,"column":8},"end":{"line":148,"column":11}},"23":{"start":{"line":153,"column":32},"end":{"line":167,"column":6}},"24":{"start":{"line":169,"column":4},"end":{"line":179,"column":5}},"25":{"start":{"line":170,"column":6},"end":{"line":178,"column":7}},"26":{"start":{"line":171,"column":8},"end":{"line":177,"column":11}},"27":{"start":{"line":182,"column":31},"end":{"line":187,"column":6}},"28":{"start":{"line":189,"column":4},"end":{"line":199,"column":5}},"29":{"start":{"line":190,"column":6},"end":{"line":198,"column":7}},"30":{"start":{"line":191,"column":8},"end":{"line":197,"column":11}},"31":{"start":{"line":202,"column":31},"end":{"line":207,"column":6}},"32":{"start":{"line":209,"column":4},"end":{"line":219,"column":5}},"33":{"start":{"line":210,"column":6},"end":{"line":218,"column":7}},"34":{"start":{"line":211,"column":8},"end":{"line":217,"column":11}},"35":{"start":{"line":222,"column":30},"end":{"line":228,"column":6}},"36":{"start":{"line":230,"column":4},"end":{"line":240,"column":5}},"37":{"start":{"line":231,"column":6},"end":{"line":239,"column":7}},"38":{"start":{"line":232,"column":8},"end":{"line":238,"column":11}},"39":{"start":{"line":243,"column":31},"end":{"line":248,"column":6}},"40":{"start":{"line":250,"column":4},"end":{"line":260,"column":5}},"41":{"start":{"line":251,"column":6},"end":{"line":259,"column":7}},"42":{"start":{"line":252,"column":8},"end":{"line":258,"column":11}},"43":{"start":{"line":263,"column":26},"end":{"line":268,"column":6}},"44":{"start":{"line":270,"column":4},"end":{"line":280,"column":5}},"45":{"start":{"line":271,"column":6},"end":{"line":279,"column":7}},"46":{"start":{"line":272,"column":8},"end":{"line":278,"column":11}},"47":{"start":{"line":282,"column":4},"end":{"line":282,"column":22}},"48":{"start":{"line":291,"column":36},"end":{"line":291,"column":38}},"49":{"start":{"line":294,"column":4},"end":{"line":309,"column":5}},"50":{"start":{"line":296,"column":8},"end":{"line":298,"column":66}},"51":{"start":{"line":300,"column":6},"end":{"line":308,"column":7}},"52":{"start":{"line":301,"column":8},"end":{"line":307,"column":11}},"53":{"start":{"line":312,"column":4},"end":{"line":355,"column":5}},"54":{"start":{"line":316,"column":26},"end":{"line":316,"column":58}},"55":{"start":{"line":320,"column":8},"end":{"line":325,"column":43}},"56":{"start":{"line":327,"column":6},"end":{"line":336,"column":7}},"57":{"start":{"line":328,"column":8},"end":{"line":335,"column":11}},"58":{"start":{"line":339,"column":24},"end":{"line":341,"column":43}},"59":{"start":{"line":341,"column":23},"end":{"line":341,"column":42}},"60":{"start":{"line":342,"column":6},"end":{"line":354,"column":7}},"61":{"start":{"line":343,"column":34},"end":{"line":343,"column":78}},"62":{"start":{"line":345,"column":8},"end":{"line":353,"column":9}},"63":{"start":{"line":346,"column":10},"end":{"line":352,"column":13}},"64":{"start":{"line":358,"column":4},"end":{"line":388,"column":5}},"65":{"start":{"line":359,"column":26},"end":{"line":359,"column":58}},"66":{"start":{"line":360,"column":33},"end":{"line":375,"column":8}},"67":{"start":{"line":377,"column":6},"end":{"line":387,"column":7}},"68":{"start":{"line":378,"column":8},"end":{"line":386,"column":9}},"69":{"start":{"line":379,"column":10},"end":{"line":385,"column":13}},"70":{"start":{"line":390,"column":4},"end":{"line":390,"column":22}},"71":{"start":{"line":399,"column":36},"end":{"line":399,"column":38}},"72":{"start":{"line":402,"column":4},"end":{"line":435,"column":5}},"73":{"start":{"line":407,"column":8},"end":{"line":409,"column":59}},"74":{"start":{"line":411,"column":6},"end":{"line":419,"column":7}},"75":{"start":{"line":412,"column":8},"end":{"line":418,"column":11}},"76":{"start":{"line":422,"column":8},"end":{"line":424,"column":57}},"77":{"start":{"line":426,"column":6},"end":{"line":434,"column":7}},"78":{"start":{"line":427,"column":8},"end":{"line":433,"column":11}},"79":{"start":{"line":437,"column":4},"end":{"line":437,"column":22}},"80":{"start":{"line":444,"column":36},"end":{"line":444,"column":38}},"81":{"start":{"line":447,"column":4},"end":{"line":463,"column":5}},"82":{"start":{"line":451,"column":27},"end":{"line":451,"column":52}},"83":{"start":{"line":454,"column":6},"end":{"line":462,"column":7}},"84":{"start":{"line":455,"column":8},"end":{"line":461,"column":11}},"85":{"start":{"line":465,"column":4},"end":{"line":465,"column":22}},"86":{"start":{"line":472,"column":36},"end":{"line":472,"column":38}},"87":{"start":{"line":473,"column":24},"end":{"line":473,"column":48}},"88":{"start":{"line":476,"column":35},"end":{"line":483,"column":6}},"89":{"start":{"line":485,"column":4},"end":{"line":495,"column":5}},"90":{"start":{"line":486,"column":6},"end":{"line":494,"column":7}},"91":{"start":{"line":487,"column":8},"end":{"line":493,"column":11}},"92":{"start":{"line":498,"column":30},"end":{"line":503,"column":6}},"93":{"start":{"line":505,"column":4},"end":{"line":515,"column":5}},"94":{"start":{"line":506,"column":6},"end":{"line":514,"column":7}},"95":{"start":{"line":507,"column":8},"end":{"line":513,"column":11}},"96":{"start":{"line":517,"column":4},"end":{"line":517,"column":22}},"97":{"start":{"line":524,"column":36},"end":{"line":524,"column":38}},"98":{"start":{"line":525,"column":24},"end":{"line":525,"column":48}},"99":{"start":{"line":528,"column":4},"end":{"line":538,"column":5}},"100":{"start":{"line":529,"column":6},"end":{"line":537,"column":7}},"101":{"start":{"line":530,"column":8},"end":{"line":536,"column":11}},"102":{"start":{"line":541,"column":31},"end":{"line":546,"column":6}},"103":{"start":{"line":548,"column":4},"end":{"line":558,"column":5}},"104":{"start":{"line":549,"column":6},"end":{"line":557,"column":7}},"105":{"start":{"line":550,"column":8},"end":{"line":556,"column":11}},"106":{"start":{"line":560,"column":4},"end":{"line":560,"column":22}},"107":{"start":{"line":569,"column":36},"end":{"line":569,"column":38}},"108":{"start":{"line":572,"column":28},"end":{"line":572,"column":79}},"109":{"start":{"line":573,"column":4},"end":{"line":581,"column":5}},"110":{"start":{"line":574,"column":6},"end":{"line":580,"column":9}},"111":{"start":{"line":584,"column":4},"end":{"line":597,"column":5}},"112":{"start":{"line":588,"column":6},"end":{"line":596,"column":7}},"113":{"start":{"line":589,"column":8},"end":{"line":595,"column":11}},"114":{"start":{"line":600,"column":29},"end":{"line":602,"column":12}},"115":{"start":{"line":603,"column":4},"end":{"line":611,"column":5}},"116":{"start":{"line":604,"column":6},"end":{"line":610,"column":9}},"117":{"start":{"line":613,"column":4},"end":{"line":613,"column":22}},"118":{"start":{"line":622,"column":4},"end":{"line":622,"column":47}},"119":{"start":{"line":622,"column":33},"end":{"line":622,"column":47}},"120":{"start":{"line":624,"column":24},"end":{"line":624,"column":73}},"121":{"start":{"line":624,"column":47},"end":{"line":624,"column":72}},"122":{"start":{"line":625,"column":4},"end":{"line":625,"column":39}},"123":{"start":{"line":625,"column":21},"end":{"line":625,"column":39}},"124":{"start":{"line":627,"column":21},"end":{"line":627,"column":67}},"125":{"start":{"line":627,"column":44},"end":{"line":627,"column":66}},"126":{"start":{"line":628,"column":4},"end":{"line":628,"column":33}},"127":{"start":{"line":628,"column":18},"end":{"line":628,"column":33}},"128":{"start":{"line":630,"column":4},"end":{"line":630,"column":19}},"129":{"start":{"line":640,"column":4},"end":{"line":655,"column":5}},"130":{"start":{"line":642,"column":8},"end":{"line":642,"column":66}},"131":{"start":{"line":645,"column":8},"end":{"line":645,"column":68}},"132":{"start":{"line":648,"column":8},"end":{"line":648,"column":63}},"133":{"start":{"line":651,"column":8},"end":{"line":651,"column":125}},"134":{"start":{"line":654,"column":8},"end":{"line":654,"column":59}},"135":{"start":{"line":662,"column":4},"end":{"line":662,"column":32}},"136":{"start":{"line":669,"column":4},"end":{"line":671,"column":5}},"137":{"start":{"line":670,"column":6},"end":{"line":670,"column":83}},"138":{"start":{"line":673,"column":33},"end":{"line":673,"column":69}},"139":{"start":{"line":674,"column":4},"end":{"line":679,"column":5}},"140":{"start":{"line":675,"column":6},"end":{"line":678,"column":8}},"141":{"start":{"line":681,"column":28},"end":{"line":683,"column":17}},"142":{"start":{"line":682,"column":34},"end":{"line":682,"column":57}},"143":{"start":{"line":685,"column":4},"end":{"line":685,"column":186}},"144":{"start":{"line":78,"column":0},"end":{"line":78,"column":13}},"145":{"start":{"line":702,"column":2},"end":{"line":708,"column":5}},"146":{"start":{"line":718,"column":34},"end":{"line":721,"column":4}},"147":{"start":{"line":723,"column":17},"end":{"line":723,"column":52}},"148":{"start":{"line":725,"column":32},"end":{"line":729,"column":null}},"149":{"start":{"line":727,"column":6},"end":{"line":729,"column":42}},"150":{"start":{"line":732,"column":2},"end":{"line":735,"column":4}},"151":{"start":{"line":734,"column":45},"end":{"line":734,"column":55}},"152":{"start":{"line":742,"column":2},"end":{"line":742,"column":71}}},"fnMap":{"0":{"name":"(anonymous_0)","decl":{"start":{"line":84,"column":2},"end":{"line":84,"column":8}},"loc":{"start":{"line":84,"column":41},"end":{"line":122,"column":3}}},"1":{"name":"(anonymous_1)","decl":{"start":{"line":127,"column":10},"end":{"line":127,"column":16}},"loc":{"start":{"line":127,"column":58},"end":{"line":283,"column":3}}},"2":{"name":"(anonymous_2)","decl":{"start":{"line":288,"column":10},"end":{"line":288,"column":16}},"loc":{"start":{"line":289,"column":27},"end":{"line":391,"column":3}}},"3":{"name":"(anonymous_3)","decl":{"start":{"line":341,"column":16},"end":{"line":341,"column":17}},"loc":{"start":{"line":341,"column":23},"end":{"line":341,"column":42}}},"4":{"name":"(anonymous_4)","decl":{"start":{"line":396,"column":10},"end":{"line":396,"column":16}},"loc":{"start":{"line":397,"column":27},"end":{"line":438,"column":3}}},"5":{"name":"(anonymous_5)","decl":{"start":{"line":443,"column":10},"end":{"line":443,"column":16}},"loc":{"start":{"line":443,"column":63},"end":{"line":466,"column":3}}},"6":{"name":"(anonymous_6)","decl":{"start":{"line":471,"column":10},"end":{"line":471,"column":16}},"loc":{"start":{"line":471,"column":58},"end":{"line":518,"column":3}}},"7":{"name":"(anonymous_7)","decl":{"start":{"line":523,"column":10},"end":{"line":523,"column":16}},"loc":{"start":{"line":523,"column":55},"end":{"line":561,"column":3}}},"8":{"name":"(anonymous_8)","decl":{"start":{"line":566,"column":10},"end":{"line":566,"column":16}},"loc":{"start":{"line":567,"column":27},"end":{"line":614,"column":3}}},"9":{"name":"(anonymous_9)","decl":{"start":{"line":619,"column":10},"end":{"line":619,"column":16}},"loc":{"start":{"line":620,"column":27},"end":{"line":631,"column":3}}},"10":{"name":"(anonymous_10)","decl":{"start":{"line":624,"column":40},"end":{"line":624,"column":41}},"loc":{"start":{"line":624,"column":47},"end":{"line":624,"column":72}}},"11":{"name":"(anonymous_11)","decl":{"start":{"line":627,"column":37},"end":{"line":627,"column":38}},"loc":{"start":{"line":627,"column":44},"end":{"line":627,"column":66}}},"12":{"name":"(anonymous_12)","decl":{"start":{"line":636,"column":10},"end":{"line":636,"column":16}},"loc":{"start":{"line":638,"column":27},"end":{"line":656,"column":3}}},"13":{"name":"(anonymous_13)","decl":{"start":{"line":661,"column":2},"end":{"line":661,"column":8}},"loc":{"start":{"line":661,"column":26},"end":{"line":663,"column":3}}},"14":{"name":"(anonymous_14)","decl":{"start":{"line":668,"column":2},"end":{"line":668,"column":8}},"loc":{"start":{"line":668,"column":59},"end":{"line":686,"column":3}}},"15":{"name":"(anonymous_15)","decl":{"start":{"line":682,"column":11},"end":{"line":682,"column":12}},"loc":{"start":{"line":682,"column":34},"end":{"line":682,"column":57}}},"16":{"name":"validateOutput","decl":{"start":{"line":696,"column":16},"end":{"line":696,"column":30}},"loc":{"start":{"line":700,"column":40},"end":{"line":709,"column":1}}},"17":{"name":"quickTheologicalCheck","decl":{"start":{"line":714,"column":16},"end":{"line":714,"column":37}},"loc":{"start":{"line":714,"column":50},"end":{"line":736,"column":1}}},"18":{"name":"(anonymous_18)","decl":{"start":{"line":726,"column":4},"end":{"line":726,"column":5}},"loc":{"start":{"line":727,"column":6},"end":{"line":729,"column":42}}},"19":{"name":"(anonymous_19)","decl":{"start":{"line":734,"column":38},"end":{"line":734,"column":39}},"loc":{"start":{"line":734,"column":45},"end":{"line":734,"column":55}}},"20":{"name":"shouldRejectOutput","decl":{"start":{"line":741,"column":16},"end":{"line":741,"column":34}},"loc":{"start":{"line":741,"column":59},"end":{"line":743,"column":1}}}},"branchMap":{"0":{"loc":{"start":{"line":141,"column":6},"end":{"line":149,"column":7}},"type":"if","locations":[{"start":{"line":141,"column":6},"end":{"line":149,"column":7}},{"start":{},"end":{}}]},"1":{"loc":{"start":{"line":170,"column":6},"end":{"line":178,"column":7}},"type":"if","locations":[{"start":{"line":170,"column":6},"end":{"line":178,"column":7}},{"start":{},"end":{}}]},"2":{"loc":{"start":{"line":190,"column":6},"end":{"line":198,"column":7}},"type":"if","locations":[{"start":{"line":190,"column":6},"end":{"line":198,"column":7}},{"start":{},"end":{}}]},"3":{"loc":{"start":{"line":210,"column":6},"end":{"line":218,"column":7}},"type":"if","locations":[{"start":{"line":210,"column":6},"end":{"line":218,"column":7}},{"start":{},"end":{}}]},"4":{"loc":{"start":{"line":231,"column":6},"end":{"line":239,"column":7}},"type":"if","locations":[{"start":{"line":231,"column":6},"end":{"line":239,"column":7}},{"start":{},"end":{}}]},"5":{"loc":{"start":{"line":251,"column":6},"end":{"line":259,"column":7}},"type":"if","locations":[{"start":{"line":251,"column":6},"end":{"line":259,"column":7}},{"start":{},"end":{}}]},"6":{"loc":{"start":{"line":271,"column":6},"end":{"line":279,"column":7}},"type":"if","locations":[{"start":{"line":271,"column":6},"end":{"line":279,"column":7}},{"start":{},"end":{}}]},"7":{"loc":{"start":{"line":294,"column":4},"end":{"line":309,"column":5}},"type":"if","locations":[{"start":{"line":294,"column":4},"end":{"line":309,"column":5}},{"start":{},"end":{}}]},"8":{"loc":{"start":{"line":296,"column":8},"end":{"line":298,"column":66}},"type":"binary-expr","locations":[{"start":{"line":296,"column":8},"end":{"line":296,"column":59}},{"start":{"line":297,"column":8},"end":{"line":297,"column":60}},{"start":{"line":298,"column":8},"end":{"line":298,"column":66}}]},"9":{"loc":{"start":{"line":300,"column":6},"end":{"line":308,"column":7}},"type":"if","locations":[{"start":{"line":300,"column":6},"end":{"line":308,"column":7}},{"start":{},"end":{}}]},"10":{"loc":{"start":{"line":312,"column":4},"end":{"line":355,"column":5}},"type":"if","locations":[{"start":{"line":312,"column":4},"end":{"line":355,"column":5}},{"start":{},"end":{}}]},"11":{"loc":{"start":{"line":313,"column":6},"end":{"line":314,"column":40}},"type":"binary-expr","locations":[{"start":{"line":313,"column":6},"end":{"line":313,"column":38}},{"start":{"line":314,"column":6},"end":{"line":314,"column":40}}]},"12":{"loc":{"start":{"line":320,"column":8},"end":{"line":325,"column":43}},"type":"binary-expr","locations":[{"start":{"line":320,"column":8},"end":{"line":320,"column":39}},{"start":{"line":321,"column":8},"end":{"line":321,"column":45}},{"start":{"line":322,"column":8},"end":{"line":322,"column":45}},{"start":{"line":323,"column":8},"end":{"line":323,"column":45}},{"start":{"line":324,"column":8},"end":{"line":324,"column":41}},{"start":{"line":325,"column":8},"end":{"line":325,"column":43}}]},"13":{"loc":{"start":{"line":327,"column":6},"end":{"line":336,"column":7}},"type":"if","locations":[{"start":{"line":327,"column":6},"end":{"line":336,"column":7}},{"start":{},"end":{}}]},"14":{"loc":{"start":{"line":327,"column":10},"end":{"line":327,"column":66}},"type":"binary-expr","locations":[{"start":{"line":327,"column":10},"end":{"line":327,"column":31}},{"start":{"line":327,"column":35},"end":{"line":327,"column":66}}]},"15":{"loc":{"start":{"line":342,"column":6},"end":{"line":354,"column":7}},"type":"if","locations":[{"start":{"line":342,"column":6},"end":{"line":354,"column":7}},{"start":{},"end":{}}]},"16":{"loc":{"start":{"line":345,"column":8},"end":{"line":353,"column":9}},"type":"if","locations":[{"start":{"line":345,"column":8},"end":{"line":353,"column":9}},{"start":{},"end":{}}]},"17":{"loc":{"start":{"line":358,"column":4},"end":{"line":388,"column":5}},"type":"if","locations":[{"start":{"line":358,"column":4},"end":{"line":388,"column":5}},{"start":{},"end":{}}]},"18":{"loc":{"start":{"line":378,"column":8},"end":{"line":386,"column":9}},"type":"if","locations":[{"start":{"line":378,"column":8},"end":{"line":386,"column":9}},{"start":{},"end":{}}]},"19":{"loc":{"start":{"line":402,"column":4},"end":{"line":435,"column":5}},"type":"if","locations":[{"start":{"line":402,"column":4},"end":{"line":435,"column":5}},{"start":{},"end":{}}]},"20":{"loc":{"start":{"line":403,"column":6},"end":{"line":404,"column":50}},"type":"binary-expr","locations":[{"start":{"line":403,"column":6},"end":{"line":403,"column":28}},{"start":{"line":404,"column":6},"end":{"line":404,"column":50}}]},"21":{"loc":{"start":{"line":407,"column":8},"end":{"line":409,"column":59}},"type":"binary-expr","locations":[{"start":{"line":407,"column":8},"end":{"line":407,"column":63}},{"start":{"line":408,"column":8},"end":{"line":408,"column":60}},{"start":{"line":409,"column":8},"end":{"line":409,"column":59}}]},"22":{"loc":{"start":{"line":411,"column":6},"end":{"line":419,"column":7}},"type":"if","locations":[{"start":{"line":411,"column":6},"end":{"line":419,"column":7}},{"start":{},"end":{}}]},"23":{"loc":{"start":{"line":422,"column":8},"end":{"line":424,"column":57}},"type":"binary-expr","locations":[{"start":{"line":422,"column":8},"end":{"line":422,"column":42}},{"start":{"line":423,"column":8},"end":{"line":423,"column":59}},{"start":{"line":424,"column":8},"end":{"line":424,"column":57}}]},"24":{"loc":{"start":{"line":426,"column":6},"end":{"line":434,"column":7}},"type":"if","locations":[{"start":{"line":426,"column":6},"end":{"line":434,"column":7}},{"start":{},"end":{}}]},"25":{"loc":{"start":{"line":447,"column":4},"end":{"line":463,"column":5}},"type":"if","locations":[{"start":{"line":447,"column":4},"end":{"line":463,"column":5}},{"start":{},"end":{}}]},"26":{"loc":{"start":{"line":448,"column":6},"end":{"line":449,"column":50}},"type":"binary-expr","locations":[{"start":{"line":448,"column":6},"end":{"line":448,"column":28}},{"start":{"line":449,"column":6},"end":{"line":449,"column":50}}]},"27":{"loc":{"start":{"line":454,"column":6},"end":{"line":462,"column":7}},"type":"if","locations":[{"start":{"line":454,"column":6},"end":{"line":462,"column":7}},{"start":{},"end":{}}]},"28":{"loc":{"start":{"line":486,"column":6},"end":{"line":494,"column":7}},"type":"if","locations":[{"start":{"line":486,"column":6},"end":{"line":494,"column":7}},{"start":{},"end":{}}]},"29":{"loc":{"start":{"line":506,"column":6},"end":{"line":514,"column":7}},"type":"if","locations":[{"start":{"line":506,"column":6},"end":{"line":514,"column":7}},{"start":{},"end":{}}]},"30":{"loc":{"start":{"line":529,"column":6},"end":{"line":537,"column":7}},"type":"if","locations":[{"start":{"line":529,"column":6},"end":{"line":537,"column":7}},{"start":{},"end":{}}]},"31":{"loc":{"start":{"line":549,"column":6},"end":{"line":557,"column":7}},"type":"if","locations":[{"start":{"line":549,"column":6},"end":{"line":557,"column":7}},{"start":{},"end":{}}]},"32":{"loc":{"start":{"line":572,"column":29},"end":{"line":572,"column":71}},"type":"binary-expr","locations":[{"start":{"line":572,"column":29},"end":{"line":572,"column":65}},{"start":{"line":572,"column":69},"end":{"line":572,"column":71}}]},"33":{"loc":{"start":{"line":573,"column":4},"end":{"line":581,"column":5}},"type":"if","locations":[{"start":{"line":573,"column":4},"end":{"line":581,"column":5}},{"start":{},"end":{}}]},"34":{"loc":{"start":{"line":584,"column":4},"end":{"line":597,"column":5}},"type":"if","locations":[{"start":{"line":584,"column":4},"end":{"line":597,"column":5}},{"start":{},"end":{}}]},"35":{"loc":{"start":{"line":585,"column":6},"end":{"line":586,"column":50}},"type":"binary-expr","locations":[{"start":{"line":585,"column":6},"end":{"line":585,"column":28}},{"start":{"line":586,"column":6},"end":{"line":586,"column":50}}]},"36":{"loc":{"start":{"line":588,"column":6},"end":{"line":596,"column":7}},"type":"if","locations":[{"start":{"line":588,"column":6},"end":{"line":596,"column":7}},{"start":{},"end":{}}]},"37":{"loc":{"start":{"line":601,"column":6},"end":{"line":601,"column":68}},"type":"binary-expr","locations":[{"start":{"line":601,"column":6},"end":{"line":601,"column":62}},{"start":{"line":601,"column":66},"end":{"line":601,"column":68}}]},"38":{"loc":{"start":{"line":603,"column":4},"end":{"line":611,"column":5}},"type":"if","locations":[{"start":{"line":603,"column":4},"end":{"line":611,"column":5}},{"start":{},"end":{}}]},"39":{"loc":{"start":{"line":622,"column":4},"end":{"line":622,"column":47}},"type":"if","locations":[{"start":{"line":622,"column":4},"end":{"line":622,"column":47}},{"start":{},"end":{}}]},"40":{"loc":{"start":{"line":625,"column":4},"end":{"line":625,"column":39}},"type":"if","locations":[{"start":{"line":625,"column":4},"end":{"line":625,"column":39}},{"start":{},"end":{}}]},"41":{"loc":{"start":{"line":628,"column":4},"end":{"line":628,"column":33}},"type":"if","locations":[{"start":{"line":628,"column":4},"end":{"line":628,"column":33}},{"start":{},"end":{}}]},"42":{"loc":{"start":{"line":640,"column":4},"end":{"line":655,"column":5}},"type":"switch","locations":[{"start":{"line":641,"column":6},"end":{"line":642,"column":66}},{"start":{"line":644,"column":6},"end":{"line":645,"column":68}},{"start":{"line":647,"column":6},"end":{"line":648,"column":63}},{"start":{"line":650,"column":6},"end":{"line":651,"column":125}},{"start":{"line":653,"column":6},"end":{"line":654,"column":59}}]},"43":{"loc":{"start":{"line":669,"column":4},"end":{"line":671,"column":5}},"type":"if","locations":[{"start":{"line":669,"column":4},"end":{"line":671,"column":5}},{"start":{},"end":{}}]},"44":{"loc":{"start":{"line":677,"column":9},"end":{"line":677,"column":58}},"type":"binary-expr","locations":[{"start":{"line":677,"column":9},"end":{"line":677,"column":53}},{"start":{"line":677,"column":57},"end":{"line":677,"column":58}}]},"45":{"loc":{"start":{"line":727,"column":6},"end":{"line":729,"column":42}},"type":"binary-expr","locations":[{"start":{"line":727,"column":6},"end":{"line":727,"column":45}},{"start":{"line":728,"column":6},"end":{"line":728,"column":42}},{"start":{"line":729,"column":6},"end":{"line":729,"column":42}}]},"46":{"loc":{"start":{"line":742,"column":9},"end":{"line":742,"column":70}},"type":"binary-expr","locations":[{"start":{"line":742,"column":9},"end":{"line":742,"column":39}},{"start":{"line":742,"column":43},"end":{"line":742,"column":70}}]}},"s":{"0":2,"1":2,"2":2,"3":2,"4":2,"5":26,"6":26,"7":26,"8":26,"9":26,"10":26,"11":26,"12":26,"13":26,"14":26,"15":26,"16":26,"17":26,"18":26,"19":26,"20":26,"21":130,"22":1,"23":26,"24":26,"25":104,"26":0,"27":26,"28":26,"29":104,"30":3,"31":26,"32":26,"33":104,"34":5,"35":26,"36":26,"37":130,"38":0,"39":26,"40":26,"41":104,"42":2,"43":26,"44":26,"45":104,"46":0,"47":26,"48":26,"49":26,"50":0,"51":0,"52":0,"53":26,"54":5,"55":5,"56":5,"57":0,"58":5,"59":20,"60":5,"61":5,"62":5,"63":1,"64":26,"65":3,"66":3,"67":3,"68":42,"69":10,"70":26,"71":26,"72":26,"73":4,"74":4,"75":1,"76":4,"77":4,"78":2,"79":26,"80":26,"81":26,"82":4,"83":4,"84":0,"85":26,"86":26,"87":26,"88":26,"89":26,"90":156,"91":0,"92":26,"93":26,"94":104,"95":0,"96":26,"97":26,"98":26,"99":26,"100":260,"101":1,"102":26,"103":26,"104":104,"105":0,"106":26,"107":26,"108":26,"109":26,"110":3,"111":26,"112":4,"113":1,"114":26,"115":26,"116":0,"117":26,"118":26,"119":10,"120":16,"121":18,"122":16,"123":11,"124":5,"125":5,"126":5,"127":5,"128":0,"129":26,"130":10,"131":0,"132":5,"133":11,"134":0,"135":0,"136":0,"137":0,"138":0,"139":0,"140":0,"141":0,"142":0,"143":0,"144":2,"145":13,"146":0,"147":0,"148":0,"149":0,"150":0,"151":0,"152":11},"f":{"0":26,"1":26,"2":26,"3":20,"4":26,"5":26,"6":26,"7":26,"8":26,"9":26,"10":18,"11":5,"12":26,"13":0,"14":0,"15":0,"16":13,"17":0,"18":0,"19":0,"20":11},"b":{"0":[1,129],"1":[0,104],"2":[3,101],"3":[5,99],"4":[0,130],"5":[2,102],"6":[0,104],"7":[0,26],"8":[0,0,0],"9":[0,0],"10":[5,21],"11":[26,22],"12":[5,4,4,4,4,4],"13":[0,5],"14":[5,1],"15":[5,0],"16":[1,4],"17":[3,23],"18":[10,32],"19":[4,22],"20":[26,5],"21":[4,3,3],"22":[1,3],"23":[4,2,2],"24":[2,2],"25":[4,22],"26":[26,5],"27":[0,4],"28":[0,156],"29":[0,104],"30":[1,259],"31":[0,104],"32":[26,22],"33":[3,23],"34":[4,22],"35":[26,5],"36":[1,3],"37":[26,26],"38":[0,26],"39":[10,16],"40":[11,5],"41":[5,0],"42":[10,0,5,11,0],"43":[0,0],"44":[0,0],"45":[0,0,0],"46":[11,9]}}
,"C:\\Dev\\Noor-CBT\\server\\config.ts": {"path":"C:\\Dev\\Noor-CBT\\server\\config.ts","statementMap":{"0":{"start":{"line":63,"column":0},"end":{"line":63,"column":16}},"1":{"start":{"line":71,"column":0},"end":{"line":71,"column":16}},"2":{"start":{"line":78,"column":0},"end":{"line":78,"column":16}},"3":{"start":{"line":88,"column":0},"end":{"line":88,"column":16}},"4":{"start":{"line":99,"column":0},"end":{"line":99,"column":16}},"5":{"start":{"line":121,"column":0},"end":{"line":121,"column":16}},"6":{"start":{"line":141,"column":0},"end":{"line":141,"column":16}},"7":{"start":{"line":162,"column":0},"end":{"line":162,"column":16}},"8":{"start":{"line":173,"column":0},"end":{"line":173,"column":16}},"9":{"start":{"line":232,"column":0},"end":{"line":232,"column":16}},"10":{"start":{"line":10,"column":12},"end":{"line":10,"column":23}},"11":{"start":{"line":22,"column":13},"end":{"line":23,"column":76}},"12":{"start":{"line":29,"column":13},"end":{"line":54,"column":2}},"13":{"start":{"line":64,"column":2},"end":{"line":64,"column":24}},"14":{"start":{"line":64,"column":12},"end":{"line":64,"column":24}},"15":{"start":{"line":65,"column":2},"end":{"line":65,"column":48}},"16":{"start":{"line":72,"column":2},"end":{"line":72,"column":48}},"17":{"start":{"line":79,"column":2},"end":{"line":82,"column":4}},"18":{"start":{"line":89,"column":2},"end":{"line":89,"column":47}},"19":{"start":{"line":105,"column":2},"end":{"line":115,"column":4}},"20":{"start":{"line":127,"column":2},"end":{"line":135,"column":4}},"21":{"start":{"line":147,"column":2},"end":{"line":156,"column":4}},"22":{"start":{"line":163,"column":2},"end":{"line":163,"column":80}},"23":{"start":{"line":174,"column":2},"end":{"line":174,"column":22}},"24":{"start":{"line":175,"column":2},"end":{"line":175,"column":39}},"25":{"start":{"line":176,"column":2},"end":{"line":176,"column":22}},"26":{"start":{"line":178,"column":2},"end":{"line":185,"column":3}},"27":{"start":{"line":179,"column":4},"end":{"line":179,"column":40}},"28":{"start":{"line":180,"column":4},"end":{"line":180,"column":55}},"29":{"start":{"line":181,"column":4},"end":{"line":181,"column":52}},"30":{"start":{"line":182,"column":4},"end":{"line":182,"column":61}},"31":{"start":{"line":184,"column":4},"end":{"line":184,"column":57}},"32":{"start":{"line":187,"column":2},"end":{"line":187,"column":22}},"33":{"start":{"line":188,"column":2},"end":{"line":188,"column":40}},"34":{"start":{"line":189,"column":2},"end":{"line":189,"column":30}},"35":{"start":{"line":190,"column":2},"end":{"line":190,"column":22}},"36":{"start":{"line":193,"column":2},"end":{"line":200,"column":3}},"37":{"start":{"line":194,"column":4},"end":{"line":194,"column":34}},"38":{"start":{"line":196,"column":4},"end":{"line":196,"column":78}},"39":{"start":{"line":197,"column":4},"end":{"line":199,"column":5}},"40":{"start":{"line":198,"column":6},"end":{"line":198,"column":56}},"41":{"start":{"line":203,"column":2},"end":{"line":212,"column":3}},"42":{"start":{"line":204,"column":4},"end":{"line":204,"column":32}},"43":{"start":{"line":206,"column":4},"end":{"line":211,"column":5}},"44":{"start":{"line":207,"column":6},"end":{"line":207,"column":77}},"45":{"start":{"line":209,"column":6},"end":{"line":209,"column":61}},"46":{"start":{"line":210,"column":6},"end":{"line":210,"column":59}},"47":{"start":{"line":215,"column":2},"end":{"line":223,"column":3}},"48":{"start":{"line":216,"column":4},"end":{"line":216,"column":32}},"49":{"start":{"line":218,"column":4},"end":{"line":222,"column":5}},"50":{"start":{"line":219,"column":6},"end":{"line":219,"column":78}},"51":{"start":{"line":221,"column":6},"end":{"line":221,"column":76}},"52":{"start":{"line":225,"column":2},"end":{"line":225,"column":22}},"53":{"start":{"line":233,"column":2},"end":{"line":236,"column":3}},"54":{"start":{"line":235,"column":4},"end":{"line":235,"column":11}},"55":{"start":{"line":238,"column":27},"end":{"line":238,"column":29}},"56":{"start":{"line":241,"column":2},"end":{"line":245,"column":3}},"57":{"start":{"line":242,"column":4},"end":{"line":244,"column":6}},"58":{"start":{"line":248,"column":2},"end":{"line":252,"column":3}},"59":{"start":{"line":249,"column":4},"end":{"line":251,"column":6}},"60":{"start":{"line":254,"column":2},"end":{"line":258,"column":3}},"61":{"start":{"line":255,"column":4},"end":{"line":257,"column":6}},"62":{"start":{"line":261,"column":2},"end":{"line":263,"column":3}},"63":{"start":{"line":262,"column":4},"end":{"line":262,"column":76}},"64":{"start":{"line":265,"column":2},"end":{"line":279,"column":3}},"65":{"start":{"line":266,"column":4},"end":{"line":266,"column":35}},"66":{"start":{"line":267,"column":4},"end":{"line":267,"column":48}},"67":{"start":{"line":267,"column":28},"end":{"line":267,"column":46}},"68":{"start":{"line":268,"column":4},"end":{"line":268,"column":12}},"69":{"start":{"line":269,"column":4},"end":{"line":269,"column":66}},"70":{"start":{"line":270,"column":4},"end":{"line":270,"column":66}},"71":{"start":{"line":271,"column":4},"end":{"line":271,"column":12}},"72":{"start":{"line":274,"column":4},"end":{"line":278,"column":5}},"73":{"start":{"line":275,"column":6},"end":{"line":277,"column":8}}},"fnMap":{"0":{"name":"isPlaceholderKey","decl":{"start":{"line":63,"column":16},"end":{"line":63,"column":32}},"loc":{"start":{"line":63,"column":56},"end":{"line":66,"column":1}}},"1":{"name":"isOpenAIConfigured","decl":{"start":{"line":71,"column":16},"end":{"line":71,"column":34}},"loc":{"start":{"line":71,"column":34},"end":{"line":73,"column":1}}},"2":{"name":"isStripeConfigured","decl":{"start":{"line":78,"column":16},"end":{"line":78,"column":34}},"loc":{"start":{"line":78,"column":34},"end":{"line":83,"column":1}}},"3":{"name":"isDatabaseConfigured","decl":{"start":{"line":88,"column":16},"end":{"line":88,"column":36}},"loc":{"start":{"line":88,"column":36},"end":{"line":90,"column":1}}},"4":{"name":"getValidationModeAnalyzeResponse","decl":{"start":{"line":99,"column":16},"end":{"line":99,"column":48}},"loc":{"start":{"line":99,"column":48},"end":{"line":116,"column":1}}},"5":{"name":"getValidationModeReframeResponse","decl":{"start":{"line":121,"column":16},"end":{"line":121,"column":48}},"loc":{"start":{"line":121,"column":48},"end":{"line":136,"column":1}}},"6":{"name":"getValidationModePracticeResponse","decl":{"start":{"line":141,"column":16},"end":{"line":141,"column":49}},"loc":{"start":{"line":141,"column":49},"end":{"line":157,"column":1}}},"7":{"name":"getValidationModeInsightSummary","decl":{"start":{"line":162,"column":16},"end":{"line":162,"column":47}},"loc":{"start":{"line":162,"column":47},"end":{"line":164,"column":1}}},"8":{"name":"logConfigStatus","decl":{"start":{"line":173,"column":16},"end":{"line":173,"column":31}},"loc":{"start":{"line":173,"column":31},"end":{"line":226,"column":1}}},"9":{"name":"validateProductionConfig","decl":{"start":{"line":232,"column":16},"end":{"line":232,"column":40}},"loc":{"start":{"line":232,"column":40},"end":{"line":280,"column":1}}},"10":{"name":"(anonymous_10)","decl":{"start":{"line":267,"column":19},"end":{"line":267,"column":20}},"loc":{"start":{"line":267,"column":28},"end":{"line":267,"column":46}}}},"branchMap":{"0":{"loc":{"start":{"line":23,"column":2},"end":{"line":23,"column":75}},"type":"binary-expr","locations":[{"start":{"line":23,"column":2},"end":{"line":23,"column":40}},{"start":{"line":23,"column":44},"end":{"line":23,"column":75}}]},"1":{"loc":{"start":{"line":31,"column":17},"end":{"line":31,"column":43}},"type":"binary-expr","locations":[{"start":{"line":31,"column":17},"end":{"line":31,"column":33}},{"start":{"line":31,"column":37},"end":{"line":31,"column":43}}]},"2":{"loc":{"start":{"line":32,"column":11},"end":{"line":32,"column":48}},"type":"binary-expr","locations":[{"start":{"line":32,"column":11},"end":{"line":32,"column":31}},{"start":{"line":32,"column":35},"end":{"line":32,"column":48}}]},"3":{"loc":{"start":{"line":42,"column":4},"end":{"line":42,"column":78}},"type":"binary-expr","locations":[{"start":{"line":42,"column":4},"end":{"line":42,"column":47}},{"start":{"line":42,"column":51},"end":{"line":42,"column":78}}]},"4":{"loc":{"start":{"line":64,"column":2},"end":{"line":64,"column":24}},"type":"if","locations":[{"start":{"line":64,"column":2},"end":{"line":64,"column":24}},{"start":{},"end":{}}]},"5":{"loc":{"start":{"line":65,"column":9},"end":{"line":65,"column":47}},"type":"binary-expr","locations":[{"start":{"line":65,"column":9},"end":{"line":65,"column":33}},{"start":{"line":65,"column":37},"end":{"line":65,"column":47}}]},"6":{"loc":{"start":{"line":80,"column":4},"end":{"line":81,"column":49}},"type":"binary-expr","locations":[{"start":{"line":80,"column":4},"end":{"line":80,"column":45}},{"start":{"line":81,"column":4},"end":{"line":81,"column":49}}]},"7":{"loc":{"start":{"line":178,"column":2},"end":{"line":185,"column":3}},"type":"if","locations":[{"start":{"line":178,"column":2},"end":{"line":185,"column":3}},{"start":{"line":183,"column":9},"end":{"line":185,"column":3}}]},"8":{"loc":{"st
[...]
7":{"start":{"line":6,"column":0},"end":{"line":6,"column":57}},"8":{"start":{"line":8,"column":28},"end":{"line":8,"column":42}},"9":{"start":{"line":9,"column":30},"end":{"line":9,"column":32}},"10":{"start":{"line":24,"column":23},"end":{"line":24,"column":60}},"11":{"start":{"line":26,"column":2},"end":{"line":34,"column":3}},"12":{"start":{"line":27,"column":4},"end":{"line":30,"column":6}},"13":{"start":{"line":31,"column":4},"end":{"line":33,"column":6}},"14":{"start":{"line":36,"column":2},"end":{"line":38,"column":4}},"15":{"start":{"line":42,"column":17},"end":{"line":42,"column":35}},"16":{"start":{"line":43,"column":20},"end":{"line":46,"column":18}},"17":{"start":{"line":47,"column":2},"end":{"line":47,"column":33}},"18":{"start":{"line":51,"column":2},"end":{"line":82,"column":3}},"19":{"start":{"line":52,"column":18},"end":{"line":52,"column":40}},"20":{"start":{"line":53,"column":4},"end":{"line":53,"column":40}},"21":{"start":{"line":53,"column":28},"end":{"line":53,"column":40}},"22":{"start":{"line":55,"column":31},"end":{"line":55,"column":36}},"23":{"start":{"line":56,"column":19},"end":{"line":56,"column":37}},"24":{"start":{"line":57,"column":30},"end":{"line":60,"column":20}},"25":{"start":{"line":63,"column":28},"end":{"line":63,"column":57}},"26":{"start":{"line":64,"column":27},"end":{"line":64,"column":64}},"27":{"start":{"line":66,"column":4},"end":{"line":71,"column":5}},"28":{"start":{"line":67,"column":6},"end":{"line":69,"column":8}},"29":{"start":{"line":70,"column":6},"end":{"line":70,"column":18}},"30":{"start":{"line":73,"column":4},"end":{"line":76,"column":5}},"31":{"start":{"line":74,"column":6},"end":{"line":74,"column":67}},"32":{"start":{"line":75,"column":6},"end":{"line":75,"column":18}},"33":{"start":{"line":78,"column":4},"end":{"line":78,"column":17}},"34":{"start":{"line":80,"column":4},"end":{"line":80,"column":68}},"35":{"start":{"line":81,"column":4},"end":{"line":81,"column":16}},"36":{"start":{"line":86,"column":2},"end":{"line":86,"column":48}},"37":{"start":{"line":94,"column":2},"end":{"line":204,"column":3}},"38":{"start":{"line":95,"column":24},"end":{"line":95,"column":58}},"39":{"start":{"line":97,"column":4},"end":{"line":118,"column":5}},"40":{"start":{"line":98,"column":20},"end":{"line":98,"column":50}},"41":{"start":{"line":99,"column":6},"end":{"line":117,"column":7}},"42":{"start":{"line":100,"column":26},"end":{"line":103,"column":47}},"43":{"start":{"line":105,"column":8},"end":{"line":116,"column":9}},"44":{"start":{"line":107,"column":33},"end":{"line":109,"column":18}},"45":{"start":{"line":110,"column":10},"end":{"line":114,"column":12}},"46":{"start":{"line":115,"column":10},"end":{"line":115,"column":24}},"47":{"start":{"line":120,"column":21},"end":{"line":120,"column":43}},"48":{"start":{"line":121,"column":19},"end":{"line":121,"column":80}},"49":{"start":{"line":122,"column":22},"end":{"line":123,"column":null}},"50":{"start":{"line":126,"column":4},"end":{"line":133,"column":29}},"51":{"start":{"line":135,"column":27},"end":{"line":135,"column":46}},"52":{"start":{"line":137,"column":4},"end":{"line":145,"column":7}},"53":{"start":{"line":147,"column":4},"end":{"line":151,"column":6}},"54":{"start":{"line":153,"column":4},"end":{"line":153,"column":11}},"55":{"start":{"line":156,"column":4},"end":{"line":159,"column":6}},"56":{"start":{"line":162,"column":4},"end":{"line":162,"column":41}},"57":{"start":{"line":165,"column":4},"end":{"line":201,"column":5}},"58":{"start":{"line":166,"column":23},"end":{"line":166,"column":45}},"59":{"start":{"line":167,"column":21},"end":{"line":167,"column":82}},"60":{"start":{"line":168,"column":24},"end":{"line":169,"column":null}},"61":{"start":{"line":172,"column":6},"end":{"line":179,"column":31}},"62":{"start":{"line":181,"column":29},"end":{"line":181,"column":48}},"63":{"start":{"line":183,"column":6},"end":{"line":191,"column":9}},"64":{"start":{"line":193,"column":6},"end":{"line":197,"column":8}},"65":{"start":{"line":199,"column":6},"end":{"line":199,"column":77}},"66":{"start":{"line":203,"column":4},"end":{"line":203,"column":11}},"67":{"start":{"line":214,"column":25},"end":{"line":214,"column":43}},"68":{"start":{"line":215,"column":2},"end":{"line":218,"column":42}},"69":{"start":{"line":222,"column":2},"end":{"line":224,"column":3}},"70":{"start":{"line":223,"column":4},"end":{"line":223,"column":70}},"71":{"start":{"line":225,"column":2},"end":{"line":225,"column":9}}},"fnMap":{"0":{"name":"getSessionSecret","decl":{"start":{"line":23,"column":9},"end":{"line":23,"column":25}},"loc":{"start":{"line":23,"column":25},"end":{"line":39,"column":1}}},"1":{"name":"signToken","decl":{"start":{"line":41,"column":9},"end":{"line":41,"column":18}},"loc":{"start":{"line":41,"column":32},"end":{"line":48,"column":1}}},"2":{"name":"verifySignedToken","decl":{"start":{"line":50,"column":9},"end":{"line":50,"column":26}},"loc":{"start":{"line":50,"column":46},"end":{"line":83,"column":1}}},"3":{"name":"generateSessionToken","decl":{"start":{"line":85,"column":9},"end":{"line":85,"column":29}},"loc":{"start":{"line":85,"column":29},"end":{"line":87,"column":1}}},"4":{"name":"sessionMiddleware","decl":{"start":{"line":89,"column":22},"end":{"line":89,"column":39}},"loc":{"start":{"line":92,"column":20},"end":{"line":205,"column":1}}},"5":{"name":"updateSessionEmail","decl":{"start":{"line":210,"column":22},"end":{"line":210,"column":40}},"loc":{"start":{"line":212,"column":15},"end":{"line":219,"column":1}}},"6":{"name":"requireAuth","decl":{"start":{"line":221,"column":16},"end":{"line":221,"column":27}},"loc":{"start":{"line":221,"column":75},"end":{"line":226,"column":1}}}},"branchMap":{"0":{"loc":{"start":{"line":26,"column":2},"end":{"line":34,"column":3}},"type":"if","locations":[{"start":{"line":26,"column":2},"end":{"line":34,"column":3}},{"start":{},"end":{}}]},"1":{"loc":{"start":{"line":26,"column":6},"end":{"line":26,"column":49}},"type":"binary-expr","locations":[{"start":{"line":26,"column":6},"end":{"line":26,"column":18}},{"start":{"line":26,"column":22},"end":{"line":26,"column":49}}]},"2":{"loc":{"start":{"line":37,"column":4},"end":{"line":37,"column":75}},"type":"binary-expr","locations":[{"start":{"line":37,"column":4},"end":{"line":37,"column":30}},{"start":{"line":37,"column":34},"end":{"line":37,"column":75}}]},"3":{"loc":{"start":{"line":53,"column":4},"end":{"line":53,"column":40}},"type":"if","locations":[{"start":{"line":53,"column":4},"end":{"line":53,"column":40}},{"start":{},"end":{}}]},"4":{"loc":{"start":{"line":66,"column":4},"end":{"line":71,"column":5}},"type":"if","locations":[{"start":{"line":66,"column":4},"end":{"line":71,"column":5}},{"start":{},"end":{}}]},"5":{"loc":{"start":{"line":73,"column":4},"end":{"line":76,"column":5}},"type":"if","locations":[{"start":{"line":73,"column":4},"end":{"line":76,"column":5}},{"start":{},"end":{}}]},"6":{"loc":{"start":{"line":97,"column":4},"end":{"line":118,"column":5}},"type":"if","locations":[{"start":{"line":97,"column":4},"end":{"line":118,"column":5}},{"start":{},"end":{}}]},"7":{"loc":{"start":{"line":99,"column":6},"end":{"line":117,"column":7}},"type":"if","locations":[{"start":{"line":99,"column":6},"end":{"line":117,"column":7}},{"start":{},"end":{}}]},"8":{"loc":{"start":{"line":105,"column":8},"end":{"line":116,"column":9}},"type":"if","locations":[{"start":{"line":105,"column":8},"end":{"line":116,"column":9}},{"start":{},"end":{}}]},"9":{"loc":{"start":{"line":105,"column":12},"end":{"line":105,"column":63}},"type":"binary-expr","locations":[{"start":{"line":105,"column":12},"end":{"line":105,"column":19}},{"start":{"line":105,"column":23},"end":{"line":105,"column":63}}]},"10":{"loc":{"start":{"line":107,"column":33},"end":{"line":109,"column":18}},"type":"cond-expr","locations":[{"start":{"line":108,"column":14},"end":{"line":108,"column":40}},{"start":{"line":109,"column":14},"end":{"line":109,"column":18}}]},"11":{"loc":{"start":{"line":140,"column":8},"end":{"line":141,"column":45}},"type":"binary-expr","locations":[{"start":{"line":140,"column":8},"end":{"line":140,"column":45}},{"start":{"line":141,"column":8},"end":{"line":141,"column":45}}]},"12":{"loc":{"start":{"line":186,"column":10},"end":{"line":187,"column":47}},"type":"binary-expr","locations":[{"start":{"line":186,"column":10},"end":{"line":186,"column":47}},{"start":{"line":187,"column":10},"end":{"line":187,"column":47}}]},"13":{"loc":{"start":{"line":222,"column":2},"end":{"line":224,"column":3}},"type":"if","locations":[{"start":{"line":222,"column":2},"end":{"line":224,"column":3}},{"start":{},"end":{}}]}},"s":{"0":0,"1":0,"2":0,"3":0,"4":0,"5":0,"6":0,"7":0,"8":0,"9":0,"10":0,"11":0,"12":0,"13":0,"14":0,"15":0,"16":0,"17":0,"18":0,"19":0,"20":0,"21":0,"22":0,"23":0,"24":0,"25":0,"26":0,"27":0,"28":0,"29":0,"30":0,"31":0,"32":0,"33":0,"34":0,"35":0,"36":0,"37":0,"38":0,"39":0,"40":0,"41":0,"42":0,"43":0,"44":0,"45":0,"46":0,"47":0,"48":0,"49":0,"50":0,"51":0,"52":0,"53":0,"54":0,"55":0,"56":0,"57":0,"58":0,"59":0,"60":0,"61":0,"62":0,"63":0,"64":0,"65":0,"66":0,"67":0,"68":0,"69":0,"70":0,"71":0},"f":{"0":0,"1":0,"2":0,"3":0,"4":0,"5":0,"6":0},"b":{"0":[0,0],"1":[0,0],"2":[0,0],"3":[0,0],"4":[0,0],"5":[0,0],"6":[0,0],"7":[0,0],"8":[0,0],"9":[0,0],"10":[0,0],"11":[0,0],"12":[0,0],"13":[0,0]}}
,"C:\\Dev\\Noor-CBT\\server\\middleware\\production.ts": {"path":"C:\\Dev\\Noor-CBT\\server\\middleware\\production.ts","statementMap":{"0":{"start":{"line":27,"column":0},"end":{"line":27,"column":16}},"1":{"start":{"line":62,"column":0},"end":{"line":62,"column":16}},"2":{"start":{"line":113,"column":0},"end":{"line":113,"column":16}},"3":{"start":{"line":164,"column":0},"end":{"line":164,"column":16}},"4":{"start":{"line":9,"column":0},"end":{"line":9,"column":36}},"5":{"start":{"line":33,"column":21},"end":{"line":33,"column":75}},"6":{"start":{"line":35,"column":2},"end":{"line":35,"column":28}},"7":{"start":{"line":36,"column":2},"end":{"line":36,"column":43}},"8":{"start":{"line":38,"column":2},"end":{"line":38,"column":9}},"9":{"start":{"line":51,"column":23},"end":{"line":51,"column":56}},"10":{"start":{"line":54,"column":29},"end":{"line":54,"column":38}},"11":{"start":{"line":55,"column":32},"end":{"line":55,"column":35}},"12":{"start":{"line":63,"column":23},"end":{"line":63,"column":60}},"13":{"start":{"line":65,"column":2},"end":{"line":68,"column":3}},"14":{"start":{"line":67,"column":4},"end":{"line":67,"column":54}},"15":{"start":{"line":71,"column":2},"end":{"line":71,"column":51}},"16":{"start":{"line":78,"column":20},"end":{"line":78,"column":50}},"17":{"start":{"line":79,"column":2},"end":{"line":84,"column":3}},"18":{"start":{"line":80,"column":16},"end":{"line":81,"column":null}},"19":{"start":{"line":83,"column":4},"end":{"line":83,"column":25}},"20":{"start":{"line":85,"column":2},"end":{"line":85,"column":57}},"21":{"start":{"line":93,"column":14},"end":{"line":93,"column":24}},"22":{"start":{"line":94,"column":2},"end":{"line":98,"column":3}},"23":{"start":{"line":95,"column":4},"end":{"line":97,"column":5}},"24":{"start":{"line":96,"column":6},"end":{"line":96,"column":33}},"25":{"start":{"line":102,"column":0},"end":{"line":102,"column":50}},"26":{"start":{"line":119,"column":2},"end":{"line":121,"column":3}},"27":{"start":{"line":120,"column":4},"end":{"line":120,"column":18}},"28":{"start":{"line":123,"column":19},"end":{"line":123,"column":43}},"29":{"start":{"line":124,"column":14},"end":{"line":124,"column":24}},"30":{"start":{"line":126,"column":14},"end":{"line":126,"column":42}},"31":{"start":{"line":129,"column":2},"end":{"line":134,"column":3}},"32":{"start":{"line":130,"column":4},"end":{"line":133,"column":6}},"33":{"start":{"line":136,"column":2},"end":{"line":136,"column":16}},"34":{"start":{"line":137,"column":2},"end":{"line":137,"column":38}},"35":{"start":{"line":140,"column":20},"end":{"line":140,"column":70}},"36":{"start":{"line":141,"column":23},"end":{"line":141,"column":64}},"37":{"start":{"line":143,"column":2},"end":{"line":143,"column":73}},"38":{"start":{"line":144,"column":2},"end":{"line":144,"column":63}},"39":{"start":{"line":145,"column":2},"end":{"line":145,"column":62}},"40":{"start":{"line":148,"column":2},"end":{"line":156,"column":3}},"41":{"start":{"line":149,"column":4},"end":{"line":149,"column":58}},"42":{"start":{"line":150,"column":4},"end":{"line":154,"column":7}},"43":{"start":{"line":155,"column":4},"end":{"line":155,"column":11}},"44":{"start":{"line":158,"column":2},"end":{"line":158,"column":9}},"45":{"start":{"line":168,"column":2},"end":{"line":171,"column":4}}},"fnMap":{"0":{"name":"requestIdMiddleware","decl":{"start":{"line":27,"column":16},"end":{"line":27,"column":35}},"loc":{"start":{"line":30,"column":20},"end":{"line":39,"column":1}}},"1":{"name":"isRateLimitEnabled","decl":{"start":{"line":62,"column":16},"end":{"line":62,"column":34}},"loc":{"start":{"line":62,"column":34},"end":{"line":72,"column":1}}},"2":{"name":"getClientIdentifier","decl":{"start":{"line":77,"column":9},"end":{"line":77,"column":28}},"loc":{"start":{"line":77,"column":41},"end":{"line":86,"column":1}}},"3":{"name":"cleanupExpiredEntries","decl":{"start":{"line":92,"column":9},"end":{"line":92,"column":30}},"loc":{"start":{"line":92,"column":30},"end":{"line":99,"column":1}}},"4":{"name":"rateLimiterMiddleware","decl":{"start":{"line":113,"column":16},"end":{"line":113,"column":37}},"loc":{"start":{"line":116,"column":20},"end":{"line":159,"column":1}}},"5":{"name":"getRateLimitStatus","decl":{"start":{"line":164,"column":16},"end":{"line":164,"column":34}},"loc":{"start":{"line":164,"column":34},"end":{"line":172,"column":1}}}},"branchMap":{"0":{"loc":{"start":{"line":33,"column":21},"end":{"line":33,"column":75}},"type":"binary-expr","locations":[{"start":{"line":33,"column":21},"end":{"line":33,"column":59}},{"start":{"line":33,"column":63},"end":{"line":33,"column":75}}]},"1":{"loc":{"start":{"line":65,"column":2},"end":{"line":68,"column":3}},"type":"if","locations":[{"start":{"line":65,"column":2},"end":{"line":68,"column":3}},{"start":{},"end":{}}]},"2":{"loc":{"start":{"line":79,"column":2},"end":{"line":84,"column":3}},"type":"if","locations":[{"start":{"line":79,"column":2},"end":{"line":84,"column":3}},{"start":{},"end":{}}]},"3":{"loc":{"start":{"line":80,"column":17},"end":{"line":80,"column":68}},"type":"cond-expr","locations":[{"start":{"line":80,"column":44},"end":{"line":80,"column":56}},{"start":{"line":80,"column":59},"end":{"line":80,"column":68}}]},"4":{"loc":{"start":{"line":85,"column":9},"end":{"line":85,"column":56}},"type":"binary-expr","locations":[{"start":{"line":85,"column":9},"end":{"line":85,"column":15}},{"start":{"line":85,"column":19},"end":{"line":85,"column":43}},{"start":{"line":85,"column":47},"end":{"line":85,"column":56}}]},"5":{"loc":{"start":{"line":95,"column":4},"end":{"line":97,"column":5}},"type":"if","locations":[{"start":{"line":95,"column":4},"end":{"line":97,"column":5}},{"start":{},"end":{}}]},"6":{"loc":{"start":{"line":119,"column":2},"end":{"line":121,"column":3}},"type":"if","locations":[{"start":{"line":119,"column":2},"end":{"line":121,"column":3}},{"start":{},"end":{}}]},"7":{"loc":{"start":{"line":129,"column":2},"end":{"line":134,"column":3}},"type":"if","locations":[{"start":{"line":129,"column":2},"end":{"line":134,"column":3}},{"start":{},"end":{}}]},"8":{"loc":{"start":{"line":129,"column":6},"end":{"line":129,"column":37}},"type":"binary-expr","locations":[{"start":{"line":129,"column":6},"end":{"line":129,"column":12}},{"start":{"line":129,"column":16},"end":{"line":129,"column":37}}]},"9":{"loc":{"start":{"line":148,"column":2},"end":{"line":156,"column":3}},"type":"if","locations":[{"start":{"line":148,"column":2},"end":{"line":156,"column":3}},{"start":{},"end":{}}]}},"s":{"0":0,"1":0,"2":0,"3":0,"4":0,"5":0,"6":0,"7":0,"8":0,"9":0,"10":0,"11":0,"12":0,"13":0,"14":0,"15":0,"16":0,"17":0,"18":0,"19":0,"20":0,"21":0,"22":0,"23":0,"24":0,"25":0,"26":0,"27":0,"28":0,"29":0,"30":0,"31":0,"32":0,"33":0,"34":0,"35":0,"36":0,"37":0,"38":0,"39":0,"40":0,"41":0,"42":0,"43":0,"44":0,"45":0},"f":{"0":0,"1":0,"2":0,"3":0,"4":0,"5":0},"b":{"0":[0,0],"1":[0,0],"2":[0,0],"3":[0,0],"4":[0,0,0],"5":[0,0],"6":[0,0],"7":[0,0],"8":[0,0],"9":[0,0]}}
,"C:\\Dev\\Noor-CBT\\server\\middleware\\rate-limit.ts": {"path":"C:\\Dev\\Noor-CBT\\server\\middleware\\rate-limit.ts","statementMap":{"0":{"start":{"line":1,"column":0},"end":{"line":1,"column":43}},"1":{"start":{"line":14,"column":21},"end":{"line":14,"column":58}},"2":{"start":{"line":20,"column":13},"end":{"line":33,"column":3}},"3":{"start":{"line":31,"column":4},"end":{"line":31,"column":38}},"4":{"start":{"line":39,"column":13},"end":{"line":49,"column":3}},"5":{"start":{"line":55,"column":13},"end":{"line":65,"column":3}},"6":{"start":{"line":71,"column":13},"end":{"line":80,"column":3}},"7":{"start":{"line":86,"column":13},"end":{"line":96,"column":3}}},"fnMap":{"0":{"name":"(anonymous_1)","decl":{"start":{"line":29,"column":8},"end":{"line":29,"column":9}},"loc":{"start":{"line":29,"column":16},"end":{"line":32,"column":3}}}},"branchMap":{"0":{"loc":{"start":{"line":22,"column":7},"end":{"line":22,"column":32}},"type":"cond-expr","locations":[{"start":{"line":22,"column":22},"end":{"line":22,"column":25}},{"start":{"line":22,"column":28},"end":{"line":22,"column":32}}]},"1":{"loc":{"start":{"line":41,"column":7},"end":{"line":41,"column":30}},"type":"cond-expr","locations":[{"start":{"line":41,"column":22},"end":{"line":41,"column":24}},{"start":{"line":41,"column":27},"end":{"line":41,"column":30}}]},"2":{"loc":{"start":{"line":57,"column":7},"end":{"line":57,"column":28}},"type":"cond-expr","locations":[{"start":{"line":57,"column":22},"end":{"line":57,"column":23}},{"start":{"line":57,"column":26},"end":{"line":57,"column":28}}]},"3":{"loc":{"start":{"line":73,"column":7},"end":{"line":73,"column":32}},"type":"cond-expr","locations":[{"start":{"line":73,"column":22},"end":{"line":73,"column":25}},{"start":{"line":73,"column":28},"end":{"line":73,"column":32}}]},"4":{"loc":{"start":{"line":88,"column":7},"end":{"line":88,"column":28}},"type":"cond-expr","locations":[{"start":{"line":88,"column":22},"end":{"line":88,"column":23}},{"start":{"line":88,"column":26},"end":{"line":88,"column":28}}]}},"s":{"0":0,"1":0,"2":0,"3":0,"4":0,"5":0,"6":0,"7":0},"f":{"0":0},"b":{"0":[0,0],"1":[0,0],"2":[0,0],"3":[0,0],"4":[0,0]}}
,"C:\\Dev\\Noor-CBT\\server\\utils\\promptLoader.ts": {"path":"C:\\Dev\\Noor-CBT\\server\\utils\\promptLoader.ts","statementMap":{"0":{"start":{"line":10,"column":0},"end":{"line":10,"column":16}},"1":{"start":{"line":1,"column":0},"end":{"line":1,"column":34}},"2":{"start":{"line":2,"column":0},"end":{"line":2,"column":28}},"3":{"start":{"line":14,"column":2},"end":{"line":30,"column":3}},"4":{"start":{"line":15,"column":23},"end":{"line":15,"column":65}},"5":{"start":{"line":16,"column":18},"end":{"line":16,"column":51}},"6":{"start":{"line":19,"column":4},"end":{"line":24,"column":5}},"7":{"start":{"line":20,"column":6},"end":{"line":23,"column":7}},"8":{"start":{"line":21,"column":28},"end":{"line":21,"column":40}},"9":{"start":{"line":22,"column":8},"end":{"line":22,"column":54}},"10":{"start":{"line":26,"column":4},"end":{"line":26,"column":19}},"11":{"start":{"line":28,"column":4},"end":{"line":28,"column":63}},"12":{"start":{"line":29,"column":4},"end":{"line":29,"column":58}}},"fnMap":{"0":{"name":"loadPrompt","decl":{"start":{"line":10,"column":16},"end":{"line":10,"column":26}},"loc":{"start":{"line":12,"column":39},"end":{"line":31,"column":1}}}},"branchMap":{"0":{"loc":{"start":{"line":19,"column":4},"end":{"line":24,"column":5}},"type":"if","locations":[{"start":{"line":19,"column":4},"end":{"line":24,"column":5}},{"start":{},"end":{}}]}},"s":{"0":0,"1":0,"2":0,"3":0,"4":0,"5":0,"6":0,"7":0,"8":0,"9":0,"10":0,"11":0,"12":0},"f":{"0":0},"b":{"0":[0,0]}}
}
