TN:
SF:server\ai-safety.ts
FN:63,detectCrisis
FN:93,(anonymous_2)
FN:113,(anonymous_3)
FN:133,(anonymous_4)
FN:246,detectScrupulosity
FN:250,(anonymous_6)
FN:330,validateTheologicalSafety
FN:360,validateAIOutput
FN:397,(anonymous_9)
FN:419,(anonymous_10)
FN:467,(anonymous_11)
FN:475,(anonymous_12)
FN:477,(anonymous_13)
FN:480,(anonymous_14)
FN:484,(anonymous_15)
FN:487,(anonymous_16)
FN:496,(anonymous_17)
FN:500,(anonymous_18)
FN:503,(anonymous_19)
FN:511,(anonymous_20)
FN:596,createSafeLogEntry
FN:613,hashUserId
FN:617,redactSensitiveContent
FN:633,getAdaptiveSafetyThresholds
FN:660,validateAndSanitizeInput
FNF:25
FNH:10
FNDA:44,detectCrisis
FNDA:452,(anonymous_2)
FNDA:239,(anonymous_3)
FNDA:148,(anonymous_4)
FNDA:25,detectScrupulosity
FNDA:350,(anonymous_6)
FNDA:26,validateTheologicalSafety
FNDA:6,validateAIOutput
FNDA:32,(anonymous_9)
FNDA:46,(anonymous_10)
FNDA:0,(anonymous_11)
FNDA:0,(anonymous_12)
FNDA:0,(anonymous_13)
FNDA:0,(anonymous_14)
FNDA:0,(anonymous_15)
FNDA:0,(anonymous_16)
FNDA:0,(anonymous_17)
FNDA:0,(anonymous_18)
FNDA:0,(anonymous_19)
FNDA:0,(anonymous_20)
FNDA:0,createSafeLogEntry
FNDA:0,hashUserId
FNDA:0,redactSensitiveContent
FNDA:0,getAdaptiveSafetyThresholds
FNDA:0,validateAndSanitizeInput
DA:9,2
DA:25,2
DA:42,2
DA:54,2
DA:63,2
DA:64,44
DA:65,44
DA:69,44
DA:75,44
DA:76,132
DA:79,0
DA:93,44
DA:94,452
DA:95,12
DA:96,12
DA:98,440
DA:101,44
DA:102,12
DA:113,32
DA:114,239
DA:115,5
DA:116,5
DA:118,234
DA:121,32
DA:122,5
DA:133,27
DA:134,148
DA:135,5
DA:136,5
DA:138,143
DA:141,27
DA:142,5
DA:152,22
DA:165,2
DA:226,2
DA:246,2
DA:247,25
DA:250,25
DA:251,350
DA:256,25
DA:261,25
DA:266,25
DA:271,25
DA:272,5
DA:275,20
DA:278,2
DA:294,2
DA:330,2
DA:334,26
DA:335,26
DA:337,26
DA:338,676
DA:339,18
DA:343,26
DA:360,2
DA:367,6
DA:368,6
DA:371,6
DA:372,6
DA:373,1
DA:374,1
DA:378,6
DA:379,6
DA:380,1
DA:383,1
DA:387,6
DA:397,6
DA:398,32
DA:401,6
DA:402,2
DA:403,2
DA:407,6
DA:419,6
DA:420,46
DA:423,6
DA:424,1
DA:426,1
DA:430,6
DA:431,0
DA:432,0
DA:435,6
DA:464,2
DA:465,2
DA:468,0
DA:469,0
DA:470,0
DA:472,0
DA:476,0
DA:477,0
DA:481,0
DA:484,0
DA:487,0
DA:488,0
DA:489,0
DA:490,0
DA:493,0
DA:497,0
DA:501,0
DA:502,0
DA:503,0
DA:506,0
DA:507,0
DA:511,0
DA:512,0
DA:513,0
DA:517,0
DA:518,0
DA:520,0
DA:525,2
DA:531,2
DA:596,2
DA:601,0
DA:614,0
DA:617,2
DA:619,0
DA:633,2
DA:638,0
DA:645,0
DA:646,0
DA:653,0
DA:660,2
DA:665,0
DA:666,0
DA:669,0
DA:670,0
DA:673,0
DA:674,0
DA:675,0
DA:679,0
DA:680,0
DA:681,0
DA:682,0
DA:686,0
LF:133
LH:86
BRDA:76,0,0,0
BRDA:76,0,1,132
BRDA:94,1,0,12
BRDA:94,1,1,440
BRDA:101,2,0,12
BRDA:101,2,1,32
BRDA:114,3,0,5
BRDA:114,3,1,234
BRDA:121,4,0,5
BRDA:121,4,1,27
BRDA:134,5,0,5
BRDA:134,5,1,143
BRDA:141,6,0,5
BRDA:141,6,1,22
BRDA:256,7,0,25
BRDA:256,7,1,20
BRDA:256,7,2,20
BRDA:256,7,3,20
BRDA:261,8,0,25
BRDA:261,8,1,24
BRDA:261,8,2,19
BRDA:261,8,3,17
BRDA:266,9,0,25
BRDA:266,9,1,21
BRDA:266,9,2,21
BRDA:266,9,3,21
BRDA:271,10,0,5
BRDA:271,10,1,20
BRDA:271,11,0,25
BRDA:271,11,1,5
BRDA:271,11,2,0
BRDA:338,12,0,18
BRDA:338,12,1,658
BRDA:372,13,0,1
BRDA:372,13,1,5
BRDA:379,14,0,1
BRDA:379,14,1,5
BRDA:379,15,0,6
BRDA:379,15,1,1
BRDA:401,16,0,2
BRDA:401,16,1,4
BRDA:423,17,0,1
BRDA:423,17,1,5
BRDA:430,18,0,0
BRDA:430,18,1,6
BRDA:430,19,0,6
BRDA:430,19,1,0
BRDA:432,20,0,0
BRDA:432,20,1,0
BRDA:469,21,0,0
BRDA:469,21,1,0
BRDA:476,22,0,0
BRDA:476,22,1,0
BRDA:477,23,0,0
BRDA:477,23,1,0
BRDA:481,24,0,0
BRDA:481,24,1,0
BRDA:488,25,0,0
BRDA:488,25,1,0
BRDA:497,26,0,0
BRDA:497,26,1,0
BRDA:501,27,0,0
BRDA:501,27,1,0
BRDA:506,28,0,0
BRDA:506,28,1,0
BRDA:512,29,0,0
BRDA:512,29,1,0
BRDA:512,30,0,0
BRDA:512,30,1,0
BRDA:645,31,0,0
BRDA:645,31,1,0
BRDA:669,32,0,0
BRDA:669,32,1,0
BRDA:673,33,0,0
BRDA:673,33,1,0
BRDA:681,34,0,0
BRDA:681,34,1,0
BRF:77
BRH:43
end_of_record
TN:
SF:server\canonical-orchestrator.ts
FN:96,(anonymous_0)
FN:116,(anonymous_1)
FN:293,(anonymous_2)
FN:318,(anonymous_3)
FN:390,(anonymous_4)
FN:419,(anonymous_5)
FN:430,enforceCanonicalOrchestration
FN:456,(anonymous_7)
FN:465,(anonymous_8)
FN:469,(anonymous_9)
FN:470,(anonymous_10)
FN:473,(anonymous_11)
FN:474,(anonymous_12)
FN:477,(anonymous_13)
FN:484,(anonymous_14)
FN:486,(anonymous_15)
FN:506,(anonymous_16)
FNF:17
FNH:4
FNDA:12,(anonymous_0)
FNDA:151,(anonymous_1)
FNDA:0,(anonymous_2)
FNDA:0,(anonymous_3)
FNDA:7,(anonymous_4)
FNDA:19,(anonymous_5)
FNDA:0,enforceCanonicalOrchestration
FNDA:0,(anonymous_7)
FNDA:0,(anonymous_8)
FNDA:0,(anonymous_9)
FNDA:0,(anonymous_10)
FNDA:0,(anonymous_11)
FNDA:0,(anonymous_12)
FNDA:0,(anonymous_13)
FNDA:0,(anonymous_14)
FNDA:0,(anonymous_15)
FNDA:0,(anonymous_16)
DA:17,1
DA:23,1
DA:24,1
DA:91,1
DA:99,12
DA:116,12
DA:117,151
DA:120,12
DA:121,12
DA:126,12
DA:128,12
DA:133,12
DA:134,1
DA:135,1
DA:136,1
DA:138,1
DA:141,1
DA:142,1
DA:147,1
DA:152,1
DA:155,11
DA:156,11
DA:161,11
DA:164,11
DA:165,11
DA:170,11
DA:171,11
DA:173,0
DA:174,0
DA:175,0
DA:176,0
DA:178,0
DA:179,0
DA:185,0
DA:191,11
DA:193,11
DA:202,11
DA:203,4
DA:204,4
DA:207,4
DA:208,13
DA:212,13
DA:221,4
DA:224,4
DA:225,4
DA:228,7
DA:229,7
DA:234,7
DA:236,7
DA:237,0
DA:238,0
DA:240,0
DA:241,0
DA:248,0
DA:251,0
DA:252,0
DA:255,7
DA:256,7
DA:261,7
DA:264,7
DA:269,7
DA:270,1
DA:271,1
DA:273,1
DA:274,1
DA:284,7
DA:285,7
DA:290,7
DA:293,7
DA:294,0
DA:297,7
DA:298,0
DA:299,0
DA:301,0
DA:306,7
DA:308,7
DA:315,7
DA:317,7
DA:319,0
DA:324,7
DA:325,0
DA:328,0
DA:330,0
DA:331,0
DA:337,0
DA:340,0
DA:341,0
DA:344,7
DA:345,7
DA:350,7
DA:352,7
DA:353,7
DA:354,7
DA:355,7
DA:358,7
DA:359,7
DA:364,0
DA:365,0
DA:368,0
DA:369,0
DA:372,0
DA:373,0
DA:374,0
DA:376,0
DA:377,0
DA:384,7
DA:395,7
DA:397,7
DA:418,7
DA:419,19
DA:430,1
DA:435,0
DA:437,0
DA:438,0
DA:441,0
DA:442,0
DA:445,0
DA:452,1
DA:453,1
DA:454,1
DA:457,0
DA:460,0
DA:461,0
DA:466,0
DA:470,0
DA:474,0
DA:483,0
DA:484,0
DA:485,0
DA:486,0
DA:489,0
DA:490,0
DA:491,0
DA:492,0
DA:493,0
DA:498,0
DA:507,0
LF:137
LH:79
BRDA:133,0,0,1
BRDA:133,0,1,11
BRDA:137,1,0,1
BRDA:137,1,1,0
BRDA:141,2,0,1
BRDA:141,2,1,0
BRDA:202,3,0,4
BRDA:202,3,1,7
BRDA:236,4,0,0
BRDA:236,4,1,7
BRDA:269,5,0,1
BRDA:269,5,1,6
BRDA:284,6,0,6
BRDA:284,6,1,1
BRDA:285,7,0,6
BRDA:285,7,1,1
BRDA:297,8,0,0
BRDA:297,8,1,7
BRDA:307,9,0,7
BRDA:307,9,1,0
BRDA:309,10,0,7
BRDA:309,10,1,0
BRDA:319,11,0,0
BRDA:319,11,1,0
BRDA:319,11,2,0
BRDA:324,12,0,0
BRDA:324,12,1,7
BRDA:352,13,0,7
BRDA:352,13,1,0
BRDA:352,14,0,7
BRDA:352,14,1,7
BRDA:418,15,0,7
BRDA:418,15,1,0
BRDA:437,16,0,0
BRDA:437,16,1,0
BRDA:437,17,0,0
BRDA:437,17,1,0
BRDA:441,18,0,0
BRDA:441,18,1,0
BRDA:441,19,0,0
BRDA:441,19,1,0
BRDA:460,20,0,0
BRDA:460,20,1,0
BRDA:465,21,0,0
BRDA:492,22,0,0
BRDA:492,22,1,0
BRDA:492,23,0,0
BRDA:492,23,1,0
BRDA:493,24,0,0
BRDA:493,24,1,0
BRDA:500,25,0,0
BRDA:500,25,1,0
BRDA:501,26,0,0
BRDA:501,26,1,0
BRF:54
BRH:21
end_of_record
TN:
SF:server\charter-compliance.ts
FN:84,(anonymous_0)
FN:127,(anonymous_1)
FN:288,(anonymous_2)
FN:341,(anonymous_3)
FN:396,(anonymous_4)
FN:443,(anonymous_5)
FN:471,(anonymous_6)
FN:523,(anonymous_7)
FN:566,(anonymous_8)
FN:619,(anonymous_9)
FN:624,(anonymous_10)
FN:627,(anonymous_11)
FN:636,(anonymous_12)
FN:661,(anonymous_13)
FN:668,(anonymous_14)
FN:682,(anonymous_15)
FN:696,validateOutput
FN:714,quickTheologicalCheck
FN:726,(anonymous_18)
FN:734,(anonymous_19)
FN:741,shouldRejectOutput
FNF:21
FNH:15
FNDA:26,(anonymous_0)
FNDA:26,(anonymous_1)
FNDA:26,(anonymous_2)
FNDA:20,(anonymous_3)
FNDA:26,(anonymous_4)
FNDA:26,(anonymous_5)
FNDA:26,(anonymous_6)
FNDA:26,(anonymous_7)
FNDA:26,(anonymous_8)
FNDA:26,(anonymous_9)
FNDA:18,(anonymous_10)
FNDA:5,(anonymous_11)
FNDA:26,(anonymous_12)
FNDA:0,(anonymous_13)
FNDA:0,(anonymous_14)
FNDA:0,(anonymous_15)
FNDA:13,validateOutput
FNDA:0,quickTheologicalCheck
FNDA:0,(anonymous_18)
FNDA:0,(anonymous_19)
FNDA:11,shouldRejectOutput
DA:20,2
DA:78,2
DA:79,2
DA:85,26
DA:86,26
DA:89,26
DA:92,26
DA:95,26
DA:98,26
DA:101,26
DA:104,26
DA:107,26
DA:110,26
DA:113,26
DA:115,26
DA:128,26
DA:129,26
DA:132,26
DA:140,26
DA:141,130
DA:142,1
DA:153,26
DA:169,26
DA:170,104
DA:171,0
DA:182,26
DA:189,26
DA:190,104
DA:191,3
DA:202,26
DA:209,26
DA:210,104
DA:211,5
DA:222,26
DA:230,26
DA:231,130
DA:232,0
DA:243,26
DA:250,26
DA:251,104
DA:252,2
DA:263,26
DA:270,26
DA:271,104
DA:272,0
DA:282,26
DA:291,26
DA:294,26
DA:296,0
DA:300,0
DA:301,0
DA:312,26
DA:316,5
DA:320,5
DA:327,5
DA:328,0
DA:339,5
DA:341,20
DA:342,5
DA:343,5
DA:345,5
DA:346,1
DA:358,26
DA:359,3
DA:360,3
DA:377,3
DA:378,42
DA:379,10
DA:390,26
DA:399,26
DA:402,26
DA:407,4
DA:411,4
DA:412,1
DA:422,4
DA:426,4
DA:427,2
DA:437,26
DA:444,26
DA:447,26
DA:451,4
DA:454,4
DA:455,0
DA:465,26
DA:472,26
DA:473,26
DA:476,26
DA:485,26
DA:486,156
DA:487,0
DA:498,26
DA:505,26
DA:506,104
DA:507,0
DA:517,26
DA:524,26
DA:525,26
DA:528,26
DA:529,260
DA:530,1
DA:541,26
DA:548,26
DA:549,104
DA:550,0
DA:560,26
DA:569,26
DA:572,26
DA:573,26
DA:574,3
DA:584,26
DA:588,4
DA:589,1
DA:600,26
DA:603,26
DA:604,0
DA:613,26
DA:622,26
DA:624,18
DA:625,16
DA:627,5
DA:628,5
DA:630,0
DA:640,26
DA:642,10
DA:645,0
DA:648,5
DA:651,11
DA:654,0
DA:662,0
DA:669,0
DA:670,0
DA:673,0
DA:674,0
DA:675,0
DA:681,0
DA:682,0
DA:685,0
DA:696,2
DA:702,13
DA:714,2
DA:718,0
DA:723,0
DA:725,0
DA:727,0
DA:732,0
DA:734,0
DA:741,2
DA:742,11
LF:148
LH:118
BRDA:141,0,0,1
BRDA:141,0,1,129
BRDA:170,1,0,0
BRDA:170,1,1,104
BRDA:190,2,0,3
BRDA:190,2,1,101
BRDA:210,3,0,5
BRDA:210,3,1,99
BRDA:231,4,0,0
BRDA:231,4,1,130
BRDA:251,5,0,2
BRDA:251,5,1,102
BRDA:271,6,0,0
BRDA:271,6,1,104
BRDA:294,7,0,0
BRDA:294,7,1,26
BRDA:296,8,0,0
BRDA:296,8,1,0
BRDA:296,8,2,0
BRDA:300,9,0,0
BRDA:300,9,1,0
BRDA:312,10,0,5
BRDA:312,10,1,21
BRDA:313,11,0,26
BRDA:313,11,1,22
BRDA:320,12,0,5
BRDA:320,12,1,4
BRDA:320,12,2,4
BRDA:320,12,3,4
BRDA:320,12,4,4
BRDA:320,12,5,4
BRDA:327,13,0,0
BRDA:327,13,1,5
BRDA:327,14,0,5
BRDA:327,14,1,1
BRDA:342,15,0,5
BRDA:342,15,1,0
BRDA:345,16,0,1
BRDA:345,16,1,4
BRDA:358,17,0,3
BRDA:358,17,1,23
BRDA:378,18,0,10
BRDA:378,18,1,32
BRDA:402,19,0,4
BRDA:402,19,1,22
BRDA:403,20,0,26
BRDA:403,20,1,5
BRDA:407,21,0,4
BRDA:407,21,1,3
BRDA:407,21,2,3
BRDA:411,22,0,1
BRDA:411,22,1,3
BRDA:422,23,0,4
BRDA:422,23,1,2
BRDA:422,23,2,2
BRDA:426,24,0,2
BRDA:426,24,1,2
BRDA:447,25,0,4
BRDA:447,25,1,22
BRDA:448,26,0,26
BRDA:448,26,1,5
BRDA:454,27,0,0
BRDA:454,27,1,4
BRDA:486,28,0,0
BRDA:486,28,1,156
BRDA:506,29,0,0
BRDA:506,29,1,104
BRDA:529,30,0,1
BRDA:529,30,1,259
BRDA:549,31,0,0
BRDA:549,31,1,104
BRDA:572,32,0,26
BRDA:572,32,1,22
BRDA:573,33,0,3
BRDA:573,33,1,23
BRDA:584,34,0,4
BRDA:584,34,1,22
BRDA:585,35,0,26
BRDA:585,35,1,5
BRDA:588,36,0,1
BRDA:588,36,1,3
BRDA:601,37,0,26
BRDA:601,37,1,26
BRDA:603,38,0,0
BRDA:603,38,1,26
BRDA:622,39,0,10
BRDA:622,39,1,16
BRDA:625,40,0,11
BRDA:625,40,1,5
BRDA:628,41,0,5
BRDA:628,41,1,0
BRDA:640,42,0,10
BRDA:640,42,1,0
BRDA:640,42,2,5
BRDA:640,42,3,11
BRDA:640,42,4,0
BRDA:669,43,0,0
BRDA:669,43,1,0
BRDA:677,44,0,0
BRDA:677,44,1,0
BRDA:727,45,0,0
BRDA:727,45,1,0
BRDA:727,45,2,0
BRDA:742,46,0,11
BRDA:742,46,1,9
BRF:105
BRH:79
end_of_record
TN:
SF:server\config.ts
FN:63,isPlaceholderKey
FN:71,isOpenAIConfigured
FN:78,isStripeConfigured
FN:88,isDatabaseConfigured
FN:99,getValidationModeAnalyzeResponse
FN:121,getValidationModeReframeResponse
FN:141,getValidationModePracticeResponse
FN:162,getValidationModeInsightSummary
FN:173,logConfigStatus
FN:232,validateProductionConfig
FN:267,(anonymous_10)
FNF:11
FNH:0
FNDA:0,isPlaceholderKey
FNDA:0,isOpenAIConfigured
FNDA:0,isStripeConfigured
FNDA:0,isDatabaseConfigured
FNDA:0,getValidationModeAnalyzeResponse
FNDA:0,getValidationModeReframeResponse
FNDA:0,getValidationModePracticeResponse
FNDA:0,getValidationModeInsightSummary
FNDA:0,logConfigStatus
FNDA:0,validateProductionConfig
FNDA:0,(anonymous_10)
DA:10,0
DA:22,0
DA:29,0
DA:63,0
DA:64,0
DA:65,0
DA:71,0
DA:72,0
DA:78,0
DA:79,0
DA:88,0
DA:89,0
DA:99,0
DA:105,0
DA:121,0
DA:127,0
DA:141,0
DA:147,0
DA:162,0
DA:163,0
DA:173,0
DA:174,0
DA:175,0
DA:176,0
DA:178,0
DA:179,0
DA:180,0
DA:181,0
DA:182,0
DA:184,0
DA:187,0
DA:188,0
DA:189,0
DA:190,0
DA:193,0
DA:194,0
DA:196,0
DA:197,0
DA:198,0
DA:203,0
DA:204,0
DA:206,0
DA:207,0
DA:209,0
DA:210,0
DA:215,0
DA:216,0
DA:218,0
DA:219,0
DA:221,0
DA:225,0
DA:232,0
DA:233,0
DA:235,0
DA:238,0
DA:241,0
DA:242,0
DA:248,0
DA:249,0
DA:254,0
DA:255,0
DA:261,0
DA:262,0
DA:265,0
DA:266,0
DA:267,0
DA:268,0
DA:269,0
DA:270,0
DA:271,0
DA:274,0
DA:275,0
LF:72
LH:0
BRDA:23,0,0,0
BRDA:23,0,1,0
BRDA:31,1,0,0
BRDA:31,1,1,0
BRDA:32,2,0,0
BRDA:32,2,1,0
BRDA:42,3,0,0
BRDA:42,3,1,0
BRDA:64,4,0,0
BRDA:64,4,1,0
BRDA:65,5,0,0
BRDA:65,5,1,0
BRDA:80,6,0,0
BRDA:80,6,1,0
BRDA:178,7,0,0
BRDA:178,7,1,0
BRDA:193,8,0,0
BRDA:193,8,1,0
BRDA:197,9,0,0
BRDA:197,9,1,0
BRDA:203,10,0,0
BRDA:203,10,1,0
BRDA:206,11,0,0
BRDA:206,11,1,0
BRDA:215,12,0,0
BRDA:215,12,1,0
BRDA:218,13,0,0
BRDA:218,13,1,0
BRDA:233,14,0,0
BRDA:233,14,1,0
BRDA:241,15,0,0
BRDA:241,15,1,0
BRDA:241,16,0,0
BRDA:241,16,1,0
BRDA:248,17,0,0
BRDA:248,17,1,0
BRDA:248,18,0,0
BRDA:248,18,1,0
BRDA:254,19,0,0
BRDA:254,19,1,0
BRDA:261,20,0,0
BRDA:261,20,1,0
BRDA:261,21,0,0
BRDA:261,21,1,0
BRDA:265,22,0,0
BRDA:265,22,1,0
BRDA:274,23,0,0
BRDA:274,23,1,0
BRF:48
BRH:0
end_of_record
TN:
SF:server\conversation-state-machine.ts
FN:309,(anonymous_0)
FN:316,(anonymous_1)
FN:332,(anonymous_2)
FN:339,(anonymous_3)
FN:346,(anonymous_4)
FN:356,(anonymous_5)
FN:361,(anonymous_6)
FN:403,(anonymous_7)
FN:433,(anonymous_8)
FN:443,(anonymous_9)
FN:450,(anonymous_10)
FN:457,(anonymous_11)
FN:464,(anonymous_12)
FN:471,(anonymous_13)
FN:473,(anonymous_14)
FN:474,(anonymous_15)
FN:486,(anonymous_16)
FN:493,(anonymous_17)
FN:517,(anonymous_18)
FN:761,createConversationStateMachine
FN:768,getPermissionPhrase
FN:779,getTransitionMessage
FNF:22
FNH:6
FNDA:12,(anonymous_0)
FNDA:12,(anonymous_1)
FNDA:33,(anonymous_2)
FNDA:0,(anonymous_3)
FNDA:12,(anonymous_4)
FNDA:0,(anonymous_5)
FNDA:0,(anonymous_6)
FNDA:0,(anonymous_7)
FNDA:1,(anonymous_8)
FNDA:0,(anonymous_9)
FNDA:0,(anonymous_10)
FNDA:0,(anonymous_11)
FNDA:0,(anonymous_12)
FNDA:0,(anonymous_13)
FNDA:0,(anonymous_14)
FNDA:0,(anonymous_15)
FNDA:0,(anonymous_16)
FNDA:0,(anonymous_17)
FNDA:0,(anonymous_18)
FNDA:12,createConversationStateMachine
FNDA:0,getPermissionPhrase
FNDA:0,getTransitionMessage
DA:113,1
DA:306,1
DA:310,12
DA:317,12
DA:318,12
DA:333,33
DA:340,0
DA:347,12
DA:360,0
DA:362,0
DA:367,0
DA:368,0
DA:376,0
DA:377,0
DA:386,0
DA:387,0
DA:394,0
DA:407,0
DA:409,0
DA:410,0
DA:414,0
DA:415,0
DA:416,0
DA:417,0
DA:420,0
DA:421,0
DA:424,0
DA:434,1
DA:435,1
DA:436,1
DA:437,1
DA:444,0
DA:451,0
DA:458,0
DA:465,0
DA:472,0
DA:473,0
DA:474,0
DA:476,0
DA:477,0
DA:480,0
DA:487,0
DA:495,0
DA:499,0
DA:503,0
DA:504,0
DA:508,0
DA:518,0
DA:535,1
DA:761,1
DA:762,12
DA:768,1
DA:769,0
DA:770,0
DA:773,0
DA:779,1
DA:784,0
DA:805,0
LF:58
LH:16
BRDA:362,0,0,0
BRDA:362,0,1,0
BRDA:362,0,2,0
BRDA:367,1,0,0
BRDA:367,1,1,0
BRDA:376,2,0,0
BRDA:376,2,1,0
BRDA:376,3,0,0
BRDA:376,3,1,0
BRDA:386,4,0,0
BRDA:386,4,1,0
BRDA:386,5,0,0
BRDA:386,5,1,0
BRDA:409,6,0,0
BRDA:409,6,1,0
BRDA:420,7,0,0
BRDA:420,7,1,0
BRDA:476,8,0,0
BRDA:476,8,1,0
BRDA:495,9,0,0
BRDA:495,9,1,0
BRDA:496,10,0,0
BRDA:496,10,1,0
BRDA:503,11,0,0
BRDA:503,11,1,0
BRDA:509,12,0,0
BRDA:509,12,1,0
BRDA:769,13,0,0
BRDA:769,13,1,0
BRDA:769,14,0,0
BRDA:769,14,1,0
BRDA:805,15,0,0
BRDA:805,15,1,0
BRF:33
BRH:0
end_of_record
TN:
SF:server\conversational-ai.ts
FN:58,(anonymous_0)
FN:131,getAdaptiveTone
FN:176,(anonymous_2)
FN:191,(anonymous_3)
FN:202,(anonymous_4)
FN:212,(anonymous_5)
FN:227,(anonymous_6)
FN:249,(anonymous_7)
FN:254,(anonymous_8)
FN:272,(anonymous_9)
FN:279,(anonymous_10)
FN:299,(anonymous_11)
FN:319,(anonymous_12)
FN:336,(anonymous_13)
FN:354,(anonymous_14)
FN:367,(anonymous_15)
FN:388,(anonymous_16)
FN:404,(anonymous_17)
FN:412,(anonymous_18)
FN:413,(anonymous_19)
FN:426,(anonymous_20)
FN:473,(anonymous_21)
FN:479,(anonymous_22)
FN:491,(anonymous_23)
FN:503,(anonymous_24)
FN:536,(anonymous_25)
FN:558,(anonymous_26)
FN:579,(anonymous_27)
FN:586,(anonymous_28)
FN:597,(anonymous_29)
FN:618,(anonymous_30)
FN:633,buildConversationalPromptModifier
FNF:32
FNH:0
FNDA:0,(anonymous_0)
FNDA:0,getAdaptiveTone
FNDA:0,(anonymous_2)
FNDA:0,(anonymous_3)
FNDA:0,(anonymous_4)
FNDA:0,(anonymous_5)
FNDA:0,(anonymous_6)
FNDA:0,(anonymous_7)
FNDA:0,(anonymous_8)
FNDA:0,(anonymous_9)
FNDA:0,(anonymous_10)
FNDA:0,(anonymous_11)
FNDA:0,(anonymous_12)
FNDA:0,(anonymous_13)
FNDA:0,(anonymous_14)
FNDA:0,(anonymous_15)
FNDA:0,(anonymous_16)
FNDA:0,(anonymous_17)
FNDA:0,(anonymous_18)
FNDA:0,(anonymous_19)
FNDA:0,(anonymous_20)
FNDA:0,(anonymous_21)
FNDA:0,(anonymous_22)
FNDA:0,(anonymous_23)
FNDA:0,(anonymous_24)
FNDA:0,(anonymous_25)
FNDA:0,(anonymous_26)
FNDA:0,(anonymous_27)
FNDA:0,(anonymous_28)
FNDA:0,(anonymous_29)
FNDA:0,(anonymous_30)
FNDA:0,buildConversationalPromptModifier
DA:44,0
DA:59,0
DA:67,0
DA:85,0
DA:109,0
DA:131,0
DA:137,0
DA:140,0
DA:141,0
DA:150,0
DA:151,0
DA:160,0
DA:172,0
DA:177,0
DA:180,0
DA:185,0
DA:194,0
DA:195,0
DA:196,0
DA:203,0
DA:204,0
DA:206,0
DA:213,0
DA:221,0
DA:228,0
DA:237,0
DA:245,0
DA:250,0
DA:251,0
DA:255,0
DA:256,0
DA:258,0
DA:260,0
DA:262,0
DA:264,0
DA:266,0
DA:268,0
DA:273,0
DA:274,0
DA:275,0
DA:276,0
DA:283,0
DA:287,0
DA:303,0
DA:306,0
DA:310,0
DA:323,0
DA:327,0
DA:340,0
DA:341,0
DA:345,0
DA:358,0
DA:368,0
DA:384,0
DA:392,0
DA:393,0
DA:399,0
DA:400,0
DA:402,0
DA:403,0
DA:404,0
DA:406,0
DA:407,0
DA:411,0
DA:412,0
DA:413,0
DA:415,0
DA:427,0
DA:469,0
DA:473,0
DA:480,0
DA:490,0
DA:491,0
DA:499,0
DA:508,0
DA:530,0
DA:540,0
DA:546,0
DA:554,0
DA:559,0
DA:562,0
DA:563,0
DA:566,0
DA:567,0
DA:570,0
DA:579,0
DA:580,0
DA:582,0
DA:585,0
DA:586,0
DA:587,0
DA:589,0
DA:591,0
DA:598,0
DA:600,0
DA:615,0
DA:617,0
DA:618,0
DA:619,0
DA:623,0
DA:624,0
DA:625,0
DA:633,0
DA:636,0
DA:638,0
DA:639,0
DA:640,0
DA:641,0
DA:642,0
DA:644,0
DA:645,0
DA:648,0
DA:649,0
DA:652,0
LF:114
LH:0
BRDA:140,0,0,0
BRDA:140,0,1,0
BRDA:140,1,0,0
BRDA:140,1,1,0
BRDA:150,2,0,0
BRDA:150,2,1,0
BRDA:161,3,0,0
BRDA:161,3,1,0
BRDA:164,4,0,0
BRDA:164,4,1,0
BRDA:194,5,0,0
BRDA:194,5,1,0
BRDA:195,6,0,0
BRDA:195,6,1,0
BRDA:203,7,0,0
BRDA:203,7,1,0
BRDA:237,8,0,0
BRDA:237,8,1,0
BRDA:258,9,0,0
BRDA:258,9,1,0
BRDA:258,9,2,0
BRDA:258,9,3,0
BRDA:258,9,4,0
BRDA:273,10,0,0
BRDA:273,10,1,0
BRDA:274,11,0,0
BRDA:274,11,1,0
BRDA:275,12,0,0
BRDA:275,12,1,0
BRDA:290,13,0,0
BRDA:290,13,1,0
BRDA:392,14,0,0
BRDA:392,14,1,0
BRDA:407,15,0,0
BRDA:407,15,1,0
BRDA:473,16,0,0
BRDA:473,16,1,0
BRDA:515,17,0,0
BRDA:515,17,1,0
BRDA:521,18,0,0
BRDA:521,18,1,0
BRDA:530,19,0,0
BRDA:530,19,1,0
BRDA:562,20,0,0
BRDA:562,20,1,0
BRDA:566,21,0,0
BRDA:566,21,1,0
BRDA:618,22,0,0
BRDA:618,22,1,0
BRDA:623,23,0,0
BRDA:623,23,1,0
BRDA:624,24,0,0
BRDA:624,24,1,0
BRDA:644,25,0,0
BRDA:644,25,1,0
BRDA:648,26,0,0
BRDA:648,26,1,0
BRF:57
BRH:0
end_of_record
TN:
SF:server\data-retention.ts
FN:28,isDryRunMode
FN:75,(anonymous_2)
FN:92,(anonymous_3)
FN:102,(anonymous_4)
FN:118,(anonymous_5)
FN:187,(anonymous_6)
FN:214,initializeDataRetention
FN:229,runManualCleanup
FN:258,exportUserData
FN:273,(anonymous_10)
FN:301,deleteAllUserData
FN:348,verifyAdminToken
FN:373,isAdminEndpointEnabled
FNF:13
FNH:0
FNDA:0,isDryRunMode
FNDA:0,(anonymous_2)
FNDA:0,(anonymous_3)
FNDA:0,(anonymous_4)
FNDA:0,(anonymous_5)
FNDA:0,(anonymous_6)
FNDA:0,initializeDataRetention
FNDA:0,runManualCleanup
FNDA:0,exportUserData
FNDA:0,(anonymous_10)
FNDA:0,deleteAllUserData
FNDA:0,verifyAdminToken
FNDA:0,isAdminEndpointEnabled
DA:11,0
DA:12,0
DA:18,0
DA:19,0
DA:28,0
DA:29,0
DA:30,0
DA:33,0
DA:34,0
DA:41,0
DA:67,0
DA:68,0
DA:69,0
DA:76,0
DA:77,0
DA:78,0
DA:81,0
DA:82,0
DA:83,0
DA:84,0
DA:89,0
DA:92,0
DA:93,0
DA:96,0
DA:103,0
DA:104,0
DA:105,0
DA:108,0
DA:109,0
DA:110,0
DA:111,0
DA:119,0
DA:120,0
DA:122,0
DA:125,0
DA:126,0
DA:128,0
DA:129,0
DA:130,0
DA:131,0
DA:133,0
DA:135,0
DA:136,0
DA:137,0
DA:141,0
DA:142,0
DA:143,0
DA:149,0
DA:150,0
DA:151,0
DA:155,0
DA:156,0
DA:157,0
DA:162,0
DA:165,0
DA:166,0
DA:168,0
DA:193,0
DA:208,0
DA:214,0
DA:216,0
DA:218,0
DA:219,0
DA:221,0
DA:229,0
DA:230,0
DA:231,0
DA:258,0
DA:259,0
DA:263,0
DA:265,0
DA:268,0
DA:270,0
DA:273,0
DA:293,0
DA:294,0
DA:301,0
DA:307,0
DA:311,0
DA:312,0
DA:314,0
DA:315,0
DA:317,0
DA:322,0
DA:329,0
DA:330,0
DA:348,0
DA:349,0
DA:352,0
DA:353,0
DA:357,0
DA:358,0
DA:362,0
DA:363,0
DA:366,0
DA:373,0
DA:374,0
LF:97
LH:0
BRDA:33,0,0,0
BRDA:33,0,1,0
BRDA:33,1,0,0
BRDA:33,1,1,0
BRDA:76,2,0,0
BRDA:76,2,1,0
BRDA:103,3,0,0
BRDA:103,3,1,0
BRDA:103,4,0,0
BRDA:103,4,1,0
BRDA:135,5,0,0
BRDA:135,5,1,0
BRDA:149,6,0,0
BRDA:149,6,1,0
BRDA:195,7,0,0
BRDA:195,7,1,0
BRDA:216,8,0,0
BRDA:216,8,1,0
BRDA:218,9,0,0
BRDA:218,9,1,0
BRDA:274,10,0,0
BRDA:274,10,1,0
BRDA:276,11,0,0
BRDA:276,11,1,0
BRDA:278,12,0,0
BRDA:278,12,1,0
BRDA:279,13,0,0
BRDA:279,13,1,0
BRDA:281,14,0,0
BRDA:281,14,1,0
BRDA:285,15,0,0
BRDA:285,15,1,0
BRDA:352,16,0,0
BRDA:352,16,1,0
BRDA:357,17,0,0
BRDA:357,17,1,0
BRF:36
BRH:0
end_of_record
TN:
SF:server\db.ts
FNF:0
FNH:0
DA:1,0
DA:2,0
DA:3,0
DA:5,0
DA:9,0
LF:5
LH:0
BRF:0
BRH:0
end_of_record
TN:
SF:server\encryption.ts
FN:47,encryptData
FN:76,decryptData
FN:114,hashValue
FN:121,isEncrypted
FN:154,encryptReflection
FN:170,decryptReflection
FN:186,redactForLogging
FNF:7
FNH:0
FNDA:0,encryptData
FNDA:0,decryptData
FNDA:0,hashValue
FNDA:0,isEncrypted
FNDA:0,encryptReflection
FNDA:0,decryptReflection
FNDA:0,redactForLogging
DA:6,0
DA:12,0
DA:15,0
DA:16,0
DA:20,0
DA:27,0
DA:29,0
DA:30,0
DA:36,0
DA:47,0
DA:48,0
DA:50,0
DA:52,0
DA:55,0
DA:56,0
DA:59,0
DA:60,0
DA:63,0
DA:66,0
DA:68,0
DA:69,0
DA:76,0
DA:77,0
DA:80,0
DA:81,0
DA:84,0
DA:86,0
DA:87,0
DA:88,0
DA:91,0
DA:92,0
DA:93,0
DA:96,0
DA:97,0
DA:98,0
DA:101,0
DA:102,0
DA:104,0
DA:106,0
DA:107,0
DA:114,0
DA:115,0
DA:121,0
DA:122,0
DA:123,0
DA:154,0
DA:157,0
DA:170,0
DA:173,0
DA:186,0
DA:187,0
DA:189,0
DA:190,0
DA:192,0
LF:54
LH:0
BRDA:15,0,0,0
BRDA:15,0,1,0
BRDA:15,1,0,0
BRDA:15,1,1,0
BRDA:27,2,0,0
BRDA:27,2,1,0
BRDA:29,3,0,0
BRDA:29,3,1,0
BRDA:29,4,0,0
BRDA:29,4,1,0
BRDA:48,5,0,0
BRDA:48,5,1,0
BRDA:77,6,0,0
BRDA:77,6,1,0
BRDA:80,7,0,0
BRDA:80,7,1,0
BRDA:87,8,0,0
BRDA:87,8,1,0
BRDA:122,9,0,0
BRDA:122,9,1,0
BRDA:161,10,0,0
BRDA:161,10,1,0
BRDA:177,11,0,0
BRDA:177,11,1,0
BRDA:187,12,0,0
BRDA:187,12,1,0
BRF:26
BRH:0
end_of_record
TN:
SF:server\failure-language.ts
FN:28,(anonymous_0)
FN:36,(anonymous_1)
FN:48,(anonymous_2)
FN:56,(anonymous_3)
FN:64,(anonymous_4)
FN:72,(anonymous_5)
FN:80,(anonymous_6)
FN:88,(anonymous_7)
FN:96,(anonymous_8)
FN:104,(anonymous_9)
FN:112,(anonymous_10)
FN:125,(anonymous_11)
FN:171,(anonymous_12)
FN:195,(anonymous_13)
FN:200,(anonymous_14)
FN:213,(anonymous_15)
FN:227,(anonymous_16)
FN:239,(anonymous_17)
FN:246,(anonymous_18)
FN:259,(anonymous_19)
FN:266,(anonymous_20)
FN:273,(anonymous_21)
FN:280,(anonymous_22)
FNF:23
FNH:1
FNDA:0,(anonymous_0)
FNDA:4,(anonymous_1)
FNDA:0,(anonymous_2)
FNDA:0,(anonymous_3)
FNDA:0,(anonymous_4)
FNDA:0,(anonymous_5)
FNDA:0,(anonymous_6)
FNDA:0,(anonymous_7)
FNDA:0,(anonymous_8)
FNDA:0,(anonymous_9)
FNDA:0,(anonymous_10)
FNDA:0,(anonymous_11)
FNDA:0,(anonymous_12)
FNDA:0,(anonymous_13)
FNDA:0,(anonymous_14)
FNDA:0,(anonymous_15)
FNDA:0,(anonymous_16)
FNDA:0,(anonymous_17)
FNDA:0,(anonymous_18)
FNDA:0,(anonymous_19)
FNDA:0,(anonymous_20)
FNDA:0,(anonymous_21)
FNDA:0,(anonymous_22)
DA:23,1
DA:29,0
DA:37,4
DA:38,1
DA:41,3
DA:49,0
DA:57,0
DA:65,0
DA:73,0
DA:81,0
DA:89,0
DA:97,0
DA:105,0
DA:113,0
DA:121,1
DA:134,0
DA:135,0
DA:138,0
DA:140,0
DA:143,0
DA:146,0
DA:151,0
DA:156,0
DA:165,1
DA:169,1
DA:176,0
DA:177,0
DA:179,0
DA:182,0
DA:183,0
DA:187,0
DA:188,0
DA:192,0
DA:196,0
DA:197,0
DA:201,0
DA:209,1
DA:214,0
DA:228,0
DA:240,0
DA:247,0
DA:255,1
DA:260,0
DA:267,0
DA:274,0
DA:281,0
DA:289,1
LF:47
LH:10
BRDA:37,0,0,1
BRDA:37,0,1,3
BRDA:37,1,0,4
BRDA:37,1,1,3
BRDA:134,2,0,0
BRDA:134,2,1,0
BRDA:138,3,0,0
BRDA:138,3,1,0
BRDA:138,3,2,0
BRDA:138,3,3,0
BRDA:138,3,4,0
BRDA:146,4,0,0
BRDA:146,4,1,0
BRDA:151,5,0,0
BRDA:151,5,1,0
BRDA:177,6,0,0
BRDA:177,6,1,0
BRDA:182,7,0,0
BRDA:182,7,1,0
BRDA:187,8,0,0
BRDA:187,8,1,0
BRF:21
BRH:4
end_of_record
TN:
SF:server\health.ts
FN:19,isDatabaseConfigured
FN:27,checkDatabaseConnection
FN:34,(anonymous_11)
FN:37,(anonymous_12)
FN:38,(anonymous_13)
FN:87,getHealthStatus
FN:127,registerHealthRoute
FN:128,(anonymous_16)
FNF:8
FNH:0
FNDA:0,isDatabaseConfigured
FNDA:0,checkDatabaseConnection
FNDA:0,(anonymous_11)
FNDA:0,(anonymous_12)
FNDA:0,(anonymous_13)
FNDA:0,getHealthStatus
FNDA:0,registerHealthRoute
FNDA:0,(anonymous_16)
DA:9,0
DA:10,0
DA:20,0
DA:28,0
DA:29,0
DA:32,0
DA:34,0
DA:36,0
DA:37,0
DA:38,0
DA:39,0
DA:40,0
DA:45,0
DA:46,0
DA:48,0
DA:49,0
DA:88,0
DA:89,0
DA:91,0
DA:92,0
DA:93,0
DA:98,0
DA:100,0
DA:127,0
DA:128,0
DA:129,0
DA:130,0
DA:131,0
DA:134,0
DA:150,0
LF:30
LH:0
BRDA:28,0,0,0
BRDA:28,0,1,0
BRDA:89,1,0,0
BRDA:89,1,1,0
BRDA:98,2,0,0
BRDA:98,2,1,0
BRDA:98,3,0,0
BRDA:98,3,1,0
BRDA:103,4,0,0
BRDA:103,4,1,0
BRDA:137,5,0,0
BRDA:137,5,1,0
BRF:12
BRH:0
end_of_record
TN:
SF:server\index.ts
FN:43,isHTTPError
FN:61,setupCors
FN:62,(anonymous_12)
FN:70,(anonymous_13)
FN:95,setupBodyParsing
FN:98,(anonymous_15)
FN:107,setupRequestLogging
FN:108,(anonymous_17)
FN:115,(anonymous_18)
FN:120,(anonymous_19)
FN:148,getAppName
FN:159,serveExpoManifest
FN:181,serveLandingPage
FN:211,configureExpoAndLanding
FN:223,(anonymous_24)
FN:255,setupErrorHandler
FN:260,(anonymous_26)
FN:285,initStripe
FN:321,(anonymous_28)
FN:322,(anonymous_29)
FN:332,(anonymous_30)
FN:379,(anonymous_31)
FN:391,(anonymous_32)
FNF:23
FNH:0
FNDA:0,isHTTPError
FNDA:0,setupCors
FNDA:0,(anonymous_12)
FNDA:0,(anonymous_13)
FNDA:0,setupBodyParsing
FNDA:0,(anonymous_15)
FNDA:0,setupRequestLogging
FNDA:0,(anonymous_17)
FNDA:0,(anonymous_18)
FNDA:0,(anonymous_19)
FNDA:0,getAppName
FNDA:0,serveExpoManifest
FNDA:0,serveLandingPage
FNDA:0,configureExpoAndLanding
FNDA:0,(anonymous_24)
FNDA:0,setupErrorHandler
FNDA:0,(anonymous_26)
FNDA:0,initStripe
FNDA:0,(anonymous_28)
FNDA:0,(anonymous_29)
FNDA:0,(anonymous_30)
FNDA:0,(anonymous_31)
FNDA:0,(anonymous_32)
DA:1,0
DA:3,0
DA:4,0
DA:5,0
DA:10,0
DA:11,0
DA:12,0
DA:13,0
DA:19,0
DA:24,0
DA:25,0
DA:29,0
DA:30,0
DA:44,0
DA:52,0
DA:53,0
DA:62,0
DA:63,0
DA:65,0
DA:66,0
DA:69,0
DA:70,0
DA:71,0
DA:75,0
DA:77,0
DA:78,0
DA:79,0
DA:83,0
DA:84,0
DA:87,0
DA:88,0
DA:91,0
DA:96,0
DA:99,0
DA:104,0
DA:108,0
DA:109,0
DA:110,0
DA:111,0
DA:112,0
DA:114,0
DA:115,0
DA:116,0
DA:117,0
DA:120,0
DA:121,0
DA:123,0
DA:125,0
DA:129,0
DA:133,0
DA:134,0
DA:137,0
DA:138,0
DA:141,0
DA:144,0
DA:149,0
DA:150,0
DA:151,0
DA:152,0
DA:153,0
DA:155,0
DA:160,0
DA:167,0
DA:168,0
DA:173,0
DA:174,0
DA:175,0
DA:177,0
DA:178,0
DA:192,0
DA:193,0
DA:194,0
DA:195,0
DA:196,0
DA:197,0
DA:199,0
DA:200,0
DA:202,0
DA:207,0
DA:208,0
DA:212,0
DA:218,0
DA:219,0
DA:221,0
DA:223,0
DA:224,0
DA:225,0
DA:228,0
DA:229,0
DA:232,0
DA:233,0
DA:234,0
DA:237,0
DA:238,0
DA:246,0
DA:249,0
DA:250,0
DA:252,0
DA:257,0
DA:260,0
DA:263,0
DA:264,0
DA:267,0
DA:270,0
DA:271,0
DA:272,0
DA:274,0
DA:277,0
DA:279,0
DA:280,0
DA:286,0
DA:287,0
DA:288,0
DA:289,0
DA:292,0
DA:293,0
DA:294,0
DA:295,0
DA:297,0
DA:299,0
DA:300,0
DA:301,0
DA:302,0
DA:305,0
DA:306,0
DA:308,0
DA:312,0
DA:315,0
DA:318,0
DA:319,0
DA:321,0
DA:323,0
DA:324,0
DA:327,0
DA:328,0
DA:332,0
DA:334,0
DA:337,0
DA:338,0
DA:340,0
DA:343,0
DA:344,0
DA:347,0
DA:352,0
DA:354,0
DA:357,0
DA:361,0
DA:363,0
DA:365,0
DA:368,0
DA:369,0
DA:370,0
DA:372,0
DA:374,0
DA:376,0
DA:379,0
DA:380,0
DA:381,0
DA:388,0
DA:390,0
DA:391,0
DA:392,0
LF:162
LH:0
BRDA:45,0,0,0
BRDA:45,0,1,0
BRDA:45,0,2,0
BRDA:45,0,3,0
BRDA:65,1,0,0
BRDA:65,1,1,0
BRDA:69,2,0,0
BRDA:69,2,1,0
BRDA:77,3,0,0
BRDA:77,3,1,0
BRDA:77,4,0,0
BRDA:77,4,1,0
BRDA:87,5,0,0
BRDA:87,5,1,0
BRDA:111,6,0,0
BRDA:111,6,1,0
BRDA:121,7,0,0
BRDA:121,7,1,0
BRDA:129,8,0,0
BRDA:129,8,1,0
BRDA:129,8,2,0
BRDA:133,9,0,0
BRDA:133,9,1,0
BRDA:133,10,0,0
BRDA:133,10,1,0
BRDA:137,11,0,0
BRDA:137,11,1,0
BRDA:153,12,0,0
BRDA:153,12,1,0
BRDA:167,13,0,0
BRDA:167,13,1,0
BRDA:193,14,0,0
BRDA:193,14,1,0
BRDA:193,14,2,0
BRDA:195,15,0,0
BRDA:195,15,1,0
BRDA:224,16,0,0
BRDA:224,16,1,0
BRDA:228,17,0,0
BRDA:228,17,1,0
BRDA:228,18,0,0
BRDA:228,18,1,0
BRDA:233,19,0,0
BRDA:233,19,1,0
BRDA:233,20,0,0
BRDA:233,20,1,0
BRDA:233,20,2,0
BRDA:237,21,0,0
BRDA:237,21,1,0
BRDA:263,22,0,0
BRDA:263,22,1,0
BRDA:270,23,0,0
BRDA:270,23,1,0
BRDA:270,23,2,0
BRDA:271,24,0,0
BRDA:271,24,1,0
BRDA:272,25,0,0
BRDA:272,25,1,0
BRDA:279,26,0,0
BRDA:279,26,1,0
BRDA:287,27,0,0
BRDA:287,27,1,0
BRDA:305,28,0,0
BRDA:305,28,1,0
BRDA:312,29,0,0
BRDA:312,29,1,0
BRDA:323,30,0,0
BRDA:323,30,1,0
BRDA:327,31,0,0
BRDA:327,31,1,0
BRDA:380,32,0,0
BRDA:380,32,1,0
BRDA:390,33,0,0
BRDA:390,33,1,0
BRF:74
BRH:0
end_of_record
TN:
SF:server\islamic-content-mapper.ts
FN:90,(anonymous_0)
FN:132,(anonymous_1)
FN:164,(anonymous_2)
FN:199,(anonymous_3)
FN:223,(anonymous_4)
FN:252,(anonymous_5)
FN:273,(anonymous_6)
FN:331,(anonymous_7)
FN:367,(anonymous_8)
FN:375,(anonymous_9)
FN:402,getSimpleReminder
FN:431,getConceptGuidance
FN:432,(anonymous_12)
FN:552,verifyAuthenticity
FN:562,(anonymous_14)
FN:581,(anonymous_15)
FN:597,(anonymous_16)
FN:816,enforceNoVerseAfterCrisis
FN:890,isScholarApproved
FNF:19
FNH:6
FNDA:13,(anonymous_0)
FNDA:13,(anonymous_1)
FNDA:0,(anonymous_2)
FNDA:8,(anonymous_3)
FNDA:13,(anonymous_4)
FNDA:13,(anonymous_5)
FNDA:0,(anonymous_6)
FNDA:0,(anonymous_7)
FNDA:0,(anonymous_8)
FNDA:0,(anonymous_9)
FNDA:0,getSimpleReminder
FNDA:0,getConceptGuidance
FNDA:0,(anonymous_12)
FNDA:0,verifyAuthenticity
FNDA:0,(anonymous_14)
FNDA:0,(anonymous_15)
FNDA:0,(anonymous_16)
FNDA:11,enforceNoVerseAfterCrisis
FNDA:0,isScholarApproved
DA:14,1
DA:56,1
DA:73,1
DA:86,1
DA:100,13
DA:102,13
DA:105,13
DA:108,13
DA:109,0
DA:112,13
DA:115,13
DA:116,13
DA:118,13
DA:136,13
DA:139,13
DA:140,5
DA:144,8
DA:145,0
DA:146,0
DA:147,0
DA:148,0
DA:153,8
DA:154,0
DA:158,8
DA:168,0
DA:171,0
DA:172,0
DA:173,0
DA:174,0
DA:175,0
DA:176,0
DA:177,0
DA:184,0
DA:185,0
DA:186,0
DA:187,0
DA:193,0
DA:202,8
DA:217,8
DA:229,13
DA:230,8
DA:234,5
DA:235,0
DA:239,5
DA:240,2
DA:241,2
DA:242,0
DA:246,5
DA:258,13
DA:259,8
DA:263,5
DA:264,2
DA:267,3
DA:274,0
DA:275,0
DA:278,0
DA:287,0
DA:288,0
DA:289,0
DA:294,0
DA:301,0
DA:302,0
DA:303,0
DA:308,0
DA:316,0
DA:317,0
DA:318,0
DA:322,0
DA:334,0
DA:337,0
DA:338,0
DA:339,0
DA:342,0
DA:343,0
DA:344,0
DA:345,0
DA:349,0
DA:350,0
DA:351,0
DA:352,0
DA:356,0
DA:357,0
DA:358,0
DA:359,0
DA:361,0
DA:370,0
DA:372,0
DA:374,0
DA:376,0
DA:381,0
DA:382,0
DA:387,0
DA:388,0
DA:391,0
DA:402,1
DA:403,0
DA:423,0
DA:431,1
DA:432,0
DA:433,0
DA:434,0
DA:437,0
DA:447,1
DA:499,1
DA:552,1
DA:556,0
DA:558,0
DA:561,0
DA:562,0
DA:565,0
DA:566,0
DA:571,0
DA:578,0
DA:580,0
DA:581,0
DA:584,0
DA:585,0
DA:588,0
DA:596,0
DA:597,0
DA:600,0
DA:605,0
DA:612,0
DA:613,0
DA:620,0
DA:622,0
DA:624,0
DA:625,0
DA:630,0
DA:637,0
DA:651,1
DA:816,1
DA:822,11
DA:823,0
DA:832,11
DA:834,0
DA:835,0
DA:843,0
DA:850,11
DA:851,3
DA:857,8
DA:869,1
DA:890,1
DA:897,0
DA:898,0
DA:901,0
DA:902,0
DA:905,0
DA:906,0
DA:909,0
LF:150
LH:46
BRDA:108,0,0,0
BRDA:108,0,1,13
BRDA:108,1,0,13
BRDA:108,1,1,0
BRDA:139,2,0,5
BRDA:139,2,1,8
BRDA:139,3,0,13
BRDA:139,3,1,12
BRDA:144,4,0,0
BRDA:144,4,1,8
BRDA:144,5,0,8
BRDA:144,5,1,0
BRDA:147,6,0,0
BRDA:147,6,1,0
BRDA:147,7,0,0
BRDA:147,7,1,0
BRDA:153,8,0,0
BRDA:153,8,1,8
BRDA:153,9,0,8
BRDA:153,9,1,0
BRDA:171,10,0,0
BRDA:171,10,1,0
BRDA:171,11,0,0
BRDA:171,11,1,0
BRDA:174,12,0,0
BRDA:174,12,1,0
BRDA:176,13,0,0
BRDA:176,13,1,0
BRDA:184,14,0,0
BRDA:184,14,1,0
BRDA:184,15,0,0
BRDA:184,15,1,0
BRDA:186,16,0,0
BRDA:186,16,1,0
BRDA:217,17,0,8
BRDA:217,17,1,0
BRDA:229,18,0,8
BRDA:229,18,1,5
BRDA:234,19,0,0
BRDA:234,19,1,5
BRDA:239,20,0,2
BRDA:239,20,1,3
BRDA:241,21,0,0
BRDA:241,21,1,2
BRDA:258,22,0,8
BRDA:258,22,1,5
BRDA:263,23,0,2
BRDA:263,23,1,3
BRDA:263,24,0,5
BRDA:263,24,1,3
BRDA:288,25,0,0
BRDA:288,25,1,0
BRDA:302,26,0,0
BRDA:302,26,1,0
BRDA:317,27,0,0
BRDA:317,27,1,0
BRDA:342,28,0,0
BRDA:342,28,1,0
BRDA:349,29,0,0
BRDA:349,29,1,0
BRDA:376,30,0,0
BRDA:376,30,1,0
BRDA:376,30,2,0
BRDA:381,31,0,0
BRDA:381,31,1,0
BRDA:387,32,0,0
BRDA:387,32,1,0
BRDA:424,33,0,0
BRDA:424,33,1,0
BRDA:433,34,0,0
BRDA:433,34,1,0
BRDA:558,35,0,0
BRDA:558,35,1,0
BRDA:565,36,0,0
BRDA:565,36,1,0
BRDA:578,37,0,0
BRDA:578,37,1,0
BRDA:581,38,0,0
BRDA:581,38,1,0
BRDA:584,39,0,0
BRDA:584,39,1,0
BRDA:597,40,0,0
BRDA:597,40,1,0
BRDA:600,41,0,0
BRDA:600,41,1,0
BRDA:601,42,0,0
BRDA:601,42,1,0
BRDA:601,42,2,0
BRDA:620,43,0,0
BRDA:620,43,1,0
BRDA:624,44,0,0
BRDA:624,44,1,0
BRDA:822,45,0,0
BRDA:822,45,1,11
BRDA:822,46,0,11
BRDA:822,46,1,0
BRDA:832,47,0,0
BRDA:832,47,1,11
BRDA:832,48,0,11
BRDA:832,48,1,0
BRDA:834,49,0,0
BRDA:834,49,1,0
BRDA:850,50,0,3
BRDA:850,50,1,8
BRDA:897,51,0,0
BRDA:897,51,1,0
BRDA:901,52,0,0
BRDA:901,52,1,0
BRDA:905,53,0,0
BRDA:905,53,1,0
BRF:110
BRH:29
end_of_record
TN:
SF:server\notificationRoutes.ts
FN:59,(anonymous_0)
FN:113,(anonymous_1)
FN:143,(anonymous_2)
FN:202,(anonymous_3)
FN:254,(anonymous_4)
FN:290,(anonymous_5)
FN:319,(anonymous_6)
FN:326,(anonymous_7)
FN:327,(anonymous_8)
FN:328,(anonymous_9)
FN:356,getAllPushTokens
FN:368,getTokensForUser
FN:386,updateTokenLastUsed
FNF:13
FNH:0
FNDA:0,(anonymous_0)
FNDA:0,(anonymous_1)
FNDA:0,(anonymous_2)
FNDA:0,(anonymous_3)
FNDA:0,(anonymous_4)
FNDA:0,(anonymous_5)
FNDA:0,(anonymous_6)
FNDA:0,(anonymous_7)
FNDA:0,(anonymous_8)
FNDA:0,(anonymous_9)
FNDA:0,getAllPushTokens
FNDA:0,getTokensForUser
FNDA:0,updateTokenLastUsed
DA:7,0
DA:8,0
DA:9,0
DA:17,0
DA:24,0
DA:30,0
DA:37,0
DA:45,0
DA:59,0
DA:60,0
DA:61,0
DA:63,0
DA:64,0
DA:68,0
DA:71,0
DA:74,0
DA:75,0
DA:78,0
DA:82,0
DA:91,0
DA:93,0
DA:97,0
DA:102,0
DA:103,0
DA:113,0
DA:114,0
DA:115,0
DA:117,0
DA:118,0
DA:119,0
DA:122,0
DA:124,0
DA:126,0
DA:131,0
DA:132,0
DA:143,0
DA:144,0
DA:145,0
DA:147,0
DA:148,0
DA:152,0
DA:155,0
DA:157,0
DA:160,0
DA:161,0
DA:164,0
DA:165,0
DA:166,0
DA:167,0
DA:172,0
DA:173,0
DA:176,0
DA:179,0
DA:185,0
DA:190,0
DA:191,0
DA:202,0
DA:203,0
DA:204,0
DA:206,0
DA:207,0
DA:211,0
DA:214,0
DA:216,0
DA:218,0
DA:219,0
DA:224,0
DA:227,0
DA:233,0
DA:237,0
DA:242,0
DA:243,0
DA:254,0
DA:255,0
DA:262,0
DA:264,0
DA:265,0
DA:269,0
DA:272,0
DA:274,0
DA:279,0
DA:280,0
DA:290,0
DA:291,0
DA:292,0
DA:294,0
DA:295,0
DA:296,0
DA:299,0
DA:300,0
DA:302,0
DA:308,0
DA:309,0
DA:319,0
DA:320,0
DA:321,0
DA:323,0
DA:326,0
DA:327,0
DA:328,0
DA:332,0
DA:334,0
DA:335,0
DA:356,0
DA:357,0
DA:368,0
DA:369,0
DA:370,0
DA:371,0
DA:372,0
DA:375,0
DA:386,0
DA:387,0
DA:388,0
DA:389,0
DA:390,0
DA:394,0
LF:117
LH:0
BRDA:63,0,0,0
BRDA:63,0,1,0
BRDA:74,1,0,0
BRDA:74,1,1,0
BRDA:94,2,0,0
BRDA:94,2,1,0
BRDA:117,3,0,0
BRDA:117,3,1,0
BRDA:147,4,0,0
BRDA:147,4,1,0
BRDA:160,5,0,0
BRDA:160,5,1,0
BRDA:160,6,0,0
BRDA:160,6,1,0
BRDA:164,7,0,0
BRDA:164,7,1,0
BRDA:166,8,0,0
BRDA:166,8,1,0
BRDA:172,9,0,0
BRDA:172,9,1,0
BRDA:206,10,0,0
BRDA:206,10,1,0
BRDA:218,11,0,0
BRDA:218,11,1,0
BRDA:262,12,0,0
BRDA:264,13,0,0
BRDA:264,13,1,0
BRDA:264,14,0,0
BRDA:264,14,1,0
BRDA:294,15,0,0
BRDA:294,15,1,0
BRDA:294,16,0,0
BRDA:294,16,1,0
BRDA:371,17,0,0
BRDA:371,17,1,0
BRDA:388,18,0,0
BRDA:388,18,1,0
BRF:37
BRH:0
end_of_record
TN:
SF:server\notifications.ts
FN:127,sendPushNotifications
FN:138,(anonymous_2)
FN:151,(anonymous_3)
FN:206,sendPushNotification
FN:230,sendInactivityReminder
FN:260,sendWeeklyInsightsNotification
FN:282,sendFeatureAnnouncement
FN:303,sendRamadanReminder
FN:335,checkNotificationReceipts
FN:386,isValidPushToken
FN:396,filterValidTokens
FN:397,(anonymous_12)
FNF:12
FNH:0
FNDA:0,sendPushNotifications
FNDA:0,(anonymous_2)
FNDA:0,(anonymous_3)
FNDA:0,sendPushNotification
FNDA:0,sendInactivityReminder
FNDA:0,sendWeeklyInsightsNotification
FNDA:0,sendFeatureAnnouncement
FNDA:0,sendRamadanReminder
FNDA:0,checkNotificationReceipts
FNDA:0,isValidPushToken
FNDA:0,filterValidTokens
FNDA:0,(anonymous_12)
DA:8,0
DA:11,0
DA:47,0
DA:127,0
DA:131,0
DA:138,0
DA:139,0
DA:141,0
DA:142,0
DA:143,0
DA:146,0
DA:147,0
DA:151,0
DA:164,0
DA:167,0
DA:168,0
DA:169,0
DA:172,0
DA:173,0
DA:174,0
DA:176,0
DA:177,0
DA:178,0
DA:183,0
DA:184,0
DA:190,0
DA:194,0
DA:206,0
DA:210,0
DA:211,0
DA:230,0
DA:236,0
DA:237,0
DA:238,0
DA:239,0
DA:241,0
DA:244,0
DA:246,0
DA:260,0
DA:263,0
DA:264,0
DA:266,0
DA:282,0
DA:287,0
DA:303,0
DA:306,0
DA:307,0
DA:309,0
DA:335,0
DA:338,0
DA:340,0
DA:342,0
DA:343,0
DA:344,0
DA:346,0
DA:347,0
DA:349,0
DA:350,0
DA:351,0
DA:352,0
DA:353,0
DA:354,0
DA:358,0
DA:360,0
DA:367,0
DA:373,0
DA:386,0
DA:387,0
DA:396,0
DA:397,0
LF:70
LH:0
BRDA:141,0,0,0
BRDA:141,0,1,0
BRDA:146,1,0,0
BRDA:146,1,1,0
BRDA:153,2,0,0
BRDA:153,2,1,0
BRDA:159,3,0,0
BRDA:159,3,1,0
BRDA:173,4,0,0
BRDA:173,4,1,0
BRDA:177,5,0,0
BRDA:177,5,1,0
BRDA:177,6,0,0
BRDA:177,6,1,0
BRDA:185,7,0,0
BRDA:185,7,1,0
BRDA:236,8,0,0
BRDA:236,8,1,0
BRDA:238,9,0,0
BRDA:238,9,1,0
BRDA:349,10,0,0
BRDA:349,10,1,0
BRDA:351,11,0,0
BRDA:351,11,1,0
BRDA:353,12,0,0
BRDA:353,12,1,0
BRDA:358,13,0,0
BRDA:358,13,1,0
BRDA:368,14,0,0
BRDA:368,14,1,0
BRF:30
BRH:0
end_of_record
TN:
SF:server\pacing-controller.ts
FN:59,(anonymous_0)
FN:118,(anonymous_1)
FN:144,(anonymous_2)
FN:167,(anonymous_3)
FN:174,(anonymous_4)
FN:214,(anonymous_5)
FN:229,(anonymous_6)
FN:244,(anonymous_7)
FN:263,(anonymous_8)
FN:265,(anonymous_9)
FN:284,(anonymous_10)
FN:286,(anonymous_11)
FN:293,(anonymous_12)
FN:334,(anonymous_13)
FN:359,(anonymous_14)
FN:404,(anonymous_15)
FN:420,(anonymous_16)
FN:426,(anonymous_17)
FN:467,transformPressureToInvitation
FN:490,detectPressure
FN:529,calculateSessionDuration
FN:538,formatDuration
FNF:22
FNH:4
FNDA:23,(anonymous_0)
FNDA:0,(anonymous_1)
FNDA:0,(anonymous_2)
FNDA:0,(anonymous_3)
FNDA:0,(anonymous_4)
FNDA:0,(anonymous_5)
FNDA:11,(anonymous_6)
FNDA:15,(anonymous_7)
FNDA:0,(anonymous_8)
FNDA:0,(anonymous_9)
FNDA:0,(anonymous_10)
FNDA:0,(anonymous_11)
FNDA:11,(anonymous_12)
FNDA:0,(anonymous_13)
FNDA:0,(anonymous_14)
FNDA:0,(anonymous_15)
FNDA:0,(anonymous_16)
FNDA:0,(anonymous_17)
FNDA:0,transformPressureToInvitation
FNDA:0,detectPressure
FNDA:0,calculateSessionDuration
FNDA:0,formatDuration
DA:55,1
DA:65,23
DA:66,7
DA:78,16
DA:79,0
DA:91,16
DA:92,12
DA:104,4
DA:122,0
DA:123,0
DA:126,0
DA:127,0
DA:130,0
DA:131,0
DA:134,0
DA:135,0
DA:138,0
DA:146,0
DA:149,0
DA:152,0
DA:153,0
DA:156,0
DA:159,0
DA:161,0
DA:168,0
DA:180,0
DA:181,0
DA:191,0
DA:192,0
DA:202,0
DA:215,0
DA:217,0
DA:218,0
DA:221,0
DA:223,0
DA:234,11
DA:235,0
DA:242,11
DA:243,3
DA:244,15
DA:246,3
DA:247,1
DA:254,10
DA:265,0
DA:268,0
DA:269,0
DA:270,0
DA:271,0
DA:272,0
DA:274,0
DA:278,0
DA:285,0
DA:286,0
DA:294,11
DA:296,11
DA:297,11
DA:299,11
DA:300,3
DA:304,11
DA:305,9
DA:306,9
DA:309,11
DA:310,9
DA:313,11
DA:314,3
DA:317,11
DA:318,3
DA:319,3
DA:322,11
DA:330,1
DA:340,0
DA:343,0
DA:344,0
DA:348,0
DA:349,0
DA:353,0
DA:363,0
DA:370,0
DA:396,0
DA:407,0
DA:410,0
DA:420,0
DA:421,0
DA:425,0
DA:426,0
DA:427,0
DA:431,0
DA:432,0
DA:436,0
DA:447,1
DA:467,1
DA:468,0
DA:479,0
DA:480,0
DA:481,0
DA:484,0
DA:490,1
DA:494,0
DA:507,0
DA:508,0
DA:510,0
DA:511,0
DA:512,0
DA:516,0
DA:529,1
DA:530,0
DA:531,0
DA:532,0
DA:538,1
DA:539,0
DA:540,0
DA:541,0
DA:543,0
DA:544,0
DA:546,0
DA:547,0
DA:550,0
LF:117
LH:36
BRDA:65,0,0,7
BRDA:65,0,1,16
BRDA:65,1,0,23
BRDA:65,1,1,22
BRDA:78,2,0,0
BRDA:78,2,1,16
BRDA:91,3,0,12
BRDA:91,3,1,4
BRDA:122,4,0,0
BRDA:122,4,1,0
BRDA:122,5,0,0
BRDA:122,5,1,0
BRDA:126,6,0,0
BRDA:126,6,1,0
BRDA:130,7,0,0
BRDA:130,7,1,0
BRDA:134,8,0,0
BRDA:134,8,1,0
BRDA:146,9,0,0
BRDA:146,9,1,0
BRDA:149,10,0,0
BRDA:149,10,1,0
BRDA:152,11,0,0
BRDA:152,11,1,0
BRDA:152,12,0,0
BRDA:152,12,1,0
BRDA:156,13,0,0
BRDA:156,13,1,0
BRDA:159,14,0,0
BRDA:159,14,1,0
BRDA:180,15,0,0
BRDA:180,15,1,0
BRDA:180,16,0,0
BRDA:180,16,1,0
BRDA:191,17,0,0
BRDA:191,17,1,0
BRDA:217,18,0,0
BRDA:217,18,1,0
BRDA:234,19,0,0
BRDA:234,19,1,11
BRDA:242,20,0,3
BRDA:242,20,1,8
BRDA:246,21,0,1
BRDA:246,21,1,2
BRDA:271,22,0,0
BRDA:271,22,1,0
BRDA:272,23,0,0
BRDA:272,23,1,0
BRDA:285,24,0,0
BRDA:285,24,1,0
BRDA:299,25,0,3
BRDA:299,25,1,8
BRDA:304,26,0,9
BRDA:304,26,1,2
BRDA:309,27,0,9
BRDA:309,27,1,2
BRDA:313,28,0,3
BRDA:313,28,1,8
BRDA:317,29,0,3
BRDA:317,29,1,8
BRDA:340,30,0,0
BRDA:340,30,1,0
BRDA:343,31,0,0
BRDA:343,31,1,0
BRDA:343,32,0,0
BRDA:343,32,1,0
BRDA:348,33,0,0
BRDA:348,33,1,0
BRDA:363,34,0,0
BRDA:363,34,1,0
BRDA:396,35,0,0
BRDA:396,35,1,0
BRDA:420,36,0,0
BRDA:420,36,1,0
BRDA:426,37,0,0
BRDA:426,37,1,0
BRDA:431,38,0,0
BRDA:431,38,1,0
BRDA:511,39,0,0
BRDA:511,39,1,0
BRDA:539,40,0,0
BRDA:539,40,1,0
BRDA:540,41,0,0
BRDA:540,41,1,0
BRDA:541,42,0,0
BRDA:541,42,1,0
BRDA:546,43,0,0
BRDA:546,43,1,0
BRDA:547,44,0,0
BRDA:547,44,1,0
BRDA:550,45,0,0
BRDA:550,45,1,0
BRDA:550,46,0,0
BRDA:550,46,1,0
BRF:94
BRH:22
end_of_record
TN:
SF:server\returnSummaries.ts
FN:20,generateReturnSummary
FN:31,(anonymous_2)
FN:90,shouldGenerateSummary
FNF:3
FNH:0
FNDA:0,generateReturnSummary
FNDA:0,(anonymous_2)
FNDA:0,shouldGenerateSummary
DA:1,0
DA:15,0
DA:20,0
DA:23,0
DA:24,0
DA:27,0
DA:29,0
DA:32,0
DA:36,0
DA:37,0
DA:76,0
DA:77,0
DA:79,0
DA:85,0
DA:86,0
DA:90,0
DA:94,0
DA:95,0
DA:98,0
DA:99,0
DA:103,0
DA:104,0
LF:22
LH:0
BRDA:23,0,0,0
BRDA:23,0,1,0
BRDA:76,1,0,0
BRDA:76,1,1,0
BRDA:80,2,0,0
BRDA:80,2,1,0
BRDA:81,3,0,0
BRDA:81,3,1,0
BRDA:94,4,0,0
BRDA:94,4,1,0
BRDA:98,5,0,0
BRDA:98,5,1,0
BRDA:104,6,0,0
BRDA:104,6,1,0
BRF:14
BRH:0
end_of_record
TN:
SF:server\routes.ts
FN:61,getOpenAIClient
FN:141,(anonymous_2)
FN:194,registerRoutes
FN:199,(anonymous_4)
FN:229,(anonymous_5)
FN:389,(anonymous_6)
FN:397,(anonymous_7)
FN:474,(anonymous_8)
FN:555,(anonymous_9)
FN:635,(anonymous_10)
FN:663,(anonymous_11)
FN:744,(anonymous_12)
FN:816,(anonymous_13)
FN:831,(anonymous_14)
FN:854,(anonymous_15)
FN:891,(anonymous_16)
FN:922,(anonymous_17)
FN:955,(anonymous_18)
FN:963,(anonymous_19)
FN:964,(anonymous_20)
FN:968,(anonymous_21)
FN:969,(anonymous_22)
FN:970,(anonymous_23)
FN:975,(anonymous_24)
FN:976,(anonymous_25)
FN:977,(anonymous_26)
FN:984,(anonymous_27)
FN:985,(anonymous_28)
FN:986,(anonymous_29)
FN:1009,(anonymous_30)
FN:1054,(anonymous_31)
FN:1055,(anonymous_32)
FN:1057,(anonymous_33)
FN:1058,(anonymous_34)
FN:1059,(anonymous_35)
FN:1082,(anonymous_36)
FN:1141,(anonymous_37)
FN:1226,(anonymous_38)
FN:1261,(anonymous_39)
FNF:39
FNH:0
FNDA:0,getOpenAIClient
FNDA:0,(anonymous_2)
FNDA:0,registerRoutes
FNDA:0,(anonymous_4)
FNDA:0,(anonymous_5)
FNDA:0,(anonymous_6)
FNDA:0,(anonymous_7)
FNDA:0,(anonymous_8)
FNDA:0,(anonymous_9)
FNDA:0,(anonymous_10)
FNDA:0,(anonymous_11)
FNDA:0,(anonymous_12)
FNDA:0,(anonymous_13)
FNDA:0,(anonymous_14)
FNDA:0,(anonymous_15)
FNDA:0,(anonymous_16)
FNDA:0,(anonymous_17)
FNDA:0,(anonymous_18)
FNDA:0,(anonymous_19)
FNDA:0,(anonymous_20)
FNDA:0,(anonymous_21)
FNDA:0,(anonymous_22)
FNDA:0,(anonymous_23)
FNDA:0,(anonymous_24)
FNDA:0,(anonymous_25)
FNDA:0,(anonymous_26)
FNDA:0,(anonymous_27)
FNDA:0,(anonymous_28)
FNDA:0,(anonymous_29)
FNDA:0,(anonymous_30)
FNDA:0,(anonymous_31)
FNDA:0,(anonymous_32)
FNDA:0,(anonymous_33)
FNDA:0,(anonymous_34)
FNDA:0,(anonymous_35)
FNDA:0,(anonymous_36)
FNDA:0,(anonymous_37)
FNDA:0,(anonymous_38)
FNDA:0,(anonymous_39)
DA:2,0
DA:3,0
DA:4,0
DA:5,0
DA:6,0
DA:7,0
DA:15,0
DA:16,0
DA:22,0
DA:31,0
DA:36,0
DA:43,0
DA:44,0
DA:45,0
DA:50,0
DA:55,0
DA:56,0
DA:57,0
DA:60,0
DA:62,0
DA:63,0
DA:65,0
DA:66,0
DA:71,0
DA:74,0
DA:75,0
DA:77,0
DA:96,0
DA:141,0
DA:181,0
DA:194,0
DA:196,0
DA:199,0
DA:200,0
DA:202,0
DA:204,0
DA:211,0
DA:212,0
DA:222,0
DA:229,0
DA:230,0
DA:232,0
DA:233,0
DA:234,0
DA:240,0
DA:243,0
DA:244,0
DA:247,0
DA:251,0
DA:252,0
DA:261,0
DA:262,0
DA:263,0
DA:265,0
DA:268,0
DA:269,0
DA:271,0
DA:272,0
DA:273,0
DA:282,0
DA:295,0
DA:296,0
DA:309,0
DA:310,0
DA:315,0
DA:316,0
DA:318,0
DA:319,0
DA:322,0
DA:324,0
DA:327,0
DA:328,0
DA:330,0
DA:336,0
DA:339,0
DA:340,0
DA:341,0
DA:342,0
DA:346,0
DA:358,0
DA:359,0
DA:362,0
DA:363,0
DA:378,0
DA:391,0
DA:396,0
DA:397,0
DA:400,0
DA:426,0
DA:431,0
DA:434,0
DA:435,0
DA:444,0
DA:446,0
DA:459,0
DA:460,0
DA:465,0
DA:474,0
DA:475,0
DA:477,0
DA:478,0
DA:479,0
DA:486,0
DA:489,0
DA:490,0
DA:492,0
DA:493,0
DA:499,0
DA:500,0
DA:502,0
DA:503,0
DA:505,0
DA:507,0
DA:510,0
DA:511,0
DA:513,0
DA:519,0
DA:522,0
DA:523,0
DA:524,0
DA:525,0
DA:526,0
DA:529,0
DA:532,0
DA:533,0
DA:547,0
DA:557,0
DA:562,0
DA:566,0
DA:594,0
DA:599,0
DA:602,0
DA:603,0
DA:613,0
DA:615,0
DA:630,0
DA:631,0
DA:635,0
DA:636,0
DA:637,0
DA:639,0
DA:640,0
DA:644,0
DA:645,0
DA:647,0
DA:648,0
DA:655,0
DA:665,0
DA:670,0
DA:672,0
DA:694,0
DA:699,0
DA:702,0
DA:703,0
DA:712,0
DA:714,0
DA:726,0
DA:727,0
DA:735,0
DA:744,0
DA:745,0
DA:746,0
DA:748,0
DA:749,0
DA:753,0
DA:754,0
DA:755,0
DA:762,0
DA:764,0
DA:765,0
DA:766,0
DA:768,0
DA:769,0
DA:770,0
DA:771,0
DA:778,0
DA:779,0
DA:781,0
DA:783,0
DA:788,0
DA:789,0
DA:790,0
DA:792,0
DA:803,0
DA:808,0
DA:809,0
DA:816,0
DA:817,0
DA:818,0
DA:820,0
DA:821,0
DA:824,0
DA:825,0
DA:827,0
DA:828,0
DA:831,0
DA:840,0
DA:846,0
DA:847,0
DA:854,0
DA:855,0
DA:856,0
DA:857,0
DA:859,0
DA:860,0
DA:866,0
DA:867,0
DA:873,0
DA:875,0
DA:876,0
DA:882,0
DA:884,0
DA:885,0
DA:891,0
DA:892,0
DA:893,0
DA:895,0
DA:896,0
DA:899,0
DA:900,0
DA:902,0
DA:903,0
DA:906,0
DA:907,0
DA:909,0
DA:915,0
DA:916,0
DA:922,0
DA:923,0
DA:924,0
DA:926,0
DA:927,0
DA:933,0
DA:934,0
DA:936,0
DA:937,0
DA:943,0
DA:945,0
DA:946,0
DA:952,0
DA:954,0
DA:955,0
DA:956,0
DA:957,0
DA:962,0
DA:963,0
DA:964,0
DA:967,0
DA:968,0
DA:969,0
DA:970,0
DA:973,0
DA:976,0
DA:977,0
DA:982,0
DA:985,0
DA:986,0
DA:990,0
DA:991,0
DA:992,0
DA:993,0
DA:994,0
DA:997,0
DA:1002,0
DA:1003,0
DA:1009,0
DA:1010,0
DA:1011,0
DA:1013,0
DA:1014,0
DA:1017,0
DA:1018,0
DA:1020,0
DA:1021,0
DA:1027,0
DA:1029,0
DA:1030,0
DA:1038,0
DA:1040,0
DA:1044,0
DA:1052,0
DA:1053,0
DA:1054,0
DA:1055,0
DA:1056,0
DA:1057,0
DA:1058,0
DA:1059,0
DA:1061,0
DA:1074,0
DA:1084,0
DA:1089,0
DA:1091,0
DA:1112,0
DA:1120,0
DA:1123,0
DA:1125,0
DA:1127,0
DA:1134,0
DA:1135,0
DA:1141,0
DA:1142,0
DA:1143,0
DA:1145,0
DA:1146,0
DA:1149,0
DA:1150,0
DA:1152,0
DA:1153,0
DA:1159,0
DA:1161,0
DA:1166,0
DA:1167,0
DA:1179,0
DA:1226,0
DA:1227,0
DA:1228,0
DA:1229,0
DA:1231,0
DA:1232,0
DA:1235,0
DA:1236,0
DA:1238,0
DA:1239,0
DA:1245,0
DA:1246,0
DA:1248,0
DA:1253,0
DA:1254,0
DA:1261,0
DA:1263,0
DA:1264,0
DA:1271,0
DA:1272,0
DA:1273,0
DA:1279,0
DA:1280,0
DA:1281,0
DA:1282,0
DA:1288,0
DA:1289,0
DA:1296,0
DA:1297,0
LF:343
LH:0
BRDA:62,0,0,0
BRDA:62,0,1,0
BRDA:65,1,0,0
BRDA:65,1,1,0
BRDA:233,2,0,0
BRDA:233,2,1,0
BRDA:243,3,0,0
BRDA:243,3,1,0
BRDA:243,4,0,0
BRDA:243,4,1,0
BRDA:251,5,0,0
BRDA:251,5,1,0
BRDA:262,6,0,0
BRDA:262,6,1,0
BRDA:269,7,0,0
BRDA:269,7,1,0
BRDA:272,8,0,0
BRDA:272,8,1,0
BRDA:295,9,0,0
BRDA:295,9,1,0
BRDA:310,10,0,0
BRDA:310,10,1,0
BRDA:328,11,0,0
BRDA:328,11,1,0
BRDA:336,12,0,0
BRDA:336,12,1,0
BRDA:339,13,0,0
BRDA:339,13,1,0
BRDA:340,14,0,0
BRDA:340,14,1,0
BRDA:341,15,0,0
BRDA:341,15,1,0
BRDA:350,16,0,0
BRDA:350,16,1,0
BRDA:362,17,0,0
BRDA:362,17,1,0
BRDA:382,18,0,0
BRDA:382,18,1,0
BRDA:391,19,0,0
BRDA:391,19,1,0
BRDA:426,20,0,0
BRDA:426,20,1,0
BRDA:434,21,0,0
BRDA:434,21,1,0
BRDA:447,22,0,0
BRDA:447,22,1,0
BRDA:449,23,0,0
BRDA:449,23,1,0
BRDA:451,24,0,0
BRDA:451,24,1,0
BRDA:455,25,0,0
BRDA:455,25,1,0
BRDA:478,26,0,0
BRDA:478,26,1,0
BRDA:489,27,0,0
BRDA:489,27,1,0
BRDA:489,28,0,0
BRDA:489,28,1,0
BRDA:492,29,0,0
BRDA:492,29,1,0
BRDA:511,30,0,0
BRDA:511,30,1,0
BRDA:519,31,0,0
BRDA:519,31,1,0
BRDA:523,32,0,0
BRDA:523,32,1,0
BRDA:524,33,0,0
BRDA:524,33,1,0
BRDA:525,34,0,0
BRDA:525,34,1,0
BRDA:532,35,0,0
BRDA:532,35,1,0
BRDA:540,36,0,0
BRDA:540,36,1,0
BRDA:557,37,0,0
BRDA:557,37,1,0
BRDA:594,38,0,0
BRDA:594,38,1,0
BRDA:602,39,0,0
BRDA:602,39,1,0
BRDA:617,40,0,0
BRDA:617,40,1,0
BRDA:620,41,0,0
BRDA:620,41,1,0
BRDA:623,42,0,0
BRDA:623,42,1,0
BRDA:625,43,0,0
BRDA:625,43,1,0
BRDA:639,44,0,0
BRDA:639,44,1,0
BRDA:644,45,0,0
BRDA:644,45,1,0
BRDA:644,46,0,0
BRDA:644,46,1,0
BRDA:647,47,0,0
BRDA:647,47,1,0
BRDA:665,48,0,0
BRDA:665,48,1,0
BRDA:694,49,0,0
BRDA:694,49,1,0
BRDA:702,50,0,0
BRDA:702,50,1,0
BRDA:715,51,0,0
BRDA:715,51,1,0
BRDA:716,52,0,0
BRDA:716,52,1,0
BRDA:722,53,0,0
BRDA:722,53,1,0
BRDA:723,54,0,0
BRDA:723,54,1,0
BRDA:748,55,0,0
BRDA:748,55,1,0
BRDA:754,56,0,0
BRDA:754,56,1,0
BRDA:768,57,0,0
BRDA:768,57,1,0
BRDA:770,58,0,0
BRDA:770,58,1,0
BRDA:783,59,0,0
BRDA:783,59,1,0
BRDA:783,60,0,0
BRDA:783,60,1,0
BRDA:790,61,0,0
BRDA:790,61,1,0
BRDA:796,62,0,0
BRDA:796,62,1,0
BRDA:805,63,0,0
BRDA:805,63,1,0
BRDA:820,64,0,0
BRDA:820,64,1,0
BRDA:827,65,0,0
BRDA:827,65,1,0
BRDA:835,66,0,0
BRDA:835,66,1,0
BRDA:843,67,0,0
BRDA:843,67,1,0
BRDA:859,68,0,0
BRDA:859,68,1,0
BRDA:866,69,0,0
BRDA:866,69,1,0
BRDA:875,70,0,0
BRDA:875,70,1,0
BRDA:895,71,0,0
BRDA:895,71,1,0
BRDA:902,72,0,0
BRDA:902,72,1,0
BRDA:926,73,0,0
BRDA:926,73,1,0
BRDA:936,74,0,0
BRDA:936,74,1,0
BRDA:945,75,0,0
BRDA:945,75,1,0
BRDA:956,76,0,0
BRDA:956,76,1,0
BRDA:958,77,0,0
BRDA:958,77,1,0
BRDA:970,78,0,0
BRDA:970,78,1,0
BRDA:973,79,0,0
BRDA:973,79,1,0
BRDA:982,80,0,0
BRDA:982,80,1,0
BRDA:991,81,0,0
BRDA:991,81,1,0
BRDA:991,82,0,0
BRDA:991,82,1,0
BRDA:993,83,0,0
BRDA:993,83,1,0
BRDA:998,84,0,0
BRDA:998,84,1,0
BRDA:1013,85,0,0
BRDA:1013,85,1,0
BRDA:1020,86,0,0
BRDA:1020,86,1,0
BRDA:1029,87,0,0
BRDA:1029,87,1,0
BRDA:1040,88,0,0
BRDA:1040,88,1,0
BRDA:1041,89,0,0
BRDA:1041,89,1,0
BRDA:1059,90,0,0
BRDA:1059,90,1,0
BRDA:1062,91,0,0
BRDA:1062,91,1,0
BRDA:1063,92,0,0
BRDA:1063,92,1,0
BRDA:1064,93,0,0
BRDA:1064,93,1,0
BRDA:1084,94,0,0
BRDA:1084,94,1,0
BRDA:1113,95,0,0
BRDA:1113,95,1,0
BRDA:1145,96,0,0
BRDA:1145,96,1,0
BRDA:1152,97,0,0
BRDA:1152,97,1,0
BRDA:1231,98,0,0
BRDA:1231,98,1,0
BRDA:1238,99,0,0
BRDA:1238,99,1,0
BRDA:1245,100,0,0
BRDA:1245,100,1,0
BRDA:1246,101,0,0
BRDA:1246,101,1,0
BRDA:1249,102,0,0
BRDA:1249,102,1,0
BRDA:1263,103,0,0
BRDA:1263,103,1,0
BRDA:1272,104,0,0
BRDA:1272,104,1,0
BRF:210
BRH:0
end_of_record
TN:
SF:server\safety-integration.ts
FN:110,runPreProcessingSafety
FN:203,validateAIOutputSafety
FN:296,buildSafetyGuidance
FN:356,generateCrisisResponse
FN:383,generateRegenerationGuidance
FN:393,(anonymous_5)
FN:403,(anonymous_6)
FN:426,generateLogEntry
FN:445,generateFallbackResponse
FNF:9
FNH:8
FNDA:12,runPreProcessingSafety
FNDA:11,validateAIOutputSafety
FNDA:11,buildSafetyGuidance
FNDA:1,generateCrisisResponse
FNDA:4,generateRegenerationGuidance
FNDA:9,(anonymous_5)
FNDA:4,(anonymous_6)
FNDA:11,generateLogEntry
FNDA:0,generateFallbackResponse
DA:12,1
DA:18,1
DA:24,1
DA:29,1
DA:34,1
DA:39,1
DA:110,1
DA:113,12
DA:116,12
DA:117,12
DA:124,12
DA:125,12
DA:129,1
DA:131,1
DA:146,11
DA:149,11
DA:157,11
DA:158,11
DA:165,11
DA:171,0
DA:175,11
DA:183,11
DA:203,1
DA:214,11
DA:217,11
DA:230,11
DA:231,4
DA:232,13
DA:237,11
DA:238,11
DA:240,11
DA:241,1
DA:242,3
DA:247,11
DA:253,11
DA:257,11
DA:258,1
DA:262,11
DA:266,11
DA:267,4
DA:275,11
DA:277,11
DA:303,11
DA:306,11
DA:307,0
DA:308,0
DA:309,0
DA:310,0
DA:311,0
DA:315,11
DA:316,2
DA:317,2
DA:318,2
DA:319,2
DA:320,2
DA:324,11
DA:325,11
DA:328,11
DA:329,11
DA:332,11
DA:333,11
DA:334,11
DA:335,11
DA:336,11
DA:340,11
DA:341,11
DA:342,11
DA:343,11
DA:344,11
DA:345,11
DA:346,11
DA:347,11
DA:348,11
DA:350,11
DA:357,1
DA:358,1
DA:368,0
DA:369,0
DA:377,0
DA:388,4
DA:390,4
DA:391,2
DA:392,2
DA:393,9
DA:395,9
DA:396,9
DA:400,4
DA:401,2
DA:402,2
DA:403,4
DA:405,4
DA:409,4
DA:410,1
DA:411,1
DA:412,1
DA:416,4
DA:417,1
DA:420,4
DA:431,11
DA:433,11
DA:435,11
DA:445,1
DA:449,0
DA:450,0
DA:453,0
DA:454,0
DA:457,0
DA:458,0
DA:461,0
DA:468,1
LF:110
LH:94
BRDA:116,0,0,12
BRDA:116,0,1,12
BRDA:120,1,0,12
BRDA:120,1,1,12
BRDA:125,2,0,1
BRDA:125,2,1,11
BRDA:126,3,0,12
BRDA:126,3,1,11
BRDA:152,4,0,11
BRDA:152,4,1,11
BRDA:166,5,0,0
BRDA:166,5,1,11
BRDA:176,6,0,0
BRDA:176,6,1,11
BRDA:186,7,0,0
BRDA:186,7,1,11
BRDA:226,8,0,11
BRDA:226,8,1,11
BRDA:230,9,0,4
BRDA:230,9,1,7
BRDA:240,10,0,1
BRDA:240,10,1,10
BRDA:250,11,0,11
BRDA:250,11,1,11
BRDA:257,12,0,1
BRDA:257,12,1,10
BRDA:262,13,0,11
BRDA:262,13,1,7
BRDA:266,14,0,4
BRDA:266,14,1,7
BRDA:278,15,0,11
BRDA:278,15,1,7
BRDA:306,16,0,0
BRDA:306,16,1,11
BRDA:306,17,0,11
BRDA:306,17,1,0
BRDA:315,18,0,2
BRDA:315,18,1,9
BRDA:332,19,0,11
BRDA:332,19,1,0
BRDA:357,20,0,1
BRDA:357,20,1,0
BRDA:368,21,0,0
BRDA:368,21,1,0
BRDA:390,22,0,2
BRDA:390,22,1,2
BRDA:400,23,0,2
BRDA:400,23,1,2
BRDA:409,24,0,1
BRDA:409,24,1,3
BRDA:416,25,0,1
BRDA:416,25,1,3
BRDA:433,26,0,7
BRDA:433,26,1,4
BRDA:449,27,0,0
BRDA:449,27,1,0
BRDA:449,28,0,0
BRDA:449,28,1,0
BRDA:453,29,0,0
BRDA:453,29,1,0
BRDA:457,30,0,0
BRDA:457,30,1,0
BRF:62
BRH:45
end_of_record
TN:
SF:server\safety-telemetry.ts
FN:132,(anonymous_0)
FN:147,(anonymous_1)
FN:151,(anonymous_2)
FN:157,(anonymous_3)
FN:159,(anonymous_4)
FN:168,(anonymous_5)
FN:175,(anonymous_6)
FN:215,(anonymous_7)
FN:231,(anonymous_8)
FN:240,(anonymous_9)
FN:259,(anonymous_10)
FN:263,(anonymous_11)
FN:276,(anonymous_12)
FN:280,(anonymous_13)
FN:285,(anonymous_14)
FN:290,(anonymous_15)
FN:299,(anonymous_16)
FN:307,(anonymous_17)
FN:313,(anonymous_18)
FN:319,(anonymous_19)
FN:321,(anonymous_20)
FN:331,(anonymous_21)
FN:340,(anonymous_22)
FN:348,(anonymous_23)
FN:364,(anonymous_24)
FN:384,(anonymous_25)
FN:436,(anonymous_26)
FN:462,(anonymous_27)
FN:475,(anonymous_28)
FN:479,(anonymous_29)
FN:485,(anonymous_30)
FNF:31
FNH:4
FNDA:14,(anonymous_0)
FNDA:0,(anonymous_1)
FNDA:0,(anonymous_2)
FNDA:0,(anonymous_3)
FNDA:0,(anonymous_4)
FNDA:0,(anonymous_5)
FNDA:0,(anonymous_6)
FNDA:0,(anonymous_7)
FNDA:0,(anonymous_8)
FNDA:1,(anonymous_9)
FNDA:0,(anonymous_10)
FNDA:0,(anonymous_11)
FNDA:0,(anonymous_12)
FNDA:0,(anonymous_13)
FNDA:0,(anonymous_14)
FNDA:0,(anonymous_15)
FNDA:0,(anonymous_16)
FNDA:7,(anonymous_17)
FNDA:0,(anonymous_18)
FNDA:0,(anonymous_19)
FNDA:0,(anonymous_20)
FNDA:7,(anonymous_21)
FNDA:0,(anonymous_22)
FNDA:0,(anonymous_23)
FNDA:0,(anonymous_24)
FNDA:0,(anonymous_25)
FNDA:0,(anonymous_26)
FNDA:0,(anonymous_27)
FNDA:0,(anonymous_28)
FNDA:0,(anonymous_29)
FNDA:0,(anonymous_30)
DA:94,1
DA:95,1
DA:97,1
DA:103,1
DA:104,1
DA:110,1
DA:116,1
DA:126,1
DA:133,14
DA:140,14
DA:141,14
DA:142,14
DA:144,14
DA:148,0
DA:154,0
DA:158,0
DA:159,0
DA:169,0
DA:176,0
DA:177,0
DA:179,0
DA:182,0
DA:189,0
DA:190,0
DA:191,0
DA:193,0
DA:196,0
DA:204,0
DA:205,0
DA:209,0
DA:218,0
DA:219,0
DA:228,0
DA:232,0
DA:233,0
DA:243,1
DA:244,1
DA:246,1
DA:248,1
DA:249,1
DA:251,0
DA:252,0
DA:254,0
DA:255,0
DA:260,0
DA:264,0
DA:265,0
DA:268,0
DA:269,0
DA:277,0
DA:281,0
DA:282,0
DA:286,0
DA:287,0
DA:292,0
DA:293,0
DA:294,0
DA:300,0
DA:308,7
DA:309,7
DA:310,7
DA:314,0
DA:315,0
DA:316,0
DA:320,0
DA:321,0
DA:323,0
DA:324,0
DA:326,0
DA:328,0
DA:332,7
DA:333,7
DA:341,0
DA:362,0
DA:363,0
DA:364,0
DA:368,0
DA:388,0
DA:391,0
DA:392,0
DA:393,0
DA:394,0
DA:402,0
DA:403,0
DA:404,0
DA:411,0
DA:412,0
DA:419,0
DA:423,0
DA:429,0
DA:437,0
DA:438,0
DA:439,0
DA:440,0
DA:446,0
DA:452,0
DA:459,0
DA:463,0
DA:471,1
DA:479,0
DA:480,0
DA:481,0
DA:484,0
DA:485,0
DA:486,0
DA:487,0
DA:491,0
DA:493,0
DA:494,0
LF:109
LH:24
BRDA:133,0,0,14
BRDA:133,0,1,4
BRDA:177,1,0,0
BRDA:177,1,1,0
BRDA:182,2,0,0
BRDA:182,2,1,0
BRDA:204,3,0,0
BRDA:204,3,1,0
BRDA:218,4,0,0
BRDA:218,4,1,0
BRDA:220,5,0,0
BRDA:220,5,1,0
BRDA:233,6,0,0
BRDA:233,6,1,0
BRDA:246,7,0,1
BRDA:246,7,1,0
BRDA:246,7,2,0
BRDA:265,8,0,0
BRDA:265,8,1,0
BRDA:293,9,0,0
BRDA:293,9,1,0
BRDA:323,10,0,0
BRDA:323,10,1,0
BRDA:332,11,0,7
BRDA:332,11,1,0
BRDA:393,12,0,0
BRDA:393,12,1,0
BRDA:403,13,0,0
BRDA:403,13,1,0
BRDA:411,14,0,0
BRDA:411,14,1,0
BRDA:419,15,0,0
BRDA:419,15,1,0
BRDA:420,16,0,0
BRDA:420,16,1,0
BRDA:484,17,0,0
BRDA:484,17,1,0
BRF:37
BRH:4
end_of_record
TN:
SF:server\sentry.ts
FN:38,scrubPii
FN:54,initSentry
FN:69,(anonymous_12)
FN:93,(anonymous_13)
FN:112,isSentryEnabled
FN:129,captureException
FN:135,(anonymous_16)
FN:154,captureMessage
FN:170,hashUserId
FN:177,setUser
FN:192,addBreadcrumb
FN:208,setupSentryErrorHandler
FNF:12
FNH:0
FNDA:0,scrubPii
FNDA:0,initSentry
FNDA:0,(anonymous_12)
FNDA:0,(anonymous_13)
FNDA:0,isSentryEnabled
FNDA:0,captureException
FNDA:0,(anonymous_16)
FNDA:0,captureMessage
FNDA:0,hashUserId
FNDA:0,setUser
FNDA:0,addBreadcrumb
FNDA:0,setupSentryErrorHandler
DA:9,0
DA:10,0
DA:12,0
DA:15,0
DA:39,0
DA:41,0
DA:42,0
DA:43,0
DA:47,0
DA:54,0
DA:55,0
DA:57,0
DA:58,0
DA:59,0
DA:62,0
DA:63,0
DA:71,0
DA:72,0
DA:73,0
DA:74,0
DA:75,0
DA:76,0
DA:77,0
DA:85,0
DA:86,0
DA:89,0
DA:94,0
DA:95,0
DA:97,0
DA:101,0
DA:102,0
DA:104,0
DA:105,0
DA:112,0
DA:113,0
DA:129,0
DA:130,0
DA:131,0
DA:132,0
DA:135,0
DA:136,0
DA:137,0
DA:141,0
DA:142,0
DA:143,0
DA:144,0
DA:147,0
DA:154,0
DA:158,0
DA:159,0
DA:160,0
DA:163,0
DA:171,0
DA:177,0
DA:178,0
DA:179,0
DA:182,0
DA:183,0
DA:185,0
DA:192,0
DA:193,0
DA:194,0
DA:197,0
DA:208,0
DA:211,0
DA:212,0
DA:215,0
LF:67
LH:0
BRDA:39,0,0,0
BRDA:39,0,1,0
BRDA:39,1,0,0
BRDA:39,1,1,0
BRDA:42,2,0,0
BRDA:42,2,1,0
BRDA:57,3,0,0
BRDA:57,3,1,0
BRDA:65,4,0,0
BRDA:65,4,1,0
BRDA:66,5,0,0
BRDA:66,5,1,0
BRDA:71,6,0,0
BRDA:71,6,1,0
BRDA:72,7,0,0
BRDA:72,7,1,0
BRDA:74,8,0,0
BRDA:74,8,1,0
BRDA:85,9,0,0
BRDA:85,9,1,0
BRDA:94,10,0,0
BRDA:94,10,1,0
BRDA:130,11,0,0
BRDA:130,11,1,0
BRDA:131,12,0,0
BRDA:131,12,1,0
BRDA:136,13,0,0
BRDA:136,13,1,0
BRDA:141,14,0,0
BRDA:141,14,1,0
BRDA:156,15,0,0
BRDA:158,16,0,0
BRDA:158,16,1,0
BRDA:178,17,0,0
BRDA:178,17,1,0
BRDA:182,18,0,0
BRDA:182,18,1,0
BRDA:193,19,0,0
BRDA:193,19,1,0
BRDA:199,20,0,0
BRDA:199,20,1,0
BRDA:211,21,0,0
BRDA:211,21,1,0
BRF:43
BRH:0
end_of_record
TN:
SF:server\stateInference.ts
FN:121,inferInnerState
FN:175,getStatePromptModifier
FN:315,detectAssumptionPattern
FN:333,getAssumptionPromptModifier
FNF:4
FNH:0
FNDA:0,inferInnerState
FNDA:0,getStatePromptModifier
FNDA:0,detectAssumptionPattern
FNDA:0,getAssumptionPromptModifier
DA:31,0
DA:121,0
DA:122,0
DA:123,0
DA:126,0
DA:141,0
DA:142,0
DA:143,0
DA:144,0
DA:145,0
DA:150,0
DA:151,0
DA:153,0
DA:154,0
DA:155,0
DA:156,0
DA:160,0
DA:161,0
DA:164,0
DA:165,0
DA:175,0
DA:176,0
DA:242,0
DA:253,0
DA:315,0
DA:316,0
DA:317,0
DA:318,0
DA:321,0
DA:333,0
DA:336,0
DA:337,0
DA:340,0
LF:33
LH:0
BRDA:122,0,0,0
BRDA:122,0,1,0
BRDA:122,1,0,0
BRDA:122,1,1,0
BRDA:142,2,0,0
BRDA:142,2,1,0
BRDA:144,3,0,0
BRDA:144,3,1,0
BRDA:154,4,0,0
BRDA:154,4,1,0
BRDA:160,5,0,0
BRDA:160,5,1,0
BRDA:242,6,0,0
BRDA:242,6,1,0
BRDA:317,7,0,0
BRDA:317,7,1,0
BRDA:336,8,0,0
BRDA:336,8,1,0
BRF:18
BRH:0
end_of_record
TN:
SF:server\storage.ts
FN:15,isCountRow
FN:28,isSessionRow
FN:46,isInsightSummaryRow
FN:59,isAssumptionRow
FN:134,(anonymous_4)
FN:139,(anonymous_5)
FN:161,(anonymous_6)
FN:180,(anonymous_7)
FN:210,(anonymous_8)
FN:239,(anonymous_9)
FN:272,(anonymous_10)
FN:288,(anonymous_11)
FN:306,(anonymous_12)
FN:317,(anonymous_13)
FN:343,(anonymous_14)
FN:367,(anonymous_15)
FN:383,(anonymous_16)
FN:394,(anonymous_17)
FN:410,(anonymous_18)
FN:422,(anonymous_19)
FN:433,(anonymous_20)
FN:443,(anonymous_21)
FN:453,(anonymous_22)
FNF:23
FNH:0
FNDA:0,isCountRow
FNDA:0,isSessionRow
FNDA:0,isInsightSummaryRow
FNDA:0,isAssumptionRow
FNDA:0,(anonymous_4)
FNDA:0,(anonymous_5)
FNDA:0,(anonymous_6)
FNDA:0,(anonymous_7)
FNDA:0,(anonymous_8)
FNDA:0,(anonymous_9)
FNDA:0,(anonymous_10)
FNDA:0,(anonymous_11)
FNDA:0,(anonymous_12)
FNDA:0,(anonymous_13)
FNDA:0,(anonymous_14)
FNDA:0,(anonymous_15)
FNDA:0,(anonymous_16)
FNDA:0,(anonymous_17)
FNDA:0,(anonymous_18)
FNDA:0,(anonymous_19)
FNDA:0,(anonymous_20)
FNDA:0,(anonymous_21)
FNDA:0,(anonymous_22)
DA:1,0
DA:2,0
DA:3,0
DA:16,0
DA:29,0
DA:30,0
DA:31,0
DA:47,0
DA:48,0
DA:49,0
DA:60,0
DA:61,0
DA:62,0
DA:133,0
DA:135,0
DA:136,0
DA:140,0
DA:142,0
DA:143,0
DA:153,0
DA:162,0
DA:167,0
DA:168,0
DA:169,0
DA:171,0
DA:184,0
DA:188,0
DA:189,0
DA:190,0
DA:191,0
DA:192,0
DA:207,0
DA:223,0
DA:228,0
DA:229,0
DA:243,0
DA:246,0
DA:247,0
DA:248,0
DA:249,0
DA:264,0
DA:273,0
DA:276,0
DA:277,0
DA:278,0
DA:280,0
DA:291,0
DA:294,0
DA:295,0
DA:296,0
DA:297,0
DA:299,0
DA:311,0
DA:321,0
DA:325,0
DA:326,0
DA:331,0
DA:344,0
DA:347,0
DA:348,0
DA:349,0
DA:350,0
DA:357,0
DA:368,0
DA:372,0
DA:373,0
DA:374,0
DA:376,0
DA:384,0
DA:388,0
DA:395,0
DA:399,0
DA:400,0
DA:401,0
DA:403,0
DA:411,0
DA:415,0
DA:423,0
DA:427,0
DA:434,0
DA:437,0
DA:444,0
DA:447,0
DA:454,0
DA:457,0
DA:461,0
LF:86
LH:0
BRDA:17,0,0,0
BRDA:17,0,1,0
BRDA:17,0,2,0
BRDA:17,0,3,0
BRDA:17,0,4,0
BRDA:29,1,0,0
BRDA:29,1,1,0
BRDA:29,2,0,0
BRDA:29,2,1,0
BRDA:32,3,0,0
BRDA:32,3,1,0
BRDA:32,3,2,0
BRDA:32,3,3,0
BRDA:32,3,4,0
BRDA:32,3,5,0
BRDA:32,3,6,0
BRDA:32,3,7,0
BRDA:47,4,0,0
BRDA:47,4,1,0
BRDA:47,5,0,0
BRDA:47,5,1,0
BRDA:50,6,0,0
BRDA:50,6,1,0
BRDA:50,6,2,0
BRDA:60,7,0,0
BRDA:60,7,1,0
BRDA:60,8,0,0
BRDA:60,8,1,0
BRDA:63,9,0,0
BRDA:63,9,1,0
BRDA:63,9,2,0
BRDA:142,10,0,0
BRDA:142,10,1,0
BRDA:147,11,0,0
BRDA:147,11,1,0
BRDA:168,12,0,0
BRDA:168,12,1,0
BRDA:168,13,0,0
BRDA:168,13,1,0
BRDA:171,14,0,0
BRDA:171,14,1,0
BRDA:184,15,0,0
BRDA:184,15,1,0
BRDA:191,16,0,0
BRDA:191,16,1,0
BRDA:199,17,0,0
BRDA:199,17,1,0
BRDA:200,18,0,0
BRDA:200,18,1,0
BRDA:201,19,0,0
BRDA:201,19,1,0
BRDA:225,20,0,0
BRDA:225,20,1,0
BRDA:225,21,0,0
BRDA:225,21,1,0
BRDA:225,22,0,0
BRDA:225,22,1,0
BRDA:228,23,0,0
BRDA:228,23,1,0
BRDA:241,24,0,0
BRDA:248,25,0,0
BRDA:248,25,1,0
BRDA:256,26,0,0
BRDA:256,26,1,0
BRDA:257,27,0,0
BRDA:257,27,1,0
BRDA:258,28,0,0
BRDA:258,28,1,0
BRDA:277,29,0,0
BRDA:277,29,1,0
BRDA:277,30,0,0
BRDA:277,30,1,0
BRDA:280,31,0,0
BRDA:280,31,1,0
BRDA:294,32,0,0
BRDA:294,32,1,0
BRDA:296,33,0,0
BRDA:296,33,1,0
BRDA:325,34,0,0
BRDA:325,34,1,0
BRDA:349,35,0,0
BRDA:349,35,1,0
BRDA:373,36,0,0
BRDA:373,36,1,0
BRDA:373,37,0,0
BRDA:373,37,1,0
BRDA:376,38,0,0
BRDA:376,38,1,0
BRDA:388,39,0,0
BRDA:388,39,1,0
BRDA:400,40,0,0
BRDA:400,40,1,0
BRDA:400,41,0,0
BRDA:400,41,1,0
BRDA:403,42,0,0
BRDA:403,42,1,0
BRDA:415,43,0,0
BRDA:415,43,1,0
BRDA:427,44,0,0
BRDA:427,44,1,0
BRDA:437,45,0,0
BRDA:437,45,1,0
BRDA:447,46,0,0
BRDA:447,46,1,0
BRDA:457,47,0,0
BRDA:457,47,1,0
BRF:106
BRH:0
end_of_record
TN:
SF:server\tone-compliance-checker.ts
FN:57,(anonymous_0)
FN:105,(anonymous_1)
FN:128,(anonymous_2)
FN:164,(anonymous_3)
FN:214,(anonymous_4)
FN:249,(anonymous_5)
FN:284,(anonymous_6)
FN:316,(anonymous_7)
FN:340,(anonymous_8)
FN:344,(anonymous_9)
FN:365,(anonymous_10)
FN:399,(anonymous_11)
FN:408,(anonymous_12)
FN:418,(anonymous_13)
FN:445,(anonymous_14)
FN:449,(anonymous_15)
FN:450,(anonymous_16)
FN:451,(anonymous_17)
FN:463,(anonymous_18)
FN:488,(anonymous_19)
FN:498,(anonymous_20)
FN:506,(anonymous_21)
FN:513,(anonymous_22)
FN:520,(anonymous_23)
FN:527,(anonymous_24)
FN:546,(anonymous_25)
FN:554,(anonymous_26)
FN:560,(anonymous_27)
FN:573,checkToneCompliance
FN:580,isToneCompliant
FN:587,getMinimumToneScore
FNF:31
FNH:26
FNDA:23,(anonymous_0)
FNDA:23,(anonymous_1)
FNDA:23,(anonymous_2)
FNDA:23,(anonymous_3)
FNDA:23,(anonymous_4)
FNDA:23,(anonymous_5)
FNDA:23,(anonymous_6)
FNDA:23,(anonymous_7)
FNDA:107,(anonymous_8)
FNDA:130,(anonymous_9)
FNDA:23,(anonymous_10)
FNDA:5,(anonymous_11)
FNDA:11,(anonymous_12)
FNDA:5,(anonymous_13)
FNDA:23,(anonymous_14)
FNDA:15,(anonymous_15)
FNDA:21,(anonymous_16)
FNDA:22,(anonymous_17)
FNDA:23,(anonymous_18)
FNDA:23,(anonymous_19)
FNDA:23,(anonymous_20)
FNDA:17,(anonymous_21)
FNDA:22,(anonymous_22)
FNDA:21,(anonymous_23)
FNDA:22,(anonymous_24)
FNDA:0,(anonymous_25)
FNDA:0,(anonymous_26)
FNDA:0,(anonymous_27)
FNDA:23,checkToneCompliance
FNDA:0,isToneCompliant
FNDA:0,getMinimumToneScore
DA:13,2
DA:53,2
DA:58,23
DA:61,23
DA:64,23
DA:67,23
DA:70,23
DA:73,23
DA:76,23
DA:79,23
DA:82,23
DA:85,23
DA:88,23
DA:91,23
DA:93,23
DA:106,23
DA:107,23
DA:109,23
DA:110,230
DA:111,230
DA:112,5
DA:122,23
DA:129,23
DA:130,23
DA:132,23
DA:144,23
DA:145,138
DA:146,138
DA:147,5
DA:154,5
DA:158,23
DA:165,23
DA:166,23
DA:168,23
DA:195,23
DA:196,115
DA:197,115
DA:198,3
DA:208,23
DA:215,23
DA:216,23
DA:218,23
DA:229,23
DA:230,184
DA:231,184
DA:232,5
DA:243,23
DA:250,23
DA:251,23
DA:253,23
DA:264,23
DA:265,184
DA:266,184
DA:267,2
DA:278,23
DA:285,23
DA:286,23
DA:288,23
DA:297,23
DA:298,138
DA:299,138
DA:300,0
DA:310,23
DA:317,23
DA:318,23
DA:321,23
DA:329,23
DA:340,23
DA:341,107
DA:344,23
DA:345,130
DA:348,23
DA:349,2
DA:359,23
DA:366,23
DA:367,23
DA:369,23
DA:379,23
DA:380,161
DA:381,161
DA:382,1
DA:393,23
DA:402,5
DA:408,11
DA:409,4
DA:412,1
DA:419,5
DA:437,5
DA:449,23
DA:450,23
DA:451,23
DA:453,23
DA:454,18
DA:455,17
DA:456,17
DA:457,3
DA:464,23
DA:466,9
DA:468,9
DA:469,23
DA:471,9
DA:472,9
DA:474,8
DA:475,8
DA:477,6
DA:478,6
DA:482,9
DA:489,23
DA:490,14
DA:495,9
DA:497,9
DA:498,23
DA:500,9
DA:501,2
DA:506,17
DA:507,9
DA:508,3
DA:513,22
DA:514,9
DA:515,2
DA:520,21
DA:521,9
DA:522,3
DA:527,22
DA:528,9
DA:529,1
DA:534,9
DA:535,0
DA:540,9
DA:547,0
DA:548,0
DA:555,0
DA:556,0
DA:559,0
DA:560,0
DA:562,0
DA:573,2
DA:574,23
DA:580,2
DA:581,0
DA:587,2
DA:588,0
LF:142
LH:131
BRDA:111,0,0,5
BRDA:111,0,1,225
BRDA:197,1,0,3
BRDA:197,1,1,112
BRDA:231,2,0,5
BRDA:231,2,1,179
BRDA:266,3,0,2
BRDA:266,3,1,182
BRDA:299,4,0,0
BRDA:299,4,1,138
BRDA:348,5,0,2
BRDA:348,5,1,21
BRDA:348,6,0,23
BRDA:348,6,1,2
BRDA:381,7,0,1
BRDA:381,7,1,160
BRDA:408,8,0,4
BRDA:408,8,1,1
BRDA:438,9,0,5
BRDA:438,9,1,0
BRDA:453,10,0,5
BRDA:453,10,1,18
BRDA:453,11,0,23
BRDA:453,11,1,18
BRDA:454,12,0,1
BRDA:454,12,1,17
BRDA:455,13,0,0
BRDA:455,13,1,17
BRDA:456,14,0,14
BRDA:456,14,1,3
BRDA:464,15,0,14
BRDA:464,15,1,9
BRDA:469,16,0,9
BRDA:469,16,1,8
BRDA:469,16,2,6
BRDA:489,17,0,14
BRDA:489,17,1,9
BRDA:500,18,0,2
BRDA:500,18,1,7
BRDA:507,19,0,3
BRDA:507,19,1,6
BRDA:514,20,0,2
BRDA:514,20,1,7
BRDA:521,21,0,3
BRDA:521,21,1,6
BRDA:528,22,0,1
BRDA:528,22,1,8
BRDA:534,23,0,0
BRDA:534,23,1,9
BRDA:555,24,0,0
BRDA:555,24,1,0
BRF:51
BRH:45
end_of_record
TN:
SF:server\toneClassifier.ts
FN:114,countMarkers
FN:127,getAverageSentenceLength
FN:128,(anonymous_2)
FN:131,(anonymous_3)
FN:137,hasAbstractLanguage
FN:144,(anonymous_5)
FN:147,hasConcreteLanguage
FN:154,(anonymous_7)
FN:157,classifyTone
FN:217,getTonePromptModifier
FNF:10
FNH:0
FNDA:0,countMarkers
FNDA:0,getAverageSentenceLength
FNDA:0,(anonymous_2)
FNDA:0,(anonymous_3)
FNDA:0,hasAbstractLanguage
FNDA:0,(anonymous_5)
FNDA:0,hasConcreteLanguage
FNDA:0,(anonymous_7)
FNDA:0,classifyTone
FNDA:0,getTonePromptModifier
DA:8,0
DA:63,0
DA:115,0
DA:116,0
DA:117,0
DA:118,0
DA:119,0
DA:120,0
DA:121,0
DA:124,0
DA:128,0
DA:129,0
DA:130,0
DA:131,0
DA:134,0
DA:138,0
DA:144,0
DA:148,0
DA:154,0
DA:157,0
DA:161,0
DA:162,0
DA:165,0
DA:166,0
DA:168,0
DA:169,0
DA:171,0
DA:172,0
DA:173,0
DA:174,0
DA:175,0
DA:178,0
DA:179,0
DA:181,0
DA:182,0
DA:185,0
DA:186,0
DA:187,0
DA:188,0
DA:190,0
DA:191,0
DA:192,0
DA:193,0
DA:194,0
DA:195,0
DA:199,0
DA:201,0
DA:202,0
DA:205,0
DA:206,0
DA:208,0
DA:209,0
DA:210,0
DA:211,0
DA:213,0
DA:217,0
DA:218,0
DA:220,0
DA:227,0
DA:235,0
LF:60
LH:0
BRDA:120,0,0,0
BRDA:120,0,1,0
BRDA:129,1,0,0
BRDA:129,1,1,0
BRDA:161,2,0,0
BRDA:161,2,1,0
BRDA:161,3,0,0
BRDA:161,3,1,0
BRDA:172,4,0,0
BRDA:172,4,1,0
BRDA:174,5,0,0
BRDA:174,5,1,0
BRDA:178,6,0,0
BRDA:178,6,1,0
BRDA:181,7,0,0
BRDA:181,7,1,0
BRDA:185,8,0,0
BRDA:185,8,1,0
BRDA:186,9,0,0
BRDA:186,9,1,0
BRDA:190,10,0,0
BRDA:190,10,1,0
BRDA:190,11,0,0
BRDA:190,11,1,0
BRDA:201,12,0,0
BRDA:201,12,1,0
BRDA:208,13,0,0
BRDA:208,13,1,0
BRDA:210,14,0,0
BRDA:210,14,1,0
BRDA:218,15,0,0
BRDA:218,15,1,0
BRDA:218,15,2,0
BRDA:218,15,3,0
BRF:34
BRH:0
end_of_record
TN:
SF:server\billing\index.ts
FN:34,(anonymous_0)
FN:45,(anonymous_1)
FN:53,registerBillingWebhookRoute
FN:61,registerBillingRoutes
FN:63,(anonymous_4)
FN:72,(anonymous_5)
FN:82,(anonymous_6)
FN:93,(anonymous_7)
FN:102,(anonymous_8)
FN:116,getStripeSync
FN:123,(anonymous_10)
FN:124,(anonymous_11)
FNF:12
FNH:0
FNDA:0,(anonymous_0)
FNDA:0,(anonymous_1)
FNDA:0,registerBillingWebhookRoute
FNDA:0,registerBillingRoutes
FNDA:0,(anonymous_4)
FNDA:0,(anonymous_5)
FNDA:0,(anonymous_6)
FNDA:0,(anonymous_7)
FNDA:0,(anonymous_8)
FNDA:0,getStripeSync
FNDA:0,(anonymous_10)
FNDA:0,(anonymous_11)
DA:30,0
DA:35,0
DA:46,0
DA:53,0
DA:55,0
DA:61,0
DA:63,0
DA:64,0
DA:72,0
DA:73,0
DA:80,0
DA:83,0
DA:91,0
DA:94,0
DA:102,0
DA:103,0
DA:110,0
DA:116,0
DA:122,0
DA:123,0
DA:125,0
LF:21
LH:0
BRDA:46,0,0,0
BRDA:46,0,1,0
BRF:2
BRH:0
end_of_record
TN:
SF:server\middleware\auth.ts
FN:23,getSessionSecret
FN:41,signToken
FN:50,verifySignedToken
FN:85,generateSessionToken
FN:89,sessionMiddleware
FN:210,updateSessionEmail
FN:221,requireAuth
FNF:7
FNH:0
FNDA:0,getSessionSecret
FNDA:0,signToken
FNDA:0,verifySignedToken
FNDA:0,generateSessionToken
FNDA:0,sessionMiddleware
FNDA:0,updateSessionEmail
FNDA:0,requireAuth
DA:2,0
DA:3,0
DA:4,0
DA:5,0
DA:6,0
DA:8,0
DA:9,0
DA:24,0
DA:26,0
DA:27,0
DA:31,0
DA:36,0
DA:42,0
DA:43,0
DA:47,0
DA:51,0
DA:52,0
DA:53,0
DA:55,0
DA:56,0
DA:57,0
DA:63,0
DA:64,0
DA:66,0
DA:67,0
DA:70,0
DA:73,0
DA:74,0
DA:75,0
DA:78,0
DA:80,0
DA:81,0
DA:86,0
DA:89,0
DA:94,0
DA:95,0
DA:97,0
DA:98,0
DA:99,0
DA:100,0
DA:105,0
DA:107,0
DA:110,0
DA:115,0
DA:120,0
DA:121,0
DA:122,0
DA:126,0
DA:135,0
DA:137,0
DA:147,0
DA:153,0
DA:156,0
DA:162,0
DA:165,0
DA:166,0
DA:167,0
DA:168,0
DA:172,0
DA:181,0
DA:183,0
DA:193,0
DA:199,0
DA:203,0
DA:210,0
DA:214,0
DA:215,0
DA:221,0
DA:222,0
DA:223,0
DA:225,0
LF:71
LH:0
BRDA:26,0,0,0
BRDA:26,0,1,0
BRDA:26,1,0,0
BRDA:26,1,1,0
BRDA:37,2,0,0
BRDA:37,2,1,0
BRDA:53,3,0,0
BRDA:53,3,1,0
BRDA:66,4,0,0
BRDA:66,4,1,0
BRDA:73,5,0,0
BRDA:73,5,1,0
BRDA:97,6,0,0
BRDA:97,6,1,0
BRDA:99,7,0,0
BRDA:99,7,1,0
BRDA:105,8,0,0
BRDA:105,8,1,0
BRDA:105,9,0,0
BRDA:105,9,1,0
BRDA:107,10,0,0
BRDA:107,10,1,0
BRDA:140,11,0,0
BRDA:140,11,1,0
BRDA:186,12,0,0
BRDA:186,12,1,0
BRDA:222,13,0,0
BRDA:222,13,1,0
BRF:28
BRH:0
end_of_record
TN:
SF:server\middleware\production.ts
FN:27,requestIdMiddleware
FN:62,isRateLimitEnabled
FN:77,getClientIdentifier
FN:92,cleanupExpiredEntries
FN:113,rateLimiterMiddleware
FN:164,getRateLimitStatus
FNF:6
FNH:0
FNDA:0,requestIdMiddleware
FNDA:0,isRateLimitEnabled
FNDA:0,getClientIdentifier
FNDA:0,cleanupExpiredEntries
FNDA:0,rateLimiterMiddleware
FNDA:0,getRateLimitStatus
DA:9,0
DA:27,0
DA:33,0
DA:35,0
DA:36,0
DA:38,0
DA:51,0
DA:54,0
DA:55,0
DA:62,0
DA:63,0
DA:65,0
DA:67,0
DA:71,0
DA:78,0
DA:79,0
DA:80,0
DA:83,0
DA:85,0
DA:93,0
DA:94,0
DA:95,0
DA:96,0
DA:102,0
DA:113,0
DA:119,0
DA:120,0
DA:123,0
DA:124,0
DA:126,0
DA:129,0
DA:130,0
DA:136,0
DA:137,0
DA:140,0
DA:141,0
DA:143,0
DA:144,0
DA:145,0
DA:148,0
DA:149,0
DA:150,0
DA:155,0
DA:158,0
DA:164,0
DA:168,0
LF:46
LH:0
BRDA:33,0,0,0
BRDA:33,0,1,0
BRDA:65,1,0,0
BRDA:65,1,1,0
BRDA:79,2,0,0
BRDA:79,2,1,0
BRDA:80,3,0,0
BRDA:80,3,1,0
BRDA:85,4,0,0
BRDA:85,4,1,0
BRDA:85,4,2,0
BRDA:95,5,0,0
BRDA:95,5,1,0
BRDA:119,6,0,0
BRDA:119,6,1,0
BRDA:129,7,0,0
BRDA:129,7,1,0
BRDA:129,8,0,0
BRDA:129,8,1,0
BRDA:148,9,0,0
BRDA:148,9,1,0
BRF:21
BRH:0
end_of_record
TN:
SF:server\middleware\rate-limit.ts
FN:29,(anonymous_1)
FNF:1
FNH:0
FNDA:0,(anonymous_1)
DA:1,0
DA:14,0
DA:20,0
DA:31,0
DA:39,0
DA:55,0
DA:71,0
DA:86,0
LF:8
LH:0
BRDA:22,0,0,0
BRDA:22,0,1,0
BRDA:41,1,0,0
BRDA:41,1,1,0
BRDA:57,2,0,0
BRDA:57,2,1,0
BRDA:73,3,0,0
BRDA:73,3,1,0
BRDA:88,4,0,0
BRDA:88,4,1,0
BRF:10
BRH:0
end_of_record
TN:
SF:server\utils\promptLoader.ts
FN:10,loadPrompt
FNF:1
FNH:0
FNDA:0,loadPrompt
DA:1,0
DA:2,0
DA:10,0
DA:14,0
DA:15,0
DA:16,0
DA:19,0
DA:20,0
DA:21,0
DA:22,0
DA:26,0
DA:28,0
DA:29,0
LF:13
LH:0
BRDA:19,0,0,0
BRDA:19,0,1,0
BRF:2
BRH:0
end_of_record
